{"created": 1753489149.205653, "duration": 64.71046590805054, "exitcode": 1, "root": "/Users/colinaulds/Desktop/projects/markdown-brain-bot", "environment": {}, "summary": {"passed": 57, "failed": 21, "total": 78, "collected": 78}, "collectors": [{"nodeid": "", "outcome": "passed", "result": [{"nodeid": "tests/unit", "type": "Dir"}, {"nodeid": "tests/integration", "type": "Dir"}, {"nodeid": "tests/performance", "type": "Dir"}]}, {"nodeid": "tests/unit/test_processors.py::TestListProcessor", "outcome": "passed", "result": [{"nodeid": "tests/unit/test_processors.py::TestListProcessor::test_extraction_schemas_valid_json", "type": "Function", "lineno": 14}, {"nodeid": "tests/unit/test_processors.py::TestListProcessor::test_operation_validation", "type": "Coroutine", "lineno": 93}, {"nodeid": "tests/unit/test_processors.py::TestListProcessor::test_confidence_boost_factors", "type": "Function", "lineno": 206}]}, {"nodeid": "tests/unit/test_processors.py::TestTaskProcessor", "outcome": "passed", "result": [{"nodeid": "tests/unit/test_processors.py::TestTaskProcessor::test_extraction_schemas_format", "type": "Function", "lineno": 295}, {"nodeid": "tests/unit/test_processors.py::TestTaskProcessor::test_assignee_validation", "type": "Coroutine", "lineno": 363}, {"nodeid": "tests/unit/test_processors.py::TestTaskProcessor::test_confidence_boost_task_specific", "type": "Function", "lineno": 485}]}, {"nodeid": "tests/unit/test_processors.py::TestFieldReportProcessor", "outcome": "passed", "result": [{"nodeid": "tests/unit/test_processors.py::TestFieldReportProcessor::test_extraction_schemas_enums", "type": "Function", "lineno": 576}, {"nodeid": "tests/unit/test_processors.py::TestFieldReportProcessor::test_site_validation", "type": "Coroutine", "lineno": 638}, {"nodeid": "tests/unit/test_processors.py::TestFieldReportProcessor::test_status_and_type_validation", "type": "Coroutine", "lineno": 759}, {"nodeid": "tests/unit/test_processors.py::TestFieldReportProcessor::test_confidence_boost_field_report_specific", "type": "Function", "lineno": 887}]}, {"nodeid": "tests/unit/test_processors.py::TestProcessorErrorHandling", "outcome": "passed", "result": [{"nodeid": "tests/unit/test_processors.py::TestProcessorErrorHandling::test_database_connection_failure", "type": "Coroutine", "lineno": 993}, {"nodeid": "tests/unit/test_processors.py::TestProcessorErrorHandling::test_malformed_database_response", "type": "Coroutine", "lineno": 1040}, {"nodeid": "tests/unit/test_processors.py::TestProcessorErrorHandling::test_empty_aliases_array", "type": "Coroutine", "lineno": 1115}, {"nodeid": "tests/unit/test_processors.py::TestProcessorErrorHandling::test_database_timeout", "type": "Coroutine", "lineno": 1210}]}, {"nodeid": "tests/unit/test_processors.py", "outcome": "passed", "result": [{"nodeid": "tests/unit/test_processors.py::TestListProcessor", "type": "Class"}, {"nodeid": "tests/unit/test_processors.py::TestTaskProcessor", "type": "Class"}, {"nodeid": "tests/unit/test_processors.py::TestFieldReportProcessor", "type": "Class"}, {"nodeid": "tests/unit/test_processors.py::TestProcessorErrorHandling", "type": "Class"}, {"nodeid": "tests/unit/test_processors.py::test_validation_comprehensive[create-data0-user-False-Missing required fields]", "type": "Coroutine", "lineno": 1293}, {"nodeid": "tests/unit/test_processors.py::test_validation_comprehensive[create-data1-user-True-None]", "type": "Coroutine", "lineno": 1293}, {"nodeid": "tests/unit/test_processors.py::test_validation_comprehensive[delete-data2-user-False-admin privileges]", "type": "Coroutine", "lineno": 1293}, {"nodeid": "tests/unit/test_processors.py::test_validation_comprehensive[delete-data3-admin-True-None]", "type": "Coroutine", "lineno": 1293}, {"nodeid": "tests/unit/test_processors.py::test_validation_comprehensive[delete-data4-admin-False-site-specific]", "type": "Coroutine", "lineno": 1293}, {"nodeid": "tests/unit/test_processors.py::test_validation_comprehensive[delete-data5-admin-True-None]", "type": "Coroutine", "lineno": 1293}, {"nodeid": "tests/unit/test_processors.py::test_validation_comprehensive[delete-data6-admin-False-site-specific]", "type": "Coroutine", "lineno": 1293}, {"nodeid": "tests/unit/test_processors.py::test_validation_comprehensive[delete-data7-admin-False-site-specific]", "type": "Coroutine", "lineno": 1293}, {"nodeid": "tests/unit/test_processors.py::test_validation_comprehensive[create-data8-user-False-Missing required]", "type": "Coroutine", "lineno": 1293}, {"nodeid": "tests/unit/test_processors.py::test_validation_comprehensive[create-data9-user-True-None]", "type": "Coroutine", "lineno": 1293}, {"nodeid": "tests/unit/test_processors.py::test_validation_comprehensive[reassign-data10-user-False-Missing required]", "type": "Coroutine", "lineno": 1293}, {"nodeid": "tests/unit/test_processors.py::test_validation_comprehensive[reassign-data11-user-True-None]", "type": "Coroutine", "lineno": 1293}, {"nodeid": "tests/unit/test_processors.py::test_validation_comprehensive[create-data12-user-False-Missing required]", "type": "Coroutine", "lineno": 1293}, {"nodeid": "tests/unit/test_processors.py::test_validation_comprehensive[create-data13-user-True-None]", "type": "Coroutine", "lineno": 1293}, {"nodeid": "tests/unit/test_processors.py::test_validation_comprehensive[update_status-data14-user-False-Invalid status]", "type": "Coroutine", "lineno": 1293}]}, {"nodeid": "tests/unit/test_router.py::TestEnhancedRouter", "outcome": "passed", "result": [{"nodeid": "tests/unit/test_router.py::TestEnhancedRouter::test_router_semantic_invariants", "type": "Function", "lineno": 20}, {"nodeid": "tests/unit/test_router.py::TestEnhancedRouter::test_operation_semantic_boundaries", "type": "Function", "lineno": 72}, {"nodeid": "tests/unit/test_router.py::TestEnhancedRouter::test_command_precedence_semantics", "type": "Function", "lineno": 94}, {"nodeid": "tests/unit/test_router.py::TestEnhancedRouter::test_context_confidence_modulation", "type": "Function", "lineno": 115}, {"nodeid": "tests/unit/test_router.py::TestEnhancedRouter::test_user_assignment_semantics", "type": "Function", "lineno": 132}, {"nodeid": "tests/unit/test_router.py::TestEnhancedRouter::test_contextual_semantic_enhancement", "type": "Function", "lineno": 157}, {"nodeid": "tests/unit/test_router.py::TestEnhancedRouter::test_interactive_mode_semantics", "type": "Function", "lineno": 177}, {"nodeid": "tests/unit/test_router.py::TestEnhancedRouter::test_ambiguity_confidence_modulation", "type": "Function", "lineno": 189}]}, {"nodeid": "tests/unit/test_router.py::TestSynonymLibrary", "outcome": "passed", "result": [{"nodeid": "tests/unit/test_router.py::TestSynonymLibrary::test_user_resolution_semantics", "type": "Function", "lineno": 202}]}, {"nodeid": "tests/unit/test_router.py::TestConfidenceScorer", "outcome": "passed", "result": [{"nodeid": "tests/unit/test_router.py::TestConfidenceScorer::test_confidence_semantic_boundaries", "type": "Function", "lineno": 229}, {"nodeid": "tests/unit/test_router.py::TestConfidenceScorer::test_confidence_modulation_semantics", "type": "Function", "lineno": 254}, {"nodeid": "tests/unit/test_router.py::TestConfidenceScorer::test_confidence_bounds_invariant", "type": "Function", "lineno": 281}, {"nodeid": "tests/unit/test_router.py::TestConfidenceScorer::test_pattern_matching_semantic_correctness", "type": "Function", "lineno": 302}, {"nodeid": "tests/unit/test_router.py::TestConfidenceScorer::test_word_boundary_semantic_precision", "type": "Function", "lineno": 322}]}, {"nodeid": "tests/unit/test_router.py::TestPreprocessing", "outcome": "passed", "result": [{"nodeid": "tests/unit/test_router.py::TestPreprocessing::test_preprocessing_semantic_extraction", "type": "Function", "lineno": 341}, {"nodeid": "tests/unit/test_router.py::TestPreprocessing::test_preprocessing_routing_integration", "type": "Function", "lineno": 358}, {"nodeid": "tests/unit/test_router.py::TestPreprocessing::test_confidence_component_separation", "type": "Function", "lineno": 374}, {"nodeid": "tests/unit/test_router.py::TestPreprocessing::test_syntax_marker_semantic_removal", "type": "Function", "lineno": 391}]}, {"nodeid": "tests/unit/test_router.py", "outcome": "passed", "result": [{"nodeid": "tests/unit/test_router.py::TestEnhancedRouter", "type": "Class"}, {"nodeid": "tests/unit/test_router.py::TestSynonymLibrary", "type": "Class"}, {"nodeid": "tests/unit/test_router.py::TestConfidenceScorer", "type": "Class"}, {"nodeid": "tests/unit/test_router.py::TestPreprocessing", "type": "Class"}]}, {"nodeid": "tests/unit", "outcome": "passed", "result": [{"nodeid": "tests/unit/test_processors.py", "type": "Module"}, {"nodeid": "tests/unit/test_router.py", "type": "Module"}]}, {"nodeid": "tests/integration/test_document_storage.py", "outcome": "passed", "result": [{"nodeid": "tests/integration/test_document_storage.py::test_document_storage_edge_cases", "type": "Coroutine", "lineno": 28}, {"nodeid": "tests/integration/test_document_storage.py::test_document_chunk_edge_cases", "type": "Coroutine", "lineno": 179}, {"nodeid": "tests/integration/test_document_storage.py::test_document_storage", "type": "Coroutine", "lineno": 260}, {"nodeid": "tests/integration/test_document_storage.py::test_search_edge_cases", "type": "Coroutine", "lineno": 382}]}, {"nodeid": "tests/integration/test_media_storage.py", "outcome": "passed", "result": [{"nodeid": "tests/integration/test_media_storage.py::test_media_storage_edge_cases", "type": "Coroutine", "lineno": 32}, {"nodeid": "tests/integration/test_media_storage.py::test_hash_collision_handling", "type": "Coroutine", "lineno": 229}, {"nodeid": "tests/integration/test_media_storage.py::test_media_storage", "type": "Coroutine", "lineno": 258}, {"nodeid": "tests/integration/test_media_storage.py::test_media_metadata_edge_cases", "type": "Coroutine", "lineno": 371}]}, {"nodeid": "tests/integration/test_rails_integration.py::TestRailsIntegration", "outcome": "passed", "result": [{"nodeid": "tests/integration/test_rails_integration.py::TestRailsIntegration::test_end_to_end_list_routing", "type": "Coroutine", "lineno": 19}, {"nodeid": "tests/integration/test_rails_integration.py::TestRailsIntegration::test_end_to_end_task_routing_with_aliases", "type": "Coroutine", "lineno": 147}, {"nodeid": "tests/integration/test_rails_integration.py::TestRailsIntegration::test_processor_edge_cases", "type": "Coroutine", "lineno": 293}, {"nodeid": "tests/integration/test_rails_integration.py::TestRailsIntegration::test_routing_performance_edge_cases", "type": "Coroutine", "lineno": 393}, {"nodeid": "tests/integration/test_rails_integration.py::TestRailsIntegration::test_field_report_routing_and_validation", "type": "Coroutine", "lineno": 438}, {"nodeid": "tests/integration/test_rails_integration.py::TestRailsIntegration::test_telegram_command_routing", "type": "Function", "lineno": 583}, {"nodeid": "tests/integration/test_rails_integration.py::TestRailsIntegration::test_extraction_schema_integration", "type": "Function", "lineno": 681}]}, {"nodeid": "tests/integration/test_rails_integration.py::TestPerformance", "outcome": "passed", "result": [{"nodeid": "tests/integration/test_rails_integration.py::TestPerformance::test_routing_performance", "type": "Function", "lineno": 815}, {"nodeid": "tests/integration/test_rails_integration.py::TestPerformance::test_concurrent_routing", "type": "Coroutine", "lineno": 904}, {"nodeid": "tests/integration/test_rails_integration.py::TestPerformance::test_router_state_isolation", "type": "Coroutine", "lineno": 1014}, {"nodeid": "tests/integration/test_rails_integration.py::TestPerformance::test_performance_with_many_aliases_behavior", "type": "Function", "lineno": 1125}, {"nodeid": "tests/integration/test_rails_integration.py::TestPerformance::test_database_operation_performance", "type": "Coroutine", "lineno": 1234}, {"nodeid": "tests/integration/test_rails_integration.py::TestPerformance::test_database_failure_edge_cases", "type": "Coroutine", "lineno": 1368}, {"nodeid": "tests/integration/test_rails_integration.py::TestPerformance::test_message_injection_and_security", "type": "Coroutine", "lineno": 1440}, {"nodeid": "tests/integration/test_rails_integration.py::TestPerformance::test_memory_and_resource_limits", "type": "Coroutine", "lineno": 1500}]}, {"nodeid": "tests/integration/test_rails_integration.py", "outcome": "passed", "result": [{"nodeid": "tests/integration/test_rails_integration.py::TestRailsIntegration", "type": "Class"}, {"nodeid": "tests/integration/test_rails_integration.py::TestPerformance", "type": "Class"}]}, {"nodeid": "tests/integration/test_s3_connection.py", "outcome": "passed", "result": [{"nodeid": "tests/integration/test_s3_connection.py::test_s3_connection_edge_cases", "type": "Function", "lineno": 41}, {"nodeid": "tests/integration/test_s3_connection.py::test_s3_credential_edge_cases", "type": "Function", "lineno": 212}, {"nodeid": "tests/integration/test_s3_connection.py::test_s3_connection", "type": "Function", "lineno": 270}, {"nodeid": "tests/integration/test_s3_connection.py::test_s3_network_edge_cases", "type": "Function", "lineno": 359}]}, {"nodeid": "tests/integration/test_storage_integrations.py", "outcome": "passed", "result": []}, {"nodeid": "tests/integration", "outcome": "passed", "result": [{"nodeid": "tests/integration/test_document_storage.py", "type": "Module"}, {"nodeid": "tests/integration/test_media_storage.py", "type": "Module"}, {"nodeid": "tests/integration/test_rails_integration.py", "type": "Module"}, {"nodeid": "tests/integration/test_s3_connection.py", "type": "Module"}, {"nodeid": "tests/integration/test_storage_integrations.py", "type": "Module"}]}, {"nodeid": "tests/performance/test_smart_rails_performance.py::TestSmartRailsPerformance", "outcome": "passed", "result": [{"nodeid": "tests/performance/test_smart_rails_performance.py::TestSmartRailsPerformance::test_routing_speed_requirements", "type": "Function", "lineno": 11}, {"nodeid": "tests/performance/test_smart_rails_performance.py::TestSmartRailsPerformance::test_routing_with_large_alias_set_properties", "type": "Function", "lineno": 148}, {"nodeid": "tests/performance/test_smart_rails_performance.py::TestSmartRailsPerformance::test_confidence_calculation_performance", "type": "Function", "lineno": 426}, {"nodeid": "tests/performance/test_smart_rails_performance.py::TestSmartRailsPerformance::test_regex_compilation_caching", "type": "Function", "lineno": 558}]}, {"nodeid": "tests/performance/test_smart_rails_performance.py", "outcome": "passed", "result": [{"nodeid": "tests/performance/test_smart_rails_performance.py::TestSmartRailsPerformance", "type": "Class"}]}, {"nodeid": "tests/performance", "outcome": "passed", "result": [{"nodeid": "tests/performance/test_smart_rails_performance.py", "type": "Module"}]}], "tests": [{"nodeid": "tests/unit/test_processors.py::TestListProcessor::test_extraction_schemas_valid_json", "lineno": 14, "outcome": "passed", "keywords": ["test_extraction_schemas_valid_json", "TestListProcessor", "test_processors.py", "unit", "tests", "markdown-brain-bot", ""], "setup": {"duration": 0.01813324999999999, "outcome": "passed"}, "call": {"duration": 0.00020412499999999945, "outcome": "passed"}, "teardown": {"duration": 0.00034970800000011515, "outcome": "passed"}}, {"nodeid": "tests/unit/test_processors.py::TestListProcessor::test_operation_validation", "lineno": 93, "outcome": "failed", "keywords": ["test_operation_validation", "asyncio", "pytestmark", "TestListProcessor", "test_processors.py", "unit", "tests", "markdown-brain-bot", ""], "setup": {"duration": 0.0003200409999999376, "outcome": "passed"}, "call": {"duration": 0.0007967500000001237, "outcome": "failed", "crash": {"path": "/Users/colinaulds/Desktop/projects/markdown-brain-bot/tests/unit/test_processors.py", "lineno": 171, "message": "Failed: DID NOT RAISE (<class 'TypeError'>, <class 'AttributeError'>)"}, "traceback": [{"path": "tests/unit/test_processors.py", "lineno": 171, "message": "in test_operation_validation"}], "longrepr": "tests/unit/test_processors.py:171: in test_operation_validation\n    await processor.validate_operation(\"create\", wrong_data, \"user\")\nE   Failed: DID NOT RAISE (<class 'TypeError'>, <class 'AttributeError'>)"}, "teardown": {"duration": 0.0003687080000001064, "outcome": "passed"}}, {"nodeid": "tests/unit/test_processors.py::TestListProcessor::test_confidence_boost_factors", "lineno": 206, "outcome": "failed", "keywords": ["test_confidence_boost_factors", "TestListProcessor", "test_processors.py", "unit", "tests", "markdown-brain-bot", ""], "setup": {"duration": 0.0003560409999998626, "outcome": "passed"}, "call": {"duration": 0.00013787500000006503, "outcome": "failed", "crash": {"path": "/Users/colinaulds/Desktop/projects/markdown-brain-bot/tests/unit/test_processors.py", "lineno": 221, "message": "assert 0.05 >= 0.15"}, "traceback": [{"path": "tests/unit/test_processors.py", "lineno": 221, "message": "in test_confidence_boost_factors"}], "longrepr": "tests/unit/test_processors.py:221: in test_confidence_boost_factors\n    assert boost >= 0.15  # Should have both keyword and comma boost\nE   assert 0.05 >= 0.15"}, "teardown": {"duration": 0.0003083750000001384, "outcome": "passed"}}, {"nodeid": "tests/unit/test_processors.py::TestTaskProcessor::test_extraction_schemas_format", "lineno": 295, "outcome": "passed", "keywords": ["test_extraction_schemas_format", "TestTaskProcessor", "test_processors.py", "unit", "tests", "markdown-brain-bot", ""], "setup": {"duration": 0.00032516699999995957, "outcome": "passed"}, "call": {"duration": 0.0001520420000000744, "outcome": "passed"}, "teardown": {"duration": 0.0002554159999998973, "outcome": "passed"}}, {"nodeid": "tests/unit/test_processors.py::TestTaskProcessor::test_assignee_validation", "lineno": 363, "outcome": "failed", "keywords": ["test_assignee_validation", "asyncio", "pytestmark", "TestTaskProcessor", "test_processors.py", "unit", "tests", "markdown-brain-bot", ""], "setup": {"duration": 0.0003073749999999986, "outcome": "passed"}, "call": {"duration": 0.0008782499999999693, "outcome": "failed", "crash": {"path": "/Users/colinaulds/Desktop/projects/markdown-brain-bot/tests/unit/test_processors.py", "lineno": 411, "message": "Failed: DID NOT RAISE (<class 'ValueError'>, <class 'AttributeError'>, <class 'TypeError'>)"}, "traceback": [{"path": "tests/unit/test_processors.py", "lineno": 411, "message": "in test_assignee_validation"}], "longrepr": "tests/unit/test_processors.py:411: in test_assignee_validation\n    await processor.validate_operation(None, {\"task_title\": \"Test\"}, \"user\")\nE   Failed: DID NOT RAISE (<class 'ValueError'>, <class 'AttributeError'>, <class 'TypeError'>)"}, "teardown": {"duration": 0.00026733300000003624, "outcome": "passed"}}, {"nodeid": "tests/unit/test_processors.py::TestTaskProcessor::test_confidence_boost_task_specific", "lineno": 485, "outcome": "failed", "keywords": ["test_confidence_boost_task_specific", "TestTaskProcessor", "test_processors.py", "unit", "tests", "markdown-brain-bot", ""], "setup": {"duration": 0.00030754099999996676, "outcome": "passed"}, "call": {"duration": 0.0003035419999999345, "outcome": "failed", "crash": {"path": "/Users/colinaulds/Desktop/projects/markdown-brain-bot/tests/unit/test_processors.py", "lineno": 559, "message": "Failed: DID NOT RAISE (<class 'ValueError'>, <class 'KeyError'>, <class 'AttributeError'>)"}, "traceback": [{"path": "tests/unit/test_processors.py", "lineno": 559, "message": "in test_confidence_boost_task_specific"}], "longrepr": "tests/unit/test_processors.py:559: in test_confidence_boost_task_specific\n    processor.get_confidence_boost_factors(\"test\", \"invalid_task_op\")\nE   Failed: DID NOT RAISE (<class 'ValueError'>, <class 'KeyError'>, <class 'AttributeError'>)"}, "teardown": {"duration": 0.00026454200000003425, "outcome": "passed"}}, {"nodeid": "tests/unit/test_processors.py::TestFieldReportProcessor::test_extraction_schemas_enums", "lineno": 576, "outcome": "passed", "keywords": ["test_extraction_schemas_enums", "TestFieldReportProcessor", "test_processors.py", "unit", "tests", "markdown-brain-bot", ""], "setup": {"duration": 0.0002980829999998935, "outcome": "passed"}, "call": {"duration": 0.0001318749999998925, "outcome": "passed"}, "teardown": {"duration": 0.0002419590000000138, "outcome": "passed"}}, {"nodeid": "tests/unit/test_processors.py::TestFieldReportProcessor::test_site_validation", "lineno": 638, "outcome": "failed", "keywords": ["test_site_validation", "asyncio", "pytestmark", "TestFieldReportProcessor", "test_processors.py", "unit", "tests", "markdown-brain-bot", ""], "setup": {"duration": 0.0002987089999999526, "outcome": "passed"}, "call": {"duration": 0.0010799999999999699, "outcome": "failed", "crash": {"path": "/Users/colinaulds/Desktop/projects/markdown-brain-bot/tests/unit/test_processors.py", "lineno": 664, "message": "assert False is True"}, "traceback": [{"path": "tests/unit/test_processors.py", "lineno": 664, "message": "in test_site_validation"}], "log": [{"name": "src.rails.processors.field_report_processor", "msg": "Could not validate site: 'coroutine' object has no attribute 'select'", "args": null, "levelname": "WARNING", "levelno": 30, "pathname": "/Users/colinaulds/Desktop/projects/markdown-brain-bot/src/rails/processors/field_report_processor.py", "filename": "field_report_processor.py", "module": "field_report_processor", "exc_info": null, "exc_text": null, "stack_info": null, "lineno": 106, "funcName": "validate_operation", "created": 1753489085.0746188, "msecs": 74.61881637573242, "relativeCreated": 1015.5537128448486, "thread": 8470454016, "threadName": "MainThread", "processName": "MainProcess", "process": 41256}], "longrepr": "tests/unit/test_processors.py:664: in test_site_validation\n    assert valid is True\nE   assert False is True"}, "teardown": {"duration": 0.0003447500000000048, "outcome": "passed"}}, {"nodeid": "tests/unit/test_processors.py::TestFieldReportProcessor::test_status_and_type_validation", "lineno": 759, "outcome": "failed", "keywords": ["test_status_and_type_validation", "asyncio", "pytestmark", "TestFieldReportProcessor", "test_processors.py", "unit", "tests", "markdown-brain-bot", ""], "setup": {"duration": 0.0012297500000000294, "outcome": "passed"}, "call": {"duration": 0.000565209000000122, "outcome": "failed", "crash": {"path": "/Users/colinaulds/Desktop/projects/markdown-brain-bot/tests/unit/test_processors.py", "lineno": 792, "message": "assert False is True"}, "traceback": [{"path": "tests/unit/test_processors.py", "lineno": 792, "message": "in test_status_and_type_validation"}], "log": [{"name": "src.rails.processors.field_report_processor", "msg": "Could not validate site: 'NoneType' object has no attribute 'table'", "args": null, "levelname": "WARNING", "levelno": 30, "pathname": "/Users/colinaulds/Desktop/projects/markdown-brain-bot/src/rails/processors/field_report_processor.py", "filename": "field_report_processor.py", "module": "field_report_processor", "exc_info": null, "exc_text": null, "stack_info": null, "lineno": 106, "funcName": "validate_operation", "created": 1753489085.087334, "msecs": 87.33391761779785, "relativeCreated": 1028.268814086914, "thread": 8470454016, "threadName": "MainThread", "processName": "MainProcess", "process": 41256}], "longrepr": "tests/unit/test_processors.py:792: in test_status_and_type_validation\n    assert valid is True\nE   assert False is True"}, "teardown": {"duration": 0.00041070799999998187, "outcome": "passed"}}, {"nodeid": "tests/unit/test_processors.py::TestFieldReportProcessor::test_confidence_boost_field_report_specific", "lineno": 887, "outcome": "failed", "keywords": ["test_confidence_boost_field_report_specific", "TestFieldReportProcessor", "test_processors.py", "unit", "tests", "markdown-brain-bot", ""], "setup": {"duration": 0.00037974999999979, "outcome": "passed"}, "call": {"duration": 0.00030812500000010346, "outcome": "failed", "crash": {"path": "/Users/colinaulds/Desktop/projects/markdown-brain-bot/tests/unit/test_processors.py", "lineno": 965, "message": "Failed: DID NOT RAISE (<class 'ValueError'>, <class 'KeyError'>, <class 'AttributeError'>)"}, "traceback": [{"path": "tests/unit/test_processors.py", "lineno": 965, "message": "in test_confidence_boost_field_report_specific"}], "longrepr": "tests/unit/test_processors.py:965: in test_confidence_boost_field_report_specific\n    processor.get_confidence_boost_factors(\"test\", \"invalid_report_op\")\nE   Failed: DID NOT RAISE (<class 'ValueError'>, <class 'KeyError'>, <class 'AttributeError'>)"}, "teardown": {"duration": 0.00038729200000009456, "outcome": "passed"}}, {"nodeid": "tests/unit/test_processors.py::TestProcessorErrorHandling::test_database_connection_failure", "lineno": 993, "outcome": "passed", "keywords": ["test_database_connection_failure", "TestProcessorErrorHandling", "asyncio", "test_processors.py", "unit", "tests", "markdown-brain-bot", ""], "setup": {"duration": 0.00037479199999990165, "outcome": "passed"}, "call": {"duration": 0.0035884999999999945, "outcome": "passed", "log": [{"name": "src.rails.processors.list_processor", "msg": "Could not validate site protection: 'coroutine' object has no attribute 'select'", "args": null, "levelname": "WARNING", "levelno": 30, "pathname": "/Users/colinaulds/Desktop/projects/markdown-brain-bot/src/rails/processors/list_processor.py", "filename": "list_processor.py", "module": "list_processor", "exc_info": null, "exc_text": null, "stack_info": null, "lineno": 125, "funcName": "validate_operation", "created": 1753489085.1293921, "msecs": 129.39214706420898, "relativeCreated": 1070.3270435333252, "thread": 8470454016, "threadName": "MainThread", "processName": "MainProcess", "process": 41256}, {"name": "src.rails.processors.list_processor", "msg": "Could not validate site protection: 'coroutine' object has no attribute 'select'", "args": null, "levelname": "WARNING", "levelno": 30, "pathname": "/Users/colinaulds/Desktop/projects/markdown-brain-bot/src/rails/processors/list_processor.py", "filename": "list_processor.py", "module": "list_processor", "exc_info": null, "exc_text": null, "stack_info": null, "lineno": 125, "funcName": "validate_operation", "created": 1753489085.129866, "msecs": 129.8658847808838, "relativeCreated": 1070.80078125, "thread": 8470454016, "threadName": "MainThread", "processName": "MainProcess", "process": 41256}, {"name": "src.rails.processors.list_processor", "msg": "Could not validate site protection: 'coroutine' object has no attribute 'select'", "args": null, "levelname": "WARNING", "levelno": 30, "pathname": "/Users/colinaulds/Desktop/projects/markdown-brain-bot/src/rails/processors/list_processor.py", "filename": "list_processor.py", "module": "list_processor", "exc_info": null, "exc_text": null, "stack_info": null, "lineno": 125, "funcName": "validate_operation", "created": 1753489085.1302772, "msecs": 130.27715682983398, "relativeCreated": 1071.2120532989502, "thread": 8470454016, "threadName": "MainThread", "processName": "MainProcess", "process": 41256}, {"name": "src.rails.processors.list_processor", "msg": "Could not validate site protection: 'coroutine' object has no attribute 'select'", "args": null, "levelname": "WARNING", "levelno": 30, "pathname": "/Users/colinaulds/Desktop/projects/markdown-brain-bot/src/rails/processors/list_processor.py", "filename": "list_processor.py", "module": "list_processor", "exc_info": null, "exc_text": null, "stack_info": null, "lineno": 125, "funcName": "validate_operation", "created": 1753489085.130629, "msecs": 130.6290626525879, "relativeCreated": 1071.563959121704, "thread": 8470454016, "threadName": "MainThread", "processName": "MainProcess", "process": 41256}, {"name": "src.rails.processors.list_processor", "msg": "Could not validate site protection: 'coroutine' object has no attribute 'select'", "args": null, "levelname": "WARNING", "levelno": 30, "pathname": "/Users/colinaulds/Desktop/projects/markdown-brain-bot/src/rails/processors/list_processor.py", "filename": "list_processor.py", "module": "list_processor", "exc_info": null, "exc_text": null, "stack_info": null, "lineno": 125, "funcName": "validate_operation", "created": 1753489085.1310349, "msecs": 131.03485107421875, "relativeCreated": 1071.969747543335, "thread": 8470454016, "threadName": "MainThread", "processName": "MainProcess", "process": 41256}, {"name": "src.rails.processors.list_processor", "msg": "Could not validate site protection: 'coroutine' object has no attribute 'select'", "args": null, "levelname": "WARNING", "levelno": 30, "pathname": "/Users/colinaulds/Desktop/projects/markdown-brain-bot/src/rails/processors/list_processor.py", "filename": "list_processor.py", "module": "list_processor", "exc_info": null, "exc_text": null, "stack_info": null, "lineno": 125, "funcName": "validate_operation", "created": 1753489085.131382, "msecs": 131.38198852539062, "relativeCreated": 1072.3168849945068, "thread": 8470454016, "threadName": "MainThread", "processName": "MainProcess", "process": 41256}, {"name": "src.rails.processors.list_processor", "msg": "Could not validate site protection: 'coroutine' object has no attribute 'select'", "args": null, "levelname": "WARNING", "levelno": 30, "pathname": "/Users/colinaulds/Desktop/projects/markdown-brain-bot/src/rails/processors/list_processor.py", "filename": "list_processor.py", "module": "list_processor", "exc_info": null, "exc_text": null, "stack_info": null, "lineno": 125, "funcName": "validate_operation", "created": 1753489085.131776, "msecs": 131.7760944366455, "relativeCreated": 1072.7109909057617, "thread": 8470454016, "threadName": "MainThread", "processName": "MainProcess", "process": 41256}, {"name": "src.rails.processors.list_processor", "msg": "Could not validate site protection: 'coroutine' object has no attribute 'select'", "args": null, "levelname": "WARNING", "levelno": 30, "pathname": "/Users/colinaulds/Desktop/projects/markdown-brain-bot/src/rails/processors/list_processor.py", "filename": "list_processor.py", "module": "list_processor", "exc_info": null, "exc_text": null, "stack_info": null, "lineno": 125, "funcName": "validate_operation", "created": 1753489085.1322901, "msecs": 132.29012489318848, "relativeCreated": 1073.2250213623047, "thread": 8470454016, "threadName": "MainThread", "processName": "MainProcess", "process": 41256}]}, "teardown": {"duration": 0.0002781249999999069, "outcome": "passed"}}, {"nodeid": "tests/unit/test_processors.py::TestProcessorErrorHandling::test_malformed_database_response", "lineno": 1040, "outcome": "passed", "keywords": ["test_malformed_database_response", "TestProcessorErrorHandling", "asyncio", "test_processors.py", "unit", "tests", "markdown-brain-bot", ""], "setup": {"duration": 0.0003438749999999935, "outcome": "passed"}, "call": {"duration": 0.012054666999999908, "outcome": "passed", "log": [{"name": "src.rails.processors.task_processor", "msg": "Could not validate assignee: 'coroutine' object has no attribute 'select'", "args": null, "levelname": "WARNING", "levelno": 30, "pathname": "/Users/colinaulds/Desktop/projects/markdown-brain-bot/src/rails/processors/task_processor.py", "filename": "task_processor.py", "module": "task_processor", "exc_info": null, "exc_text": null, "stack_info": null, "lineno": 137, "funcName": "validate_operation", "created": 1753489085.1354089, "msecs": 135.40887832641602, "relativeCreated": 1076.3437747955322, "thread": 8470454016, "threadName": "MainThread", "processName": "MainProcess", "process": 41256}, {"name": "src.rails.processors.task_processor", "msg": "Could not validate assignee: 'coroutine' object has no attribute 'select'", "args": null, "levelname": "WARNING", "levelno": 30, "pathname": "/Users/colinaulds/Desktop/projects/markdown-brain-bot/src/rails/processors/task_processor.py", "filename": "task_processor.py", "module": "task_processor", "exc_info": null, "exc_text": null, "stack_info": null, "lineno": 137, "funcName": "validate_operation", "created": 1753489085.136503, "msecs": 136.5029811859131, "relativeCreated": 1077.4378776550293, "thread": 8470454016, "threadName": "MainThread", "processName": "MainProcess", "process": 41256}, {"name": "src.rails.processors.task_processor", "msg": "Could not validate assignee: 'coroutine' object has no attribute 'select'", "args": null, "levelname": "WARNING", "levelno": 30, "pathname": "/Users/colinaulds/Desktop/projects/markdown-brain-bot/src/rails/processors/task_processor.py", "filename": "task_processor.py", "module": "task_processor", "exc_info": null, "exc_text": null, "stack_info": null, "lineno": 137, "funcName": "validate_operation", "created": 1753489085.1372359, "msecs": 137.2358798980713, "relativeCreated": 1078.1707763671875, "thread": 8470454016, "threadName": "MainThread", "processName": "MainProcess", "process": 41256}, {"name": "src.rails.processors.task_processor", "msg": "Could not validate assignee: 'coroutine' object has no attribute 'select'", "args": null, "levelname": "WARNING", "levelno": 30, "pathname": "/Users/colinaulds/Desktop/projects/markdown-brain-bot/src/rails/processors/task_processor.py", "filename": "task_processor.py", "module": "task_processor", "exc_info": null, "exc_text": null, "stack_info": null, "lineno": 137, "funcName": "validate_operation", "created": 1753489085.137964, "msecs": 137.96401023864746, "relativeCreated": 1078.8989067077637, "thread": 8470454016, "threadName": "MainThread", "processName": "MainProcess", "process": 41256}, {"name": "src.rails.processors.task_processor", "msg": "Could not validate assignee: 'coroutine' object has no attribute 'select'", "args": null, "levelname": "WARNING", "levelno": 30, "pathname": "/Users/colinaulds/Desktop/projects/markdown-brain-bot/src/rails/processors/task_processor.py", "filename": "task_processor.py", "module": "task_processor", "exc_info": null, "exc_text": null, "stack_info": null, "lineno": 137, "funcName": "validate_operation", "created": 1753489085.1387038, "msecs": 138.7038230895996, "relativeCreated": 1079.6387195587158, "thread": 8470454016, "threadName": "MainThread", "processName": "MainProcess", "process": 41256}, {"name": "src.rails.processors.task_processor", "msg": "Could not validate assignee: 'coroutine' object has no attribute 'select'", "args": null, "levelname": "WARNING", "levelno": 30, "pathname": "/Users/colinaulds/Desktop/projects/markdown-brain-bot/src/rails/processors/task_processor.py", "filename": "task_processor.py", "module": "task_processor", "exc_info": null, "exc_text": null, "stack_info": null, "lineno": 137, "funcName": "validate_operation", "created": 1753489085.139731, "msecs": 139.73093032836914, "relativeCreated": 1080.6658267974854, "thread": 8470454016, "threadName": "MainThread", "processName": "MainProcess", "process": 41256}, {"name": "src.rails.processors.task_processor", "msg": "Could not validate assignee: 'coroutine' object has no attribute 'select'", "args": null, "levelname": "WARNING", "levelno": 30, "pathname": "/Users/colinaulds/Desktop/projects/markdown-brain-bot/src/rails/processors/task_processor.py", "filename": "task_processor.py", "module": "task_processor", "exc_info": null, "exc_text": null, "stack_info": null, "lineno": 137, "funcName": "validate_operation", "created": 1753489085.140445, "msecs": 140.44499397277832, "relativeCreated": 1081.3798904418945, "thread": 8470454016, "threadName": "MainThread", "processName": "MainProcess", "process": 41256}, {"name": "src.rails.processors.task_processor", "msg": "Could not validate assignee: 'coroutine' object has no attribute 'select'", "args": null, "levelname": "WARNING", "levelno": 30, "pathname": "/Users/colinaulds/Desktop/projects/markdown-brain-bot/src/rails/processors/task_processor.py", "filename": "task_processor.py", "module": "task_processor", "exc_info": null, "exc_text": null, "stack_info": null, "lineno": 137, "funcName": "validate_operation", "created": 1753489085.141185, "msecs": 141.18504524230957, "relativeCreated": 1082.1199417114258, "thread": 8470454016, "threadName": "MainThread", "processName": "MainProcess", "process": 41256}, {"name": "src.rails.processors.task_processor", "msg": "Could not validate assignee: 'coroutine' object has no attribute 'select'", "args": null, "levelname": "WARNING", "levelno": 30, "pathname": "/Users/colinaulds/Desktop/projects/markdown-brain-bot/src/rails/processors/task_processor.py", "filename": "task_processor.py", "module": "task_processor", "exc_info": null, "exc_text": null, "stack_info": null, "lineno": 137, "funcName": "validate_operation", "created": 1753489085.1419652, "msecs": 141.96515083312988, "relativeCreated": 1082.900047302246, "thread": 8470454016, "threadName": "MainThread", "processName": "MainProcess", "process": 41256}, {"name": "src.rails.processors.task_processor", "msg": "Could not validate assignee: 'coroutine' object has no attribute 'select'", "args": null, "levelname": "WARNING", "levelno": 30, "pathname": "/Users/colinaulds/Desktop/projects/markdown-brain-bot/src/rails/processors/task_processor.py", "filename": "task_processor.py", "module": "task_processor", "exc_info": null, "exc_text": null, "stack_info": null, "lineno": 137, "funcName": "validate_operation", "created": 1753489085.142744, "msecs": 142.7440643310547, "relativeCreated": 1083.678960800171, "thread": 8470454016, "threadName": "MainThread", "processName": "MainProcess", "process": 41256}, {"name": "src.rails.processors.task_processor", "msg": "Could not validate assignee: 'coroutine' object has no attribute 'select'", "args": null, "levelname": "WARNING", "levelno": 30, "pathname": "/Users/colinaulds/Desktop/projects/markdown-brain-bot/src/rails/processors/task_processor.py", "filename": "task_processor.py", "module": "task_processor", "exc_info": null, "exc_text": null, "stack_info": null, "lineno": 137, "funcName": "validate_operation", "created": 1753489085.143518, "msecs": 143.51797103881836, "relativeCreated": 1084.4528675079346, "thread": 8470454016, "threadName": "MainThread", "processName": "MainProcess", "process": 41256}, {"name": "src.rails.processors.task_processor", "msg": "Could not validate assignee: 'coroutine' object has no attribute 'select'", "args": null, "levelname": "WARNING", "levelno": 30, "pathname": "/Users/colinaulds/Desktop/projects/markdown-brain-bot/src/rails/processors/task_processor.py", "filename": "task_processor.py", "module": "task_processor", "exc_info": null, "exc_text": null, "stack_info": null, "lineno": 137, "funcName": "validate_operation", "created": 1753489085.1446478, "msecs": 144.64783668518066, "relativeCreated": 1085.5827331542969, "thread": 8470454016, "threadName": "MainThread", "processName": "MainProcess", "process": 41256}, {"name": "src.rails.processors.task_processor", "msg": "Could not validate assignee: 'coroutine' object has no attribute 'select'", "args": null, "levelname": "WARNING", "levelno": 30, "pathname": "/Users/colinaulds/Desktop/projects/markdown-brain-bot/src/rails/processors/task_processor.py", "filename": "task_processor.py", "module": "task_processor", "exc_info": null, "exc_text": null, "stack_info": null, "lineno": 137, "funcName": "validate_operation", "created": 1753489085.145417, "msecs": 145.4169750213623, "relativeCreated": 1086.3518714904785, "thread": 8470454016, "threadName": "MainThread", "processName": "MainProcess", "process": 41256}, {"name": "src.rails.processors.task_processor", "msg": "Could not validate assignee: 'coroutine' object has no attribute 'select'", "args": null, "levelname": "WARNING", "levelno": 30, "pathname": "/Users/colinaulds/Desktop/projects/markdown-brain-bot/src/rails/processors/task_processor.py", "filename": "task_processor.py", "module": "task_processor", "exc_info": null, "exc_text": null, "stack_info": null, "lineno": 137, "funcName": "validate_operation", "created": 1753489085.1461859, "msecs": 146.18587493896484, "relativeCreated": 1087.120771408081, "thread": 8470454016, "threadName": "MainThread", "processName": "MainProcess", "process": 41256}]}, "teardown": {"duration": 0.00027933400000001996, "outcome": "passed"}}, {"nodeid": "tests/unit/test_processors.py::TestProcessorErrorHandling::test_empty_aliases_array", "lineno": 1115, "outcome": "failed", "keywords": ["test_empty_aliases_array", "TestProcessorErrorHandling", "asyncio", "test_processors.py", "unit", "tests", "markdown-brain-bot", ""], "setup": {"duration": 0.0003334580000000642, "outcome": "passed"}, "call": {"duration": 0.0010303750000000278, "outcome": "failed", "crash": {"path": "/Users/colinaulds/Desktop/projects/markdown-brain-bot/tests/unit/test_processors.py", "lineno": 1138, "message": "assert False is True"}, "traceback": [{"path": "tests/unit/test_processors.py", "lineno": 1138, "message": "in test_empty_aliases_array"}], "log": [{"name": "src.rails.processors.task_processor", "msg": "Could not validate assignee: 'coroutine' object has no attribute 'select'", "args": null, "levelname": "WARNING", "levelno": 30, "pathname": "/Users/colinaulds/Desktop/projects/markdown-brain-bot/src/rails/processors/task_processor.py", "filename": "task_processor.py", "module": "task_processor", "exc_info": null, "exc_text": null, "stack_info": null, "lineno": 137, "funcName": "validate_operation", "created": 1753489085.1490839, "msecs": 149.08385276794434, "relativeCreated": 1090.0187492370605, "thread": 8470454016, "threadName": "MainThread", "processName": "MainProcess", "process": 41256}], "longrepr": "tests/unit/test_processors.py:1138: in test_empty_aliases_array\n    assert valid is True\nE   assert False is True"}, "teardown": {"duration": 0.00029949999999989707, "outcome": "passed"}}, {"nodeid": "tests/unit/test_processors.py::TestProcessorErrorHandling::test_database_timeout", "lineno": 1210, "outcome": "passed", "keywords": ["test_database_timeout", "TestProcessorErrorHandling", "asyncio", "test_processors.py", "unit", "tests", "markdown-brain-bot", ""], "setup": {"duration": 0.00032354099999998276, "outcome": "passed"}, "call": {"duration": 0.003532875000000102, "outcome": "passed", "log": [{"name": "src.rails.processors.field_report_processor", "msg": "Could not validate site: 'coroutine' object has no attribute 'select'", "args": null, "levelname": "WARNING", "levelno": 30, "pathname": "/Users/colinaulds/Desktop/projects/markdown-brain-bot/src/rails/processors/field_report_processor.py", "filename": "field_report_processor.py", "module": "field_report_processor", "exc_info": null, "exc_text": null, "stack_info": null, "lineno": 106, "funcName": "validate_operation", "created": 1753489085.158232, "msecs": 158.2319736480713, "relativeCreated": 1099.1668701171875, "thread": 8470454016, "threadName": "MainThread", "processName": "MainProcess", "process": 41256}, {"name": "src.rails.processors.field_report_processor", "msg": "Could not validate site: 'coroutine' object has no attribute 'select'", "args": null, "levelname": "WARNING", "levelno": 30, "pathname": "/Users/colinaulds/Desktop/projects/markdown-brain-bot/src/rails/processors/field_report_processor.py", "filename": "field_report_processor.py", "module": "field_report_processor", "exc_info": null, "exc_text": null, "stack_info": null, "lineno": 106, "funcName": "validate_operation", "created": 1753489085.159005, "msecs": 159.00492668151855, "relativeCreated": 1099.9398231506348, "thread": 8470454016, "threadName": "MainThread", "processName": "MainProcess", "process": 41256}, {"name": "src.rails.processors.field_report_processor", "msg": "Could not validate site: 'coroutine' object has no attribute 'select'", "args": null, "levelname": "WARNING", "levelno": 30, "pathname": "/Users/colinaulds/Desktop/projects/markdown-brain-bot/src/rails/processors/field_report_processor.py", "filename": "field_report_processor.py", "module": "field_report_processor", "exc_info": null, "exc_text": null, "stack_info": null, "lineno": 106, "funcName": "validate_operation", "created": 1753489085.159443, "msecs": 159.44290161132812, "relativeCreated": 1100.3777980804443, "thread": 8470454016, "threadName": "MainThread", "processName": "MainProcess", "process": 41256}, {"name": "src.rails.processors.field_report_processor", "msg": "Could not validate site: 'coroutine' object has no attribute 'select'", "args": null, "levelname": "WARNING", "levelno": 30, "pathname": "/Users/colinaulds/Desktop/projects/markdown-brain-bot/src/rails/processors/field_report_processor.py", "filename": "field_report_processor.py", "module": "field_report_processor", "exc_info": null, "exc_text": null, "stack_info": null, "lineno": 106, "funcName": "validate_operation", "created": 1753489085.16003, "msecs": 160.02988815307617, "relativeCreated": 1100.9647846221924, "thread": 8470454016, "threadName": "MainThread", "processName": "MainProcess", "process": 41256}, {"name": "src.rails.processors.field_report_processor", "msg": "Could not validate site: 'coroutine' object has no attribute 'select'", "args": null, "levelname": "WARNING", "levelno": 30, "pathname": "/Users/colinaulds/Desktop/projects/markdown-brain-bot/src/rails/processors/field_report_processor.py", "filename": "field_report_processor.py", "module": "field_report_processor", "exc_info": null, "exc_text": null, "stack_info": null, "lineno": 106, "funcName": "validate_operation", "created": 1753489085.160635, "msecs": 160.63499450683594, "relativeCreated": 1101.5698909759521, "thread": 8470454016, "threadName": "MainThread", "processName": "MainProcess", "process": 41256}, {"name": "src.rails.processors.field_report_processor", "msg": "Could not validate site: 'coroutine' object has no attribute 'select'", "args": null, "levelname": "WARNING", "levelno": 30, "pathname": "/Users/colinaulds/Desktop/projects/markdown-brain-bot/src/rails/processors/field_report_processor.py", "filename": "field_report_processor.py", "module": "field_report_processor", "exc_info": null, "exc_text": null, "stack_info": null, "lineno": 106, "funcName": "validate_operation", "created": 1753489085.160864, "msecs": 160.86411476135254, "relativeCreated": 1101.7990112304688, "thread": 8470454016, "threadName": "MainThread", "processName": "MainProcess", "process": 41256}, {"name": "src.rails.processors.field_report_processor", "msg": "Could not validate site: 'coroutine' object has no attribute 'select'", "args": null, "levelname": "WARNING", "levelno": 30, "pathname": "/Users/colinaulds/Desktop/projects/markdown-brain-bot/src/rails/processors/field_report_processor.py", "filename": "field_report_processor.py", "module": "field_report_processor", "exc_info": null, "exc_text": null, "stack_info": null, "lineno": 106, "funcName": "validate_operation", "created": 1753489085.160894, "msecs": 160.89391708374023, "relativeCreated": 1101.8288135528564, "thread": 8470454016, "threadName": "MainThread", "processName": "MainProcess", "process": 41256}, {"name": "src.rails.processors.field_report_processor", "msg": "Could not validate site: 'coroutine' object has no attribute 'select'", "args": null, "levelname": "WARNING", "levelno": 30, "pathname": "/Users/colinaulds/Desktop/projects/markdown-brain-bot/src/rails/processors/field_report_processor.py", "filename": "field_report_processor.py", "module": "field_report_processor", "exc_info": null, "exc_text": null, "stack_info": null, "lineno": 106, "funcName": "validate_operation", "created": 1753489085.160917, "msecs": 160.9170436859131, "relativeCreated": 1101.8519401550293, "thread": 8470454016, "threadName": "MainThread", "processName": "MainProcess", "process": 41256}]}, "teardown": {"duration": 0.0003103330000000515, "outcome": "passed"}}, {"nodeid": "tests/unit/test_processors.py::test_validation_comprehensive[create-data0-user-False-Missing required fields]", "lineno": 1293, "outcome": "passed", "keywords": ["test_validation_comprehensive[create-data0-user-False-Missing required fields]", "parametrize", "pytestmark", "create-data0-user-False-Missing required fields", "asyncio", "test_processors.py", "unit", "tests", "markdown-brain-bot", ""], "setup": {"duration": 0.000430208000000043, "outcome": "passed"}, "call": {"duration": 0.00048650000000005633, "outcome": "passed"}, "teardown": {"duration": 0.00028262500000009183, "outcome": "passed"}}, {"nodeid": "tests/unit/test_processors.py::test_validation_comprehensive[create-data1-user-True-None]", "lineno": 1293, "outcome": "passed", "keywords": ["test_validation_comprehensive[create-data1-user-True-None]", "parametrize", "pytestmark", "create-data1-user-True-None", "asyncio", "test_processors.py", "unit", "tests", "markdown-brain-bot", ""], "setup": {"duration": 0.00038654199999998973, "outcome": "passed"}, "call": {"duration": 0.0007367499999999527, "outcome": "passed"}, "teardown": {"duration": 0.00027645899999995116, "outcome": "passed"}}, {"nodeid": "tests/unit/test_processors.py::test_validation_comprehensive[delete-data2-user-False-admin privileges]", "lineno": 1293, "outcome": "passed", "keywords": ["test_validation_comprehensive[delete-data2-user-False-admin privileges]", "parametrize", "pytestmark", "delete-data2-user-False-admin privileges", "asyncio", "test_processors.py", "unit", "tests", "markdown-brain-bot", ""], "setup": {"duration": 0.00038595799999985303, "outcome": "passed"}, "call": {"duration": 0.0004563750000001754, "outcome": "passed"}, "teardown": {"duration": 0.00027170800000009265, "outcome": "passed"}}, {"nodeid": "tests/unit/test_processors.py::test_validation_comprehensive[delete-data3-admin-True-None]", "lineno": 1293, "outcome": "passed", "keywords": ["test_validation_comprehensive[delete-data3-admin-True-None]", "parametrize", "pytestmark", "delete-data3-admin-True-None", "asyncio", "test_processors.py", "unit", "tests", "markdown-brain-bot", ""], "setup": {"duration": 0.0003765419999999242, "outcome": "passed"}, "call": {"duration": 0.0007587500000001413, "outcome": "passed"}, "teardown": {"duration": 0.0002650829999999438, "outcome": "passed"}}, {"nodeid": "tests/unit/test_processors.py::test_validation_comprehensive[delete-data4-admin-False-site-specific]", "lineno": 1293, "outcome": "passed", "keywords": ["test_validation_comprehensive[delete-data4-admin-False-site-specific]", "parametrize", "pytestmark", "delete-data4-admin-False-site-specific", "asyncio", "test_processors.py", "unit", "tests", "markdown-brain-bot", ""], "setup": {"duration": 0.0003754580000001617, "outcome": "passed"}, "call": {"duration": 0.0010805830000000238, "outcome": "passed"}, "teardown": {"duration": 0.00032262500000013183, "outcome": "passed"}}, {"nodeid": "tests/unit/test_processors.py::test_validation_comprehensive[delete-data5-admin-True-None]", "lineno": 1293, "outcome": "passed", "keywords": ["test_validation_comprehensive[delete-data5-admin-True-None]", "parametrize", "pytestmark", "delete-data5-admin-True-None", "asyncio", "test_processors.py", "unit", "tests", "markdown-brain-bot", ""], "setup": {"duration": 0.0004297079999999731, "outcome": "passed"}, "call": {"duration": 0.0007377079999999481, "outcome": "passed"}, "teardown": {"duration": 0.0002738330000000566, "outcome": "passed"}}, {"nodeid": "tests/unit/test_processors.py::test_validation_comprehensive[delete-data6-admin-False-site-specific]", "lineno": 1293, "outcome": "passed", "keywords": ["test_validation_comprehensive[delete-data6-admin-False-site-specific]", "parametrize", "pytestmark", "delete-data6-admin-False-site-specific", "asyncio", "test_processors.py", "unit", "tests", "markdown-brain-bot", ""], "setup": {"duration": 0.00039308299999984975, "outcome": "passed"}, "call": {"duration": 0.0007232500000000641, "outcome": "passed"}, "teardown": {"duration": 0.00026687499999988873, "outcome": "passed"}}, {"nodeid": "tests/unit/test_processors.py::test_validation_comprehensive[delete-data7-admin-False-site-specific]", "lineno": 1293, "outcome": "passed", "keywords": ["test_validation_comprehensive[delete-data7-admin-False-site-specific]", "parametrize", "pytestmark", "delete-data7-admin-False-site-specific", "asyncio", "test_processors.py", "unit", "tests", "markdown-brain-bot", ""], "setup": {"duration": 0.0003885409999999645, "outcome": "passed"}, "call": {"duration": 0.0007281249999999684, "outcome": "passed"}, "teardown": {"duration": 0.00026408300000002605, "outcome": "passed"}}, {"nodeid": "tests/unit/test_processors.py::test_validation_comprehensive[create-data8-user-False-Missing required]", "lineno": 1293, "outcome": "failed", "keywords": ["test_validation_comprehensive[create-data8-user-False-Missing required]", "parametrize", "pytestmark", "create-data8-user-False-Missing required", "asyncio", "test_processors.py", "unit", "tests", "markdown-brain-bot", ""], "setup": {"duration": 0.0003824159999998855, "outcome": "passed"}, "call": {"duration": 0.0005147920000001527, "outcome": "failed", "crash": {"path": "/Users/colinaulds/Desktop/projects/markdown-brain-bot/tests/unit/test_processors.py", "lineno": 1416, "message": "assert True == False"}, "traceback": [{"path": "tests/unit/test_processors.py", "lineno": 1416, "message": "in test_validation_comprehensive"}], "longrepr": "tests/unit/test_processors.py:1416: in test_validation_comprehensive\n    assert valid == should_pass\nE   assert True == False"}, "teardown": {"duration": 0.00036400000000003097, "outcome": "passed"}}, {"nodeid": "tests/unit/test_processors.py::test_validation_comprehensive[create-data9-user-True-None]", "lineno": 1293, "outcome": "passed", "keywords": ["test_validation_comprehensive[create-data9-user-True-None]", "parametrize", "pytestmark", "create-data9-user-True-None", "asyncio", "test_processors.py", "unit", "tests", "markdown-brain-bot", ""], "setup": {"duration": 0.00043600000000010297, "outcome": "passed"}, "call": {"duration": 0.0009511660000001143, "outcome": "passed"}, "teardown": {"duration": 0.00027924999999995315, "outcome": "passed"}}, {"nodeid": "tests/unit/test_processors.py::test_validation_comprehensive[reassign-data10-user-False-Missing required]", "lineno": 1293, "outcome": "passed", "keywords": ["test_validation_comprehensive[reassign-data10-user-False-Missing required]", "parametrize", "pytestmark", "reassign-data10-user-False-Missing required", "asyncio", "test_processors.py", "unit", "tests", "markdown-brain-bot", ""], "setup": {"duration": 0.0003961249999999694, "outcome": "passed"}, "call": {"duration": 0.0005925829999999799, "outcome": "passed"}, "teardown": {"duration": 0.00026612500000000594, "outcome": "passed"}}, {"nodeid": "tests/unit/test_processors.py::test_validation_comprehensive[reassign-data11-user-True-None]", "lineno": 1293, "outcome": "passed", "keywords": ["test_validation_comprehensive[reassign-data11-user-True-None]", "parametrize", "pytestmark", "reassign-data11-user-True-None", "asyncio", "test_processors.py", "unit", "tests", "markdown-brain-bot", ""], "setup": {"duration": 0.0003980829999998825, "outcome": "passed"}, "call": {"duration": 0.0008375419999999689, "outcome": "passed"}, "teardown": {"duration": 0.00026466600000008, "outcome": "passed"}}, {"nodeid": "tests/unit/test_processors.py::test_validation_comprehensive[create-data12-user-False-Missing required]", "lineno": 1293, "outcome": "passed", "keywords": ["test_validation_comprehensive[create-data12-user-False-Missing required]", "parametrize", "pytestmark", "create-data12-user-False-Missing required", "asyncio", "test_processors.py", "unit", "tests", "markdown-brain-bot", ""], "setup": {"duration": 0.0003865839999999121, "outcome": "passed"}, "call": {"duration": 0.0004632499999999151, "outcome": "passed"}, "teardown": {"duration": 0.00026999999999999247, "outcome": "passed"}}, {"nodeid": "tests/unit/test_processors.py::test_validation_comprehensive[create-data13-user-True-None]", "lineno": 1293, "outcome": "failed", "keywords": ["test_validation_comprehensive[create-data13-user-True-None]", "parametrize", "pytestmark", "create-data13-user-True-None", "asyncio", "test_processors.py", "unit", "tests", "markdown-brain-bot", ""], "setup": {"duration": 0.0003833329999998192, "outcome": "passed"}, "call": {"duration": 0.0004927910000001035, "outcome": "failed", "crash": {"path": "/Users/colinaulds/Desktop/projects/markdown-brain-bot/tests/unit/test_processors.py", "lineno": 1416, "message": "assert False == True"}, "traceback": [{"path": "tests/unit/test_processors.py", "lineno": 1416, "message": "in test_validation_comprehensive"}], "longrepr": "tests/unit/test_processors.py:1416: in test_validation_comprehensive\n    assert valid == should_pass\nE   assert False == True"}, "teardown": {"duration": 0.00030087499999997824, "outcome": "passed"}}, {"nodeid": "tests/unit/test_processors.py::test_validation_comprehensive[update_status-data14-user-False-Invalid status]", "lineno": 1293, "outcome": "passed", "keywords": ["test_validation_comprehensive[update_status-data14-user-False-Invalid status]", "parametrize", "pytestmark", "update_status-data14-user-False-Invalid status", "asyncio", "test_processors.py", "unit", "tests", "markdown-brain-bot", ""], "setup": {"duration": 0.0004105830000000754, "outcome": "passed"}, "call": {"duration": 0.0005004590000001752, "outcome": "passed"}, "teardown": {"duration": 0.00026483299999990884, "outcome": "passed"}}, {"nodeid": "tests/unit/test_router.py::TestEnhancedRouter::test_router_semantic_invariants", "lineno": 20, "outcome": "passed", "keywords": ["test_router_semantic_invariants", "TestEnhancedRouter", "test_router.py", "unit", "tests", "markdown-brain-bot", ""], "setup": {"duration": 0.00030054199999995923, "outcome": "passed"}, "call": {"duration": 0.0016773340000000303, "outcome": "passed"}, "teardown": {"duration": 0.00025004200000000587, "outcome": "passed"}}, {"nodeid": "tests/unit/test_router.py::TestEnhancedRouter::test_operation_semantic_boundaries", "lineno": 72, "outcome": "passed", "keywords": ["test_operation_semantic_boundaries", "TestEnhancedRouter", "test_router.py", "unit", "tests", "markdown-brain-bot", ""], "setup": {"duration": 0.00029654200000006625, "outcome": "passed"}, "call": {"duration": 0.00022512499999982616, "outcome": "passed"}, "teardown": {"duration": 0.0002490829999999278, "outcome": "passed"}}, {"nodeid": "tests/unit/test_router.py::TestEnhancedRouter::test_command_precedence_semantics", "lineno": 94, "outcome": "passed", "keywords": ["test_command_precedence_semantics", "TestEnhancedRouter", "test_router.py", "unit", "tests", "markdown-brain-bot", ""], "setup": {"duration": 0.0002915000000001111, "outcome": "passed"}, "call": {"duration": 0.0001371249999999602, "outcome": "passed"}, "teardown": {"duration": 0.00024375000000009805, "outcome": "passed"}}, {"nodeid": "tests/unit/test_router.py::TestEnhancedRouter::test_context_confidence_modulation", "lineno": 115, "outcome": "passed", "keywords": ["test_context_confidence_modulation", "TestEnhancedRouter", "test_router.py", "unit", "tests", "markdown-brain-bot", ""], "setup": {"duration": 0.000293209000000072, "outcome": "passed"}, "call": {"duration": 0.00016104200000000013, "outcome": "passed"}, "teardown": {"duration": 0.00027187500000014353, "outcome": "passed"}}, {"nodeid": "tests/unit/test_router.py::TestEnhancedRouter::test_user_assignment_semantics", "lineno": 132, "outcome": "passed", "keywords": ["test_user_assignment_semantics", "TestEnhancedRouter", "test_router.py", "unit", "tests", "markdown-brain-bot", ""], "setup": {"duration": 0.00031037499999997387, "outcome": "passed"}, "call": {"duration": 0.00019429099999990207, "outcome": "passed"}, "teardown": {"duration": 0.00026654200000009176, "outcome": "passed"}}, {"nodeid": "tests/unit/test_router.py::TestEnhancedRouter::test_contextual_semantic_enhancement", "lineno": 157, "outcome": "passed", "keywords": ["test_contextual_semantic_enhancement", "TestEnhancedRouter", "test_router.py", "unit", "tests", "markdown-brain-bot", ""], "setup": {"duration": 0.00029454100000014805, "outcome": "passed"}, "call": {"duration": 0.00018858399999999165, "outcome": "passed"}, "teardown": {"duration": 0.0002588340000000411, "outcome": "passed"}}, {"nodeid": "tests/unit/test_router.py::TestEnhancedRouter::test_interactive_mode_semantics", "lineno": 177, "outcome": "passed", "keywords": ["test_interactive_mode_semantics", "TestEnhancedRouter", "test_router.py", "unit", "tests", "markdown-brain-bot", ""], "setup": {"duration": 0.00029733400000009347, "outcome": "passed"}, "call": {"duration": 0.0001274579999999137, "outcome": "passed"}, "teardown": {"duration": 0.0002537910000000032, "outcome": "passed"}}, {"nodeid": "tests/unit/test_router.py::TestEnhancedRouter::test_ambiguity_confidence_modulation", "lineno": 189, "outcome": "passed", "keywords": ["test_ambiguity_confidence_modulation", "TestEnhancedRouter", "test_router.py", "unit", "tests", "markdown-brain-bot", ""], "setup": {"duration": 0.00028674999999989126, "outcome": "passed"}, "call": {"duration": 0.0001365409999998235, "outcome": "passed"}, "teardown": {"duration": 0.0002546249999999528, "outcome": "passed"}}, {"nodeid": "tests/unit/test_router.py::TestSynonymLibrary::test_user_resolution_semantics", "lineno": 202, "outcome": "passed", "keywords": ["test_user_resolution_semantics", "TestSynonymLibrary", "test_router.py", "unit", "tests", "markdown-brain-bot", ""], "setup": {"duration": 0.00028820900000003924, "outcome": "passed"}, "call": {"duration": 7.141700000001805e-05, "outcome": "passed"}, "teardown": {"duration": 0.0002498330000000326, "outcome": "passed"}}, {"nodeid": "tests/unit/test_router.py::TestConfidenceScorer::test_confidence_semantic_boundaries", "lineno": 229, "outcome": "passed", "keywords": ["test_confidence_semantic_boundaries", "TestConfidenceScorer", "test_router.py", "unit", "tests", "markdown-brain-bot", ""], "setup": {"duration": 0.0002905419999998937, "outcome": "passed"}, "call": {"duration": 7.874999999990528e-05, "outcome": "passed"}, "teardown": {"duration": 0.00026725000000005217, "outcome": "passed"}}, {"nodeid": "tests/unit/test_router.py::TestConfidenceScorer::test_confidence_modulation_semantics", "lineno": 254, "outcome": "passed", "keywords": ["test_confidence_modulation_semantics", "TestConfidenceScorer", "test_router.py", "unit", "tests", "markdown-brain-bot", ""], "setup": {"duration": 0.0002901659999998696, "outcome": "passed"}, "call": {"duration": 8.470799999993339e-05, "outcome": "passed"}, "teardown": {"duration": 0.00025199999999991896, "outcome": "passed"}}, {"nodeid": "tests/unit/test_router.py::TestConfidenceScorer::test_confidence_bounds_invariant", "lineno": 281, "outcome": "passed", "keywords": ["test_confidence_bounds_invariant", "TestConfidenceScorer", "test_router.py", "unit", "tests", "markdown-brain-bot", ""], "setup": {"duration": 0.00033241600000000204, "outcome": "passed"}, "call": {"duration": 0.00025045800000000895, "outcome": "passed"}, "teardown": {"duration": 0.0002447089999999541, "outcome": "passed"}}, {"nodeid": "tests/unit/test_router.py::TestConfidenceScorer::test_pattern_matching_semantic_correctness", "lineno": 302, "outcome": "passed", "keywords": ["test_pattern_matching_semantic_correctness", "TestConfidenceScorer", "test_router.py", "unit", "tests", "markdown-brain-bot", ""], "setup": {"duration": 0.0002906249999998778, "outcome": "passed"}, "call": {"duration": 0.00016762500000000458, "outcome": "passed"}, "teardown": {"duration": 0.00024258300000012945, "outcome": "passed"}}, {"nodeid": "tests/unit/test_router.py::TestConfidenceScorer::test_word_boundary_semantic_precision", "lineno": 322, "outcome": "passed", "keywords": ["test_word_boundary_semantic_precision", "TestConfidenceScorer", "test_router.py", "unit", "tests", "markdown-brain-bot", ""], "setup": {"duration": 0.0002862919999999658, "outcome": "passed"}, "call": {"duration": 0.00016820800000005853, "outcome": "passed"}, "teardown": {"duration": 0.00024137500000009915, "outcome": "passed"}}, {"nodeid": "tests/unit/test_router.py::TestPreprocessing::test_preprocessing_semantic_extraction", "lineno": 341, "outcome": "passed", "keywords": ["test_preprocessing_semantic_extraction", "TestPreprocessing", "test_router.py", "unit", "tests", "markdown-brain-bot", ""], "setup": {"duration": 0.0002893749999999251, "outcome": "passed"}, "call": {"duration": 0.00012783400000015988, "outcome": "passed"}, "teardown": {"duration": 0.0002519160000000742, "outcome": "passed"}}, {"nodeid": "tests/unit/test_router.py::TestPreprocessing::test_preprocessing_routing_integration", "lineno": 358, "outcome": "passed", "keywords": ["test_preprocessing_routing_integration", "TestPreprocessing", "test_router.py", "unit", "tests", "markdown-brain-bot", ""], "setup": {"duration": 0.00028583300000017964, "outcome": "passed"}, "call": {"duration": 0.00013687499999992525, "outcome": "passed"}, "teardown": {"duration": 0.000273874999999979, "outcome": "passed"}}, {"nodeid": "tests/unit/test_router.py::TestPreprocessing::test_confidence_component_separation", "lineno": 374, "outcome": "passed", "keywords": ["test_confidence_component_separation", "TestPreprocessing", "test_router.py", "unit", "tests", "markdown-brain-bot", ""], "setup": {"duration": 0.0002870409999999879, "outcome": "passed"}, "call": {"duration": 0.0001383329999999905, "outcome": "passed"}, "teardown": {"duration": 0.0002467919999999957, "outcome": "passed"}}, {"nodeid": "tests/unit/test_router.py::TestPreprocessing::test_syntax_marker_semantic_removal", "lineno": 391, "outcome": "passed", "keywords": ["test_syntax_marker_semantic_removal", "TestPreprocessing", "test_router.py", "unit", "tests", "markdown-brain-bot", ""], "setup": {"duration": 0.00028416700000000183, "outcome": "passed"}, "call": {"duration": 0.00012166600000007577, "outcome": "passed"}, "teardown": {"duration": 0.0002371670000000936, "outcome": "passed"}}, {"nodeid": "tests/integration/test_document_storage.py::test_document_storage_edge_cases", "lineno": 28, "outcome": "failed", "keywords": ["test_document_storage_edge_cases", "asyncio", "test_document_storage.py", "integration", "tests", "markdown-brain-bot", ""], "setup": {"duration": 0.0002865830000000624, "outcome": "passed"}, "call": {"duration": 0.4614855419999999, "outcome": "failed", "crash": {"path": "/Users/colinaulds/Desktop/projects/markdown-brain-bot/tests/integration/test_document_storage.py", "lineno": 45, "message": "Failed: DID NOT RAISE (<class 'ValueError'>, <class 'AttributeError'>, <class 'TypeError'>)"}, "traceback": [{"path": "tests/integration/test_document_storage.py", "lineno": 45, "message": "in test_document_storage_edge_cases"}], "stdout": "\n\ud83d\udd0d Testing null/None inputs...\n", "longrepr": "tests/integration/test_document_storage.py:45: in test_document_storage_edge_cases\n    await storage.search_documents(None)\nE   Failed: DID NOT RAISE (<class 'ValueError'>, <class 'AttributeError'>, <class 'TypeError'>)"}, "teardown": {"duration": 0.0006725419999999982, "outcome": "passed"}}, {"nodeid": "tests/integration/test_document_storage.py::test_document_chunk_edge_cases", "lineno": 179, "outcome": "passed", "keywords": ["test_document_chunk_edge_cases", "asyncio", "test_document_storage.py", "integration", "tests", "markdown-brain-bot", ""], "setup": {"duration": 0.00040829099999983853, "outcome": "passed"}, "call": {"duration": 2.17552825, "outcome": "passed", "stdout": "\n\ud83d\udd0d Testing chunk edge cases...\n\u2705 Chunk edge case tests completed!\n", "log": [{"name": "src.storage.storage_service", "msg": "Error storing chunk: {'message': 'invalid input syntax for type uuid: \"invalid-uuid-12345\"', 'code': '22P02', 'hint': None, 'details': None}", "args": null, "levelname": "ERROR", "levelno": 40, "pathname": "/Users/colinaulds/Desktop/projects/markdown-brain-bot/src/storage/storage_service.py", "filename": "storage_service.py", "module": "storage_service", "exc_info": null, "exc_text": null, "stack_info": null, "lineno": 658, "funcName": "store_document_chunk", "created": 1753489086.4145448, "msecs": 414.54482078552246, "relativeCreated": 2355.4797172546387, "thread": 8470454016, "threadName": "MainThread", "processName": "MainProcess", "process": 41256}]}, "teardown": {"duration": 0.0009587089999998355, "outcome": "passed"}}, {"nodeid": "tests/integration/test_document_storage.py::test_document_storage", "lineno": 260, "outcome": "passed", "keywords": ["test_document_storage", "asyncio", "test_document_storage.py", "integration", "tests", "markdown-brain-bot", ""], "setup": {"duration": 0.0008673329999999702, "outcome": "passed"}, "call": {"duration": 1.6603480410000002, "outcome": "passed", "stdout": "\ud83d\udd0d Testing Document Storage Service\nSUPABASE_URL: https://thnwlykidzhrsagyjncc.supabase.co...\nSUPABASE_ANON_KEY: SET\n\n\u2705 DocumentStorage initialized\n\n\ud83d\udcdd Testing document storage...\n\u2705 Document stored with ID: 8c38d4b8-2544-4507-840c-285bfa3cd648\n\n\ud83d\udd0d Testing document retrieval...\n\u2705 Document retrieved:\n   Title: Storage Test\n   Category: test\n   Tags: ['test', 'storage', 'supabase']\n   Version: 1\n   Content length: 203 chars\n\n\ud83d\udd0d Testing document search...\n\u2705 Found 0 matching documents\n\n\ud83d\udcdd Testing document update...\n\u2705 Document updated successfully\n   New version: 1\n\n\ud83e\udde9 Testing chunk storage...\n\u2705 Chunk stored with ID: b0c51b44-fd15-483f-bc91-563eeebd5cc7\n\u2705 Retrieved 1 chunks for document\n\n\u2705 All document storage tests passed!\n\n\ud83e\uddf9 Cleaning up test document...\n\u2705 Test document deleted\n", "log": [{"name": "src.storage.storage_service", "msg": "Error searching documents: 'SyncQueryRequestBuilder' object has no attribute 'order'", "args": null, "levelname": "ERROR", "levelno": 40, "pathname": "/Users/colinaulds/Desktop/projects/markdown-brain-bot/src/storage/storage_service.py", "filename": "storage_service.py", "module": "storage_service", "exc_info": null, "exc_text": null, "stack_info": null, "lineno": 538, "funcName": "search_documents", "created": 1753489088.816897, "msecs": 816.896915435791, "relativeCreated": 4757.831811904907, "thread": 8470454016, "threadName": "MainThread", "processName": "MainProcess", "process": 41256}]}, "teardown": {"duration": 0.0007470000000004973, "outcome": "passed"}}, {"nodeid": "tests/integration/test_document_storage.py::test_search_edge_cases", "lineno": 382, "outcome": "passed", "keywords": ["test_search_edge_cases", "asyncio", "test_document_storage.py", "integration", "tests", "markdown-brain-bot", ""], "setup": {"duration": 0.0008188329999994082, "outcome": "passed"}, "call": {"duration": 0.4685062920000007, "outcome": "passed", "stdout": "\n\ud83d\udd0d Testing search edge cases...\n\u2705 Search edge case tests completed!\n", "log": [{"name": "src.storage.storage_service", "msg": "Error searching documents: 'SyncQueryRequestBuilder' object has no attribute 'order'", "args": null, "levelname": "ERROR", "levelno": 40, "pathname": "/Users/colinaulds/Desktop/projects/markdown-brain-bot/src/storage/storage_service.py", "filename": "storage_service.py", "module": "storage_service", "exc_info": null, "exc_text": null, "stack_info": null, "lineno": 538, "funcName": "search_documents", "created": 1753489089.537798, "msecs": 537.7979278564453, "relativeCreated": 5478.7328243255615, "thread": 8470454016, "threadName": "MainThread", "processName": "MainProcess", "process": 41256}, {"name": "src.storage.storage_service", "msg": "Error searching documents: 'SyncQueryRequestBuilder' object has no attribute 'order'", "args": null, "levelname": "ERROR", "levelno": 40, "pathname": "/Users/colinaulds/Desktop/projects/markdown-brain-bot/src/storage/storage_service.py", "filename": "storage_service.py", "module": "storage_service", "exc_info": null, "exc_text": null, "stack_info": null, "lineno": 538, "funcName": "search_documents", "created": 1753489089.5378718, "msecs": 537.8718376159668, "relativeCreated": 5478.806734085083, "thread": 8470454016, "threadName": "MainThread", "processName": "MainProcess", "process": 41256}, {"name": "src.storage.storage_service", "msg": "Error searching documents: 'SyncQueryRequestBuilder' object has no attribute 'order'", "args": null, "levelname": "ERROR", "levelno": 40, "pathname": "/Users/colinaulds/Desktop/projects/markdown-brain-bot/src/storage/storage_service.py", "filename": "storage_service.py", "module": "storage_service", "exc_info": null, "exc_text": null, "stack_info": null, "lineno": 538, "funcName": "search_documents", "created": 1753489089.537905, "msecs": 537.9049777984619, "relativeCreated": 5478.839874267578, "thread": 8470454016, "threadName": "MainThread", "processName": "MainProcess", "process": 41256}, {"name": "src.storage.storage_service", "msg": "Error searching documents: 'SyncQueryRequestBuilder' object has no attribute 'order'", "args": null, "levelname": "ERROR", "levelno": 40, "pathname": "/Users/colinaulds/Desktop/projects/markdown-brain-bot/src/storage/storage_service.py", "filename": "storage_service.py", "module": "storage_service", "exc_info": null, "exc_text": null, "stack_info": null, "lineno": 538, "funcName": "search_documents", "created": 1753489089.537933, "msecs": 537.9331111907959, "relativeCreated": 5478.868007659912, "thread": 8470454016, "threadName": "MainThread", "processName": "MainProcess", "process": 41256}, {"name": "src.storage.storage_service", "msg": "Error searching documents: 'SyncQueryRequestBuilder' object has no attribute 'order'", "args": null, "levelname": "ERROR", "levelno": 40, "pathname": "/Users/colinaulds/Desktop/projects/markdown-brain-bot/src/storage/storage_service.py", "filename": "storage_service.py", "module": "storage_service", "exc_info": null, "exc_text": null, "stack_info": null, "lineno": 538, "funcName": "search_documents", "created": 1753489089.53796, "msecs": 537.9600524902344, "relativeCreated": 5478.894948959351, "thread": 8470454016, "threadName": "MainThread", "processName": "MainProcess", "process": 41256}, {"name": "src.storage.storage_service", "msg": "Error searching documents: 'SyncQueryRequestBuilder' object has no attribute 'order'", "args": null, "levelname": "ERROR", "levelno": 40, "pathname": "/Users/colinaulds/Desktop/projects/markdown-brain-bot/src/storage/storage_service.py", "filename": "storage_service.py", "module": "storage_service", "exc_info": null, "exc_text": null, "stack_info": null, "lineno": 538, "funcName": "search_documents", "created": 1753489089.996945, "msecs": 996.9449043273926, "relativeCreated": 5937.879800796509, "thread": 8470454016, "threadName": "MainThread", "processName": "MainProcess", "process": 41256}, {"name": "src.storage.storage_service", "msg": "Error searching documents: 'SyncQueryRequestBuilder' object has no attribute 'order'", "args": null, "levelname": "ERROR", "levelno": 40, "pathname": "/Users/colinaulds/Desktop/projects/markdown-brain-bot/src/storage/storage_service.py", "filename": "storage_service.py", "module": "storage_service", "exc_info": null, "exc_text": null, "stack_info": null, "lineno": 538, "funcName": "search_documents", "created": 1753489089.997014, "msecs": 997.014045715332, "relativeCreated": 5937.948942184448, "thread": 8470454016, "threadName": "MainThread", "processName": "MainProcess", "process": 41256}, {"name": "src.storage.storage_service", "msg": "Error searching documents: 'SyncQueryRequestBuilder' object has no attribute 'order'", "args": null, "levelname": "ERROR", "levelno": 40, "pathname": "/Users/colinaulds/Desktop/projects/markdown-brain-bot/src/storage/storage_service.py", "filename": "storage_service.py", "module": "storage_service", "exc_info": null, "exc_text": null, "stack_info": null, "lineno": 538, "funcName": "search_documents", "created": 1753489089.997047, "msecs": 997.046947479248, "relativeCreated": 5937.981843948364, "thread": 8470454016, "threadName": "MainThread", "processName": "MainProcess", "process": 41256}, {"name": "src.storage.storage_service", "msg": "Error searching documents: 'SyncQueryRequestBuilder' object has no attribute 'order'", "args": null, "levelname": "ERROR", "levelno": 40, "pathname": "/Users/colinaulds/Desktop/projects/markdown-brain-bot/src/storage/storage_service.py", "filename": "storage_service.py", "module": "storage_service", "exc_info": null, "exc_text": null, "stack_info": null, "lineno": 538, "funcName": "search_documents", "created": 1753489089.997074, "msecs": 997.0738887786865, "relativeCreated": 5938.008785247803, "thread": 8470454016, "threadName": "MainThread", "processName": "MainProcess", "process": 41256}, {"name": "src.storage.storage_service", "msg": "Error searching documents: 'SyncQueryRequestBuilder' object has no attribute 'order'", "args": null, "levelname": "ERROR", "levelno": 40, "pathname": "/Users/colinaulds/Desktop/projects/markdown-brain-bot/src/storage/storage_service.py", "filename": "storage_service.py", "module": "storage_service", "exc_info": null, "exc_text": null, "stack_info": null, "lineno": 538, "funcName": "search_documents", "created": 1753489089.9971, "msecs": 997.1001148223877, "relativeCreated": 5938.035011291504, "thread": 8470454016, "threadName": "MainThread", "processName": "MainProcess", "process": 41256}, {"name": "src.storage.storage_service", "msg": "Error searching documents: 'SyncQueryRequestBuilder' object has no attribute 'order'", "args": null, "levelname": "ERROR", "levelno": 40, "pathname": "/Users/colinaulds/Desktop/projects/markdown-brain-bot/src/storage/storage_service.py", "filename": "storage_service.py", "module": "storage_service", "exc_info": null, "exc_text": null, "stack_info": null, "lineno": 538, "funcName": "search_documents", "created": 1753489089.9971251, "msecs": 997.1251487731934, "relativeCreated": 5938.06004524231, "thread": 8470454016, "threadName": "MainThread", "processName": "MainProcess", "process": 41256}, {"name": "src.storage.storage_service", "msg": "Error searching documents: 'SyncQueryRequestBuilder' object has no attribute 'order'", "args": null, "levelname": "ERROR", "levelno": 40, "pathname": "/Users/colinaulds/Desktop/projects/markdown-brain-bot/src/storage/storage_service.py", "filename": "storage_service.py", "module": "storage_service", "exc_info": null, "exc_text": null, "stack_info": null, "lineno": 538, "funcName": "search_documents", "created": 1753489089.99715, "msecs": 997.1499443054199, "relativeCreated": 5938.084840774536, "thread": 8470454016, "threadName": "MainThread", "processName": "MainProcess", "process": 41256}, {"name": "src.storage.storage_service", "msg": "Error searching documents: 'SyncQueryRequestBuilder' object has no attribute 'order'", "args": null, "levelname": "ERROR", "levelno": 40, "pathname": "/Users/colinaulds/Desktop/projects/markdown-brain-bot/src/storage/storage_service.py", "filename": "storage_service.py", "module": "storage_service", "exc_info": null, "exc_text": null, "stack_info": null, "lineno": 538, "funcName": "search_documents", "created": 1753489089.997175, "msecs": 997.1749782562256, "relativeCreated": 5938.109874725342, "thread": 8470454016, "threadName": "MainThread", "processName": "MainProcess", "process": 41256}, {"name": "src.storage.storage_service", "msg": "Error searching documents: 'SyncQueryRequestBuilder' object has no attribute 'order'", "args": null, "levelname": "ERROR", "levelno": 40, "pathname": "/Users/colinaulds/Desktop/projects/markdown-brain-bot/src/storage/storage_service.py", "filename": "storage_service.py", "module": "storage_service", "exc_info": null, "exc_text": null, "stack_info": null, "lineno": 538, "funcName": "search_documents", "created": 1753489089.997199, "msecs": 997.1990585327148, "relativeCreated": 5938.133955001831, "thread": 8470454016, "threadName": "MainThread", "processName": "MainProcess", "process": 41256}, {"name": "src.storage.storage_service", "msg": "Error searching documents: 'SyncQueryRequestBuilder' object has no attribute 'order'", "args": null, "levelname": "ERROR", "levelno": 40, "pathname": "/Users/colinaulds/Desktop/projects/markdown-brain-bot/src/storage/storage_service.py", "filename": "storage_service.py", "module": "storage_service", "exc_info": null, "exc_text": null, "stack_info": null, "lineno": 538, "funcName": "search_documents", "created": 1753489089.9972239, "msecs": 997.2238540649414, "relativeCreated": 5938.158750534058, "thread": 8470454016, "threadName": "MainThread", "processName": "MainProcess", "process": 41256}, {"name": "src.storage.storage_service", "msg": "Error searching documents: 'SyncQueryRequestBuilder' object has no attribute 'order'", "args": null, "levelname": "ERROR", "levelno": 40, "pathname": "/Users/colinaulds/Desktop/projects/markdown-brain-bot/src/storage/storage_service.py", "filename": "storage_service.py", "module": "storage_service", "exc_info": null, "exc_text": null, "stack_info": null, "lineno": 538, "funcName": "search_documents", "created": 1753489089.997248, "msecs": 997.2479343414307, "relativeCreated": 5938.182830810547, "thread": 8470454016, "threadName": "MainThread", "processName": "MainProcess", "process": 41256}, {"name": "src.storage.storage_service", "msg": "Error searching documents: 'SyncQueryRequestBuilder' object has no attribute 'order'", "args": null, "levelname": "ERROR", "levelno": 40, "pathname": "/Users/colinaulds/Desktop/projects/markdown-brain-bot/src/storage/storage_service.py", "filename": "storage_service.py", "module": "storage_service", "exc_info": null, "exc_text": null, "stack_info": null, "lineno": 538, "funcName": "search_documents", "created": 1753489089.9972742, "msecs": 997.2741603851318, "relativeCreated": 5938.209056854248, "thread": 8470454016, "threadName": "MainThread", "processName": "MainProcess", "process": 41256}, {"name": "src.storage.storage_service", "msg": "Error searching documents: 'SyncQueryRequestBuilder' object has no attribute 'order'", "args": null, "levelname": "ERROR", "levelno": 40, "pathname": "/Users/colinaulds/Desktop/projects/markdown-brain-bot/src/storage/storage_service.py", "filename": "storage_service.py", "module": "storage_service", "exc_info": null, "exc_text": null, "stack_info": null, "lineno": 538, "funcName": "search_documents", "created": 1753489089.997298, "msecs": 997.298002243042, "relativeCreated": 5938.232898712158, "thread": 8470454016, "threadName": "MainThread", "processName": "MainProcess", "process": 41256}, {"name": "src.storage.storage_service", "msg": "Error searching documents: 'SyncQueryRequestBuilder' object has no attribute 'order'", "args": null, "levelname": "ERROR", "levelno": 40, "pathname": "/Users/colinaulds/Desktop/projects/markdown-brain-bot/src/storage/storage_service.py", "filename": "storage_service.py", "module": "storage_service", "exc_info": null, "exc_text": null, "stack_info": null, "lineno": 538, "funcName": "search_documents", "created": 1753489089.997322, "msecs": 997.3220825195312, "relativeCreated": 5938.2569789886475, "thread": 8470454016, "threadName": "MainThread", "processName": "MainProcess", "process": 41256}, {"name": "src.storage.storage_service", "msg": "Error searching documents: 'SyncQueryRequestBuilder' object has no attribute 'order'", "args": null, "levelname": "ERROR", "levelno": 40, "pathname": "/Users/colinaulds/Desktop/projects/markdown-brain-bot/src/storage/storage_service.py", "filename": "storage_service.py", "module": "storage_service", "exc_info": null, "exc_text": null, "stack_info": null, "lineno": 538, "funcName": "search_documents", "created": 1753489089.9973462, "msecs": 997.3461627960205, "relativeCreated": 5938.281059265137, "thread": 8470454016, "threadName": "MainThread", "processName": "MainProcess", "process": 41256}]}, "teardown": {"duration": 0.00036591700000077054, "outcome": "passed"}}, {"nodeid": "tests/integration/test_media_storage.py::test_media_storage_edge_cases", "lineno": 32, "outcome": "failed", "keywords": ["test_media_storage_edge_cases", "asyncio", "test_media_storage.py", "integration", "tests", "markdown-brain-bot", ""], "setup": {"duration": 0.0004224169999993421, "outcome": "passed"}, "call": {"duration": 0.8203245830000006, "outcome": "failed", "crash": {"path": "/Users/colinaulds/Library/Python/3.9/lib/python/site-packages/botocore/client.py", "lineno": 1031, "message": "botocore.exceptions.ClientError: An error occurred (400) when calling the PutObject operation: Bad Request"}, "traceback": [{"path": "tests/integration/test_media_storage.py", "lineno": 60, "message": "in test_media_storage_edge_cases"}, {"path": "src/storage/media_storage.py", "lineno": 172, "message": "in upload_media"}, {"path": "../../../Library/Python/3.9/lib/python/site-packages/botocore/context.py", "lineno": 123, "message": "in wrapper"}, {"path": "../../../Library/Python/3.9/lib/python/site-packages/boto3/s3/inject.py", "lineno": 675, "message": "in upload_fileobj"}, {"path": "../../../Library/Python/3.9/lib/python/site-packages/s3transfer/futures.py", "lineno": 111, "message": "in result"}, {"path": "../../../Library/Python/3.9/lib/python/site-packages/s3transfer/futures.py", "lineno": 272, "message": "in result"}, {"path": "../../../Library/Python/3.9/lib/python/site-packages/s3transfer/tasks.py", "lineno": 142, "message": "in __call__"}, {"path": "../../../Library/Python/3.9/lib/python/site-packages/s3transfer/tasks.py", "lineno": 165, "message": "in _execute_main"}, {"path": "../../../Library/Python/3.9/lib/python/site-packages/s3transfer/upload.py", "lineno": 796, "message": "in _main"}, {"path": "../../../Library/Python/3.9/lib/python/site-packages/botocore/client.py", "lineno": 570, "message": "in _api_call"}, {"path": "../../../Library/Python/3.9/lib/python/site-packages/botocore/context.py", "lineno": 123, "message": "in wrapper"}, {"path": "../../../Library/Python/3.9/lib/python/site-packages/botocore/client.py", "lineno": 1031, "message": "in _make_api_call"}], "stdout": "\n\ud83d\udd0d Testing null/None inputs...\n\n\ud83d\udd0d Testing empty files...\n\n\ud83d\udd0d Testing malicious filenames...\n", "log": [{"name": "src.storage.media_storage", "msg": "Error uploading media: An error occurred (400) when calling the PutObject operation: Bad Request", "args": null, "levelname": "ERROR", "levelno": 40, "pathname": "/Users/colinaulds/Desktop/projects/markdown-brain-bot/src/storage/media_storage.py", "filename": "media_storage.py", "module": "media_storage", "exc_info": null, "exc_text": null, "stack_info": null, "lineno": 223, "funcName": "upload_media", "created": 1753489090.8184042, "msecs": 818.4041976928711, "relativeCreated": 6759.339094161987, "thread": 8470454016, "threadName": "MainThread", "processName": "MainProcess", "process": 41256}], "longrepr": "tests/integration/test_media_storage.py:60: in test_media_storage_edge_cases\n    result = await storage.upload_media(\nsrc/storage/media_storage.py:172: in upload_media\n    self.s3_client.upload_fileobj(\n../../../Library/Python/3.9/lib/python/site-packages/botocore/context.py:123: in wrapper\n    return func(*args, **kwargs)\n../../../Library/Python/3.9/lib/python/site-packages/boto3/s3/inject.py:675: in upload_fileobj\n    return future.result()\n../../../Library/Python/3.9/lib/python/site-packages/s3transfer/futures.py:111: in result\n    return self._coordinator.result()\n../../../Library/Python/3.9/lib/python/site-packages/s3transfer/futures.py:272: in result\n    raise self._exception\n../../../Library/Python/3.9/lib/python/site-packages/s3transfer/tasks.py:142: in __call__\n    return self._execute_main(kwargs)\n../../../Library/Python/3.9/lib/python/site-packages/s3transfer/tasks.py:165: in _execute_main\n    return_value = self._main(**kwargs)\n../../../Library/Python/3.9/lib/python/site-packages/s3transfer/upload.py:796: in _main\n    client.put_object(Bucket=bucket, Key=key, Body=body, **extra_args)\n../../../Library/Python/3.9/lib/python/site-packages/botocore/client.py:570: in _api_call\n    return self._make_api_call(operation_name, kwargs)\n../../../Library/Python/3.9/lib/python/site-packages/botocore/context.py:123: in wrapper\n    return func(*args, **kwargs)\n../../../Library/Python/3.9/lib/python/site-packages/botocore/client.py:1031: in _make_api_call\n    raise error_class(parsed_response, operation_name)\nE   botocore.exceptions.ClientError: An error occurred (400) when calling the PutObject operation: Bad Request"}, "teardown": {"duration": 0.0003960840000001298, "outcome": "passed"}}, {"nodeid": "tests/integration/test_media_storage.py::test_hash_collision_handling", "lineno": 229, "outcome": "passed", "keywords": ["test_hash_collision_handling", "asyncio", "test_media_storage.py", "integration", "tests", "markdown-brain-bot", ""], "setup": {"duration": 0.0003608330000002269, "outcome": "passed"}, "call": {"duration": 0.489913917, "outcome": "passed", "stdout": "\n\ud83d\udd0d Testing hash collision handling...\n\u2705 Hash collision test completed!\n"}, "teardown": {"duration": 0.000828583000000549, "outcome": "passed"}}, {"nodeid": "tests/integration/test_media_storage.py::test_media_storage", "lineno": 258, "outcome": "passed", "keywords": ["test_media_storage", "asyncio", "test_media_storage.py", "integration", "tests", "markdown-brain-bot", ""], "setup": {"duration": 0.0008084589999999281, "outcome": "passed"}, "call": {"duration": 2.0888976669999995, "outcome": "passed", "stdout": "\ud83d\udd0d Testing Media Storage Service\nAWS_ACCESS_KEY_ID: AKIA5WC323...\nS3_BUCKET_NAME: t2t2-images\n\n\u2705 MediaStorage initialized\n\n\ud83d\udce4 Testing file upload...\n\u2705 File uploaded:\n   S3 Key: brain-bot/documents/25f225d8c0a94775283d0d59cde33736ecd1c1aea9d8fa01fbec2928a47c4065.txt\n   S3 URL: https://t2t2-images.s3.amazonaws.com/brain-bot/documents/25f225d8c0a94775283d0d59cde33736ecd1c1aea9d8fa01fbec2928a47c4065.txt\n   File Hash: 25f225d8c0a94775...\n   Already Existed: False\n\n\ud83d\udd01 Testing deduplication...\n\u2705 Deduplication works:\n   Same S3 Key: True\n   Already Existed: True\n\n\ud83d\udce5 Testing file download...\n\u2705 File downloaded:\n   Size: 59 bytes\n   Content matches: True\n\n\ud83d\udd17 Testing presigned URL generation...\n\u2705 Presigned URL generated:\n   URL: https://t2t2-images.s3.us-west-1.amazonaws.com/brain-bot/documents/25f225d8c0a94...\n   Expires in: 5 minutes\n\n\ud83d\udccb Testing media listing...\n\u2705 Found 8 documents in S3\n   - brain-bot/documents/1cd9dd6b4b31179e3d623ceff4827b6de5d53a24d59117153922f196147c5a67.txt (13 bytes)\n   - brain-bot/documents/25f225d8c0a94775283d0d59cde33736ecd1c1aea9d8fa01fbec2928a47c4065.txt (59 bytes)\n   - brain-bot/documents/88e65689c4ea4c8272939c8cd75092facc14221b159d62eb8ed637bf2a9ed630.txt (13 bytes)\n\n\ud83d\uddbc\ufe0f Testing image upload...\n\u2705 Image uploaded to: brain-bot/images/a1f76d954944aa5baf6d59cbc33793432c6aed8cb308b595e15055a9e37185b7.png\n   Folder: images\n\n\u2705 All media storage tests passed!\n\n\ud83e\uddf9 Cleaning up test files...\n\u2705 Test files deleted\n"}, "teardown": {"duration": 0.0006931249999997391, "outcome": "passed"}}, {"nodeid": "tests/integration/test_media_storage.py::test_media_metadata_edge_cases", "lineno": 371, "outcome": "passed", "keywords": ["test_media_metadata_edge_cases", "asyncio", "test_media_storage.py", "integration", "tests", "markdown-brain-bot", ""], "setup": {"duration": 0.0007610000000006778, "outcome": "passed"}, "call": {"duration": 0.8134778340000004, "outcome": "passed", "stdout": "\n\ud83d\udd0d Testing metadata edge cases...\n\u2705 Metadata edge case tests completed!\n"}, "teardown": {"duration": 0.0008598330000015864, "outcome": "passed"}}, {"nodeid": "tests/integration/test_rails_integration.py::TestRailsIntegration::test_end_to_end_list_routing", "lineno": 19, "outcome": "failed", "keywords": ["test_end_to_end_list_routing", "asyncio", "pytestmark", "TestRailsIntegration", "test_rails_integration.py", "integration", "tests", "markdown-brain-bot", ""], "setup": {"duration": 0.0008349579999986645, "outcome": "passed"}, "call": {"duration": 0.0050692090000001855, "outcome": "failed", "crash": {"path": "/Users/colinaulds/Desktop/projects/markdown-brain-bot/tests/integration/test_rails_integration.py", "lineno": 67, "message": "AssertionError: assert None == 'lists'\n +  where None = RouteResult(entity_type=None, operation=None, function_name=None, confidence=0.0, extracted_data={}, use_direct_execution=False, target_users=[], entity_confidence=None, operation_confidence=None, assignee_confidence=None).entity_type"}, "traceback": [{"path": "tests/integration/test_rails_integration.py", "lineno": 67, "message": "in test_end_to_end_list_routing"}], "log": [{"name": "src.rails.router", "msg": "Failed to load user aliases: 'coroutine' object has no attribute 'eq'", "args": null, "levelname": "ERROR", "levelno": 40, "pathname": "/Users/colinaulds/Desktop/projects/markdown-brain-bot/src/rails/router.py", "filename": "router.py", "module": "router", "exc_info": null, "exc_text": null, "stack_info": null, "lineno": 149, "funcName": "load_user_aliases", "created": 1753489094.2817972, "msecs": 281.7971706390381, "relativeCreated": 10222.732067108154, "thread": 8470454016, "threadName": "MainThread", "processName": "MainProcess", "process": 41256}], "longrepr": "tests/integration/test_rails_integration.py:67: in test_end_to_end_list_routing\n    assert result.entity_type == \"lists\"\nE   AssertionError: assert None == 'lists'\nE    +  where None = RouteResult(entity_type=None, operation=None, function_name=None, confidence=0.0, extracted_data={}, use_direct_execution=False, target_users=[], entity_confidence=None, operation_confidence=None, assignee_confidence=None).entity_type"}, "teardown": {"duration": 0.0003635829999986129, "outcome": "passed"}}, {"nodeid": "tests/integration/test_rails_integration.py::TestRailsIntegration::test_end_to_end_task_routing_with_aliases", "lineno": 147, "outcome": "failed", "keywords": ["test_end_to_end_task_routing_with_aliases", "asyncio", "pytestmark", "TestRailsIntegration", "test_rails_integration.py", "integration", "tests", "markdown-brain-bot", ""], "setup": {"duration": 0.00037291699999997263, "outcome": "passed"}, "call": {"duration": 0.001852624999999719, "outcome": "failed", "crash": {"path": "/Users/colinaulds/Desktop/projects/markdown-brain-bot/tests/integration/test_rails_integration.py", "lineno": 184, "message": "AssertionError: assert 'joel' in []\n +  where [] = RouteResult(entity_type='tasks', operation='create', function_name='create_task', confidence=0.9500000000000001, extracted_data={'time_reference': 'tomorrow'}, use_direct_execution=True, target_users=[], entity_confidence=0.9500000000000001, operation_confidence=0.9500000000000001, assignee_confidence=None).target_users"}, "traceback": [{"path": "tests/integration/test_rails_integration.py", "lineno": 184, "message": "in test_end_to_end_task_routing_with_aliases"}], "log": [{"name": "src.rails.router", "msg": "Failed to load user aliases: 'coroutine' object has no attribute 'eq'", "args": null, "levelname": "ERROR", "levelno": 40, "pathname": "/Users/colinaulds/Desktop/projects/markdown-brain-bot/src/rails/router.py", "filename": "router.py", "module": "router", "exc_info": null, "exc_text": null, "stack_info": null, "lineno": 149, "funcName": "load_user_aliases", "created": 1753489094.2997959, "msecs": 299.79586601257324, "relativeCreated": 10240.73076248169, "thread": 8470454016, "threadName": "MainThread", "processName": "MainProcess", "process": 41256}], "longrepr": "tests/integration/test_rails_integration.py:184: in test_end_to_end_task_routing_with_aliases\n    assert \"joel\" in result.target_users\nE   AssertionError: assert 'joel' in []\nE    +  where [] = RouteResult(entity_type='tasks', operation='create', function_name='create_task', confidence=0.9500000000000001, extracted_data={'time_reference': 'tomorrow'}, use_direct_execution=True, target_users=[], entity_confidence=0.9500000000000001, operation_confidence=0.9500000000000001, assignee_confidence=None).target_users"}, "teardown": {"duration": 0.0002825000000008515, "outcome": "passed"}}, {"nodeid": "tests/integration/test_rails_integration.py::TestRailsIntegration::test_processor_edge_cases", "lineno": 293, "outcome": "failed", "keywords": ["test_processor_edge_cases", "asyncio", "pytestmark", "TestRailsIntegration", "test_rails_integration.py", "integration", "tests", "markdown-brain-bot", ""], "setup": {"duration": 0.0003187080000000009, "outcome": "passed"}, "call": {"duration": 0.00037416600000028666, "outcome": "failed", "crash": {"path": "/Users/colinaulds/Desktop/projects/markdown-brain-bot/tests/integration/test_rails_integration.py", "lineno": 317, "message": "assert True is False"}, "traceback": [{"path": "tests/integration/test_rails_integration.py", "lineno": 317, "message": "in test_processor_edge_cases"}], "longrepr": "tests/integration/test_rails_integration.py:317: in test_processor_edge_cases\n    assert valid is False\nE   assert True is False"}, "teardown": {"duration": 0.00026504200000054823, "outcome": "passed"}}, {"nodeid": "tests/integration/test_rails_integration.py::TestRailsIntegration::test_routing_performance_edge_cases", "lineno": 393, "outcome": "passed", "keywords": ["test_routing_performance_edge_cases", "asyncio", "pytestmark", "TestRailsIntegration", "test_rails_integration.py", "integration", "tests", "markdown-brain-bot", ""], "setup": {"duration": 0.0003062499999995083, "outcome": "passed"}, "call": {"duration": 0.028399666000000323, "outcome": "passed", "log": [{"name": "src.rails.router", "msg": "Routing without user aliases loaded. Call ensure_aliases_loaded() first.", "args": null, "levelname": "WARNING", "levelno": 30, "pathname": "/Users/colinaulds/Desktop/projects/markdown-brain-bot/src/rails/router.py", "filename": "router.py", "module": "router", "exc_info": null, "exc_text": null, "stack_info": null, "lineno": 668, "funcName": "route", "created": 1753489094.3171551, "msecs": 317.155122756958, "relativeCreated": 10258.090019226074, "thread": 8470454016, "threadName": "MainThread", "processName": "MainProcess", "process": 41256}, {"name": "src.rails.router", "msg": "Routing without user aliases loaded. Call ensure_aliases_loaded() first.", "args": null, "levelname": "WARNING", "levelno": 30, "pathname": "/Users/colinaulds/Desktop/projects/markdown-brain-bot/src/rails/router.py", "filename": "router.py", "module": "router", "exc_info": null, "exc_text": null, "stack_info": null, "lineno": 668, "funcName": "route", "created": 1753489094.317209, "msecs": 317.20900535583496, "relativeCreated": 10258.143901824951, "thread": 8470454016, "threadName": "MainThread", "processName": "MainProcess", "process": 41256}, {"name": "src.rails.router", "msg": "Routing without user aliases loaded. Call ensure_aliases_loaded() first.", "args": null, "levelname": "WARNING", "levelno": 30, "pathname": "/Users/colinaulds/Desktop/projects/markdown-brain-bot/src/rails/router.py", "filename": "router.py", "module": "router", "exc_info": null, "exc_text": null, "stack_info": null, "lineno": 668, "funcName": "route", "created": 1753489094.3172438, "msecs": 317.2438144683838, "relativeCreated": 10258.1787109375, "thread": 8470454016, "threadName": "MainThread", "processName": "MainProcess", "process": 41256}, {"name": "src.rails.router", "msg": "Routing without user aliases loaded. Call ensure_aliases_loaded() first.", "args": null, "levelname": "WARNING", "levelno": 30, "pathname": "/Users/colinaulds/Desktop/projects/markdown-brain-bot/src/rails/router.py", "filename": "router.py", "module": "router", "exc_info": null, "exc_text": null, "stack_info": null, "lineno": 668, "funcName": "route", "created": 1753489094.318169, "msecs": 318.16911697387695, "relativeCreated": 10259.104013442993, "thread": 8470454016, "threadName": "MainThread", "processName": "MainProcess", "process": 41256}, {"name": "src.rails.router", "msg": "Routing without user aliases loaded. Call ensure_aliases_loaded() first.", "args": null, "levelname": "WARNING", "levelno": 30, "pathname": "/Users/colinaulds/Desktop/projects/markdown-brain-bot/src/rails/router.py", "filename": "router.py", "module": "router", "exc_info": null, "exc_text": null, "stack_info": null, "lineno": 668, "funcName": "route", "created": 1753489094.3407848, "msecs": 340.78478813171387, "relativeCreated": 10281.71968460083, "thread": 6120534016, "threadName": "Thread-1", "processName": "MainProcess", "process": 41256}, {"name": "src.rails.router", "msg": "Routing without user aliases loaded. Call ensure_aliases_loaded() first.", "args": null, "levelname": "WARNING", "levelno": 30, "pathname": "/Users/colinaulds/Desktop/projects/markdown-brain-bot/src/rails/router.py", "filename": "router.py", "module": "router", "exc_info": null, "exc_text": null, "stack_info": null, "lineno": 668, "funcName": "route", "created": 1753489094.340894, "msecs": 340.8939838409424, "relativeCreated": 10281.828880310059, "thread": 6120534016, "threadName": "Thread-2", "processName": "MainProcess", "process": 41256}, {"name": "src.rails.router", "msg": "Routing without user aliases loaded. Call ensure_aliases_loaded() first.", "args": null, "levelname": "WARNING", "levelno": 30, "pathname": "/Users/colinaulds/Desktop/projects/markdown-brain-bot/src/rails/router.py", "filename": "router.py", "module": "router", "exc_info": null, "exc_text": null, "stack_info": null, "lineno": 668, "funcName": "route", "created": 1753489094.34099, "msecs": 340.9900665283203, "relativeCreated": 10281.924962997437, "thread": 6120534016, "threadName": "Thread-3", "processName": "MainProcess", "process": 41256}, {"name": "src.rails.router", "msg": "Routing without user aliases loaded. Call ensure_aliases_loaded() first.", "args": null, "levelname": "WARNING", "levelno": 30, "pathname": "/Users/colinaulds/Desktop/projects/markdown-brain-bot/src/rails/router.py", "filename": "router.py", "module": "router", "exc_info": null, "exc_text": null, "stack_info": null, "lineno": 668, "funcName": "route", "created": 1753489094.341141, "msecs": 341.1409854888916, "relativeCreated": 10282.075881958008, "thread": 6120534016, "threadName": "Thread-4", "processName": "MainProcess", "process": 41256}, {"name": "src.rails.router", "msg": "Routing without user aliases loaded. Call ensure_aliases_loaded() first.", "args": null, "levelname": "WARNING", "levelno": 30, "pathname": "/Users/colinaulds/Desktop/projects/markdown-brain-bot/src/rails/router.py", "filename": "router.py", "module": "router", "exc_info": null, "exc_text": null, "stack_info": null, "lineno": 668, "funcName": "route", "created": 1753489094.341234, "msecs": 341.2339687347412, "relativeCreated": 10282.168865203857, "thread": 6120534016, "threadName": "Thread-5", "processName": "MainProcess", "process": 41256}, {"name": "src.rails.router", "msg": "Routing without user aliases loaded. Call ensure_aliases_loaded() first.", "args": null, "levelname": "WARNING", "levelno": 30, "pathname": "/Users/colinaulds/Desktop/projects/markdown-brain-bot/src/rails/router.py", "filename": "router.py", "module": "router", "exc_info": null, "exc_text": null, "stack_info": null, "lineno": 668, "funcName": "route", "created": 1753489094.3413188, "msecs": 341.31884574890137, "relativeCreated": 10282.253742218018, "thread": 6120534016, "threadName": "Thread-6", "processName": "MainProcess", "process": 41256}, {"name": "src.rails.router", "msg": "Routing without user aliases loaded. Call ensure_aliases_loaded() first.", "args": null, "levelname": "WARNING", "levelno": 30, "pathname": "/Users/colinaulds/Desktop/projects/markdown-brain-bot/src/rails/router.py", "filename": "router.py", "module": "router", "exc_info": null, "exc_text": null, "stack_info": null, "lineno": 668, "funcName": "route", "created": 1753489094.341402, "msecs": 341.4020538330078, "relativeCreated": 10282.336950302124, "thread": 6120534016, "threadName": "Thread-7", "processName": "MainProcess", "process": 41256}, {"name": "src.rails.router", "msg": "Routing without user aliases loaded. Call ensure_aliases_loaded() first.", "args": null, "levelname": "WARNING", "levelno": 30, "pathname": "/Users/colinaulds/Desktop/projects/markdown-brain-bot/src/rails/router.py", "filename": "router.py", "module": "router", "exc_info": null, "exc_text": null, "stack_info": null, "lineno": 668, "funcName": "route", "created": 1753489094.341483, "msecs": 341.48311614990234, "relativeCreated": 10282.418012619019, "thread": 6120534016, "threadName": "Thread-8", "processName": "MainProcess", "process": 41256}, {"name": "src.rails.router", "msg": "Routing without user aliases loaded. Call ensure_aliases_loaded() first.", "args": null, "levelname": "WARNING", "levelno": 30, "pathname": "/Users/colinaulds/Desktop/projects/markdown-brain-bot/src/rails/router.py", "filename": "router.py", "module": "router", "exc_info": null, "exc_text": null, "stack_info": null, "lineno": 668, "funcName": "route", "created": 1753489094.3415701, "msecs": 341.5701389312744, "relativeCreated": 10282.50503540039, "thread": 6120534016, "threadName": "Thread-9", "processName": "MainProcess", "process": 41256}, {"name": "src.rails.router", "msg": "Routing without user aliases loaded. Call ensure_aliases_loaded() first.", "args": null, "levelname": "WARNING", "levelno": 30, "pathname": "/Users/colinaulds/Desktop/projects/markdown-brain-bot/src/rails/router.py", "filename": "router.py", "module": "router", "exc_info": null, "exc_text": null, "stack_info": null, "lineno": 668, "funcName": "route", "created": 1753489094.3416462, "msecs": 341.6461944580078, "relativeCreated": 10282.581090927124, "thread": 6120534016, "threadName": "Thread-10", "processName": "MainProcess", "process": 41256}, {"name": "src.rails.router", "msg": "Routing without user aliases loaded. Call ensure_aliases_loaded() first.", "args": null, "levelname": "WARNING", "levelno": 30, "pathname": "/Users/colinaulds/Desktop/projects/markdown-brain-bot/src/rails/router.py", "filename": "router.py", "module": "router", "exc_info": null, "exc_text": null, "stack_info": null, "lineno": 668, "funcName": "route", "created": 1753489094.341724, "msecs": 341.7239189147949, "relativeCreated": 10282.658815383911, "thread": 6120534016, "threadName": "Thread-11", "processName": "MainProcess", "process": 41256}, {"name": "src.rails.router", "msg": "Routing without user aliases loaded. Call ensure_aliases_loaded() first.", "args": null, "levelname": "WARNING", "levelno": 30, "pathname": "/Users/colinaulds/Desktop/projects/markdown-brain-bot/src/rails/router.py", "filename": "router.py", "module": "router", "exc_info": null, "exc_text": null, "stack_info": null, "lineno": 668, "funcName": "route", "created": 1753489094.341802, "msecs": 341.80188179016113, "relativeCreated": 10282.736778259277, "thread": 6120534016, "threadName": "Thread-12", "processName": "MainProcess", "process": 41256}, {"name": "src.rails.router", "msg": "Routing without user aliases loaded. Call ensure_aliases_loaded() first.", "args": null, "levelname": "WARNING", "levelno": 30, "pathname": "/Users/colinaulds/Desktop/projects/markdown-brain-bot/src/rails/router.py", "filename": "router.py", "module": "router", "exc_info": null, "exc_text": null, "stack_info": null, "lineno": 668, "funcName": "route", "created": 1753489094.34188, "msecs": 341.88008308410645, "relativeCreated": 10282.814979553223, "thread": 6120534016, "threadName": "Thread-13", "processName": "MainProcess", "process": 41256}, {"name": "src.rails.router", "msg": "Routing without user aliases loaded. Call ensure_aliases_loaded() first.", "args": null, "levelname": "WARNING", "levelno": 30, "pathname": "/Users/colinaulds/Desktop/projects/markdown-brain-bot/src/rails/router.py", "filename": "router.py", "module": "router", "exc_info": null, "exc_text": null, "stack_info": null, "lineno": 668, "funcName": "route", "created": 1753489094.341957, "msecs": 341.95709228515625, "relativeCreated": 10282.891988754272, "thread": 6120534016, "threadName": "Thread-14", "processName": "MainProcess", "process": 41256}, {"name": "src.rails.router", "msg": "Routing without user aliases loaded. Call ensure_aliases_loaded() first.", "args": null, "levelname": "WARNING", "levelno": 30, "pathname": "/Users/colinaulds/Desktop/projects/markdown-brain-bot/src/rails/router.py", "filename": "router.py", "module": "router", "exc_info": null, "exc_text": null, "stack_info": null, "lineno": 668, "funcName": "route", "created": 1753489094.342035, "msecs": 342.03505516052246, "relativeCreated": 10282.969951629639, "thread": 6120534016, "threadName": "Thread-15", "processName": "MainProcess", "process": 41256}, {"name": "src.rails.router", "msg": "Routing without user aliases loaded. Call ensure_aliases_loaded() first.", "args": null, "levelname": "WARNING", "levelno": 30, "pathname": "/Users/colinaulds/Desktop/projects/markdown-brain-bot/src/rails/router.py", "filename": "router.py", "module": "router", "exc_info": null, "exc_text": null, "stack_info": null, "lineno": 668, "funcName": "route", "created": 1753489094.342112, "msecs": 342.11206436157227, "relativeCreated": 10283.046960830688, "thread": 6120534016, "threadName": "Thread-16", "processName": "MainProcess", "process": 41256}, {"name": "src.rails.router", "msg": "Routing without user aliases loaded. Call ensure_aliases_loaded() first.", "args": null, "levelname": "WARNING", "levelno": 30, "pathname": "/Users/colinaulds/Desktop/projects/markdown-brain-bot/src/rails/router.py", "filename": "router.py", "module": "router", "exc_info": null, "exc_text": null, "stack_info": null, "lineno": 668, "funcName": "route", "created": 1753489094.3421912, "msecs": 342.191219329834, "relativeCreated": 10283.12611579895, "thread": 6120534016, "threadName": "Thread-17", "processName": "MainProcess", "process": 41256}, {"name": "src.rails.router", "msg": "Routing without user aliases loaded. Call ensure_aliases_loaded() first.", "args": null, "levelname": "WARNING", "levelno": 30, "pathname": "/Users/colinaulds/Desktop/projects/markdown-brain-bot/src/rails/router.py", "filename": "router.py", "module": "router", "exc_info": null, "exc_text": null, "stack_info": null, "lineno": 668, "funcName": "route", "created": 1753489094.342269, "msecs": 342.2689437866211, "relativeCreated": 10283.203840255737, "thread": 6120534016, "threadName": "Thread-18", "processName": "MainProcess", "process": 41256}, {"name": "src.rails.router", "msg": "Routing without user aliases loaded. Call ensure_aliases_loaded() first.", "args": null, "levelname": "WARNING", "levelno": 30, "pathname": "/Users/colinaulds/Desktop/projects/markdown-brain-bot/src/rails/router.py", "filename": "router.py", "module": "router", "exc_info": null, "exc_text": null, "stack_info": null, "lineno": 668, "funcName": "route", "created": 1753489094.342346, "msecs": 342.3459529876709, "relativeCreated": 10283.280849456787, "thread": 6120534016, "threadName": "Thread-19", "processName": "MainProcess", "process": 41256}, {"name": "src.rails.router", "msg": "Routing without user aliases loaded. Call ensure_aliases_loaded() first.", "args": null, "levelname": "WARNING", "levelno": 30, "pathname": "/Users/colinaulds/Desktop/projects/markdown-brain-bot/src/rails/router.py", "filename": "router.py", "module": "router", "exc_info": null, "exc_text": null, "stack_info": null, "lineno": 668, "funcName": "route", "created": 1753489094.342423, "msecs": 342.4229621887207, "relativeCreated": 10283.357858657837, "thread": 6120534016, "threadName": "Thread-20", "processName": "MainProcess", "process": 41256}, {"name": "src.rails.router", "msg": "Routing without user aliases loaded. Call ensure_aliases_loaded() first.", "args": null, "levelname": "WARNING", "levelno": 30, "pathname": "/Users/colinaulds/Desktop/projects/markdown-brain-bot/src/rails/router.py", "filename": "router.py", "module": "router", "exc_info": null, "exc_text": null, "stack_info": null, "lineno": 668, "funcName": "route", "created": 1753489094.3425071, "msecs": 342.50712394714355, "relativeCreated": 10283.44202041626, "thread": 6120534016, "threadName": "Thread-21", "processName": "MainProcess", "process": 41256}, {"name": "src.rails.router", "msg": "Routing without user aliases loaded. Call ensure_aliases_loaded() first.", "args": null, "levelname": "WARNING", "levelno": 30, "pathname": "/Users/colinaulds/Desktop/projects/markdown-brain-bot/src/rails/router.py", "filename": "router.py", "module": "router", "exc_info": null, "exc_text": null, "stack_info": null, "lineno": 668, "funcName": "route", "created": 1753489094.342585, "msecs": 342.58508682250977, "relativeCreated": 10283.519983291626, "thread": 6120534016, "threadName": "Thread-22", "processName": "MainProcess", "process": 41256}, {"name": "src.rails.router", "msg": "Routing without user aliases loaded. Call ensure_aliases_loaded() first.", "args": null, "levelname": "WARNING", "levelno": 30, "pathname": "/Users/colinaulds/Desktop/projects/markdown-brain-bot/src/rails/router.py", "filename": "router.py", "module": "router", "exc_info": null, "exc_text": null, "stack_info": null, "lineno": 668, "funcName": "route", "created": 1753489094.342664, "msecs": 342.6640033721924, "relativeCreated": 10283.598899841309, "thread": 6120534016, "threadName": "Thread-23", "processName": "MainProcess", "process": 41256}, {"name": "src.rails.router", "msg": "Routing without user aliases loaded. Call ensure_aliases_loaded() first.", "args": null, "levelname": "WARNING", "levelno": 30, "pathname": "/Users/colinaulds/Desktop/projects/markdown-brain-bot/src/rails/router.py", "filename": "router.py", "module": "router", "exc_info": null, "exc_text": null, "stack_info": null, "lineno": 668, "funcName": "route", "created": 1753489094.34274, "msecs": 342.7400588989258, "relativeCreated": 10283.674955368042, "thread": 6120534016, "threadName": "Thread-24", "processName": "MainProcess", "process": 41256}, {"name": "src.rails.router", "msg": "Routing without user aliases loaded. Call ensure_aliases_loaded() first.", "args": null, "levelname": "WARNING", "levelno": 30, "pathname": "/Users/colinaulds/Desktop/projects/markdown-brain-bot/src/rails/router.py", "filename": "router.py", "module": "router", "exc_info": null, "exc_text": null, "stack_info": null, "lineno": 668, "funcName": "route", "created": 1753489094.342818, "msecs": 342.818021774292, "relativeCreated": 10283.752918243408, "thread": 6120534016, "threadName": "Thread-25", "processName": "MainProcess", "process": 41256}, {"name": "src.rails.router", "msg": "Routing without user aliases loaded. Call ensure_aliases_loaded() first.", "args": null, "levelname": "WARNING", "levelno": 30, "pathname": "/Users/colinaulds/Desktop/projects/markdown-brain-bot/src/rails/router.py", "filename": "router.py", "module": "router", "exc_info": null, "exc_text": null, "stack_info": null, "lineno": 668, "funcName": "route", "created": 1753489094.3428962, "msecs": 342.8962230682373, "relativeCreated": 10283.831119537354, "thread": 6120534016, "threadName": "Thread-26", "processName": "MainProcess", "process": 41256}, {"name": "src.rails.router", "msg": "Routing without user aliases loaded. Call ensure_aliases_loaded() first.", "args": null, "levelname": "WARNING", "levelno": 30, "pathname": "/Users/colinaulds/Desktop/projects/markdown-brain-bot/src/rails/router.py", "filename": "router.py", "module": "router", "exc_info": null, "exc_text": null, "stack_info": null, "lineno": 668, "funcName": "route", "created": 1753489094.343041, "msecs": 343.04094314575195, "relativeCreated": 10283.975839614868, "thread": 6120534016, "threadName": "Thread-27", "processName": "MainProcess", "process": 41256}, {"name": "src.rails.router", "msg": "Routing without user aliases loaded. Call ensure_aliases_loaded() first.", "args": null, "levelname": "WARNING", "levelno": 30, "pathname": "/Users/colinaulds/Desktop/projects/markdown-brain-bot/src/rails/router.py", "filename": "router.py", "module": "router", "exc_info": null, "exc_text": null, "stack_info": null, "lineno": 668, "funcName": "route", "created": 1753489094.3431199, "msecs": 343.11985969543457, "relativeCreated": 10284.05475616455, "thread": 6120534016, "threadName": "Thread-28", "processName": "MainProcess", "process": 41256}, {"name": "src.rails.router", "msg": "Routing without user aliases loaded. Call ensure_aliases_loaded() first.", "args": null, "levelname": "WARNING", "levelno": 30, "pathname": "/Users/colinaulds/Desktop/projects/markdown-brain-bot/src/rails/router.py", "filename": "router.py", "module": "router", "exc_info": null, "exc_text": null, "stack_info": null, "lineno": 668, "funcName": "route", "created": 1753489094.343201, "msecs": 343.2009220123291, "relativeCreated": 10284.135818481445, "thread": 6120534016, "threadName": "Thread-29", "processName": "MainProcess", "process": 41256}, {"name": "src.rails.router", "msg": "Routing without user aliases loaded. Call ensure_aliases_loaded() first.", "args": null, "levelname": "WARNING", "levelno": 30, "pathname": "/Users/colinaulds/Desktop/projects/markdown-brain-bot/src/rails/router.py", "filename": "router.py", "module": "router", "exc_info": null, "exc_text": null, "stack_info": null, "lineno": 668, "funcName": "route", "created": 1753489094.34328, "msecs": 343.2800769805908, "relativeCreated": 10284.214973449707, "thread": 6120534016, "threadName": "Thread-30", "processName": "MainProcess", "process": 41256}, {"name": "src.rails.router", "msg": "Routing without user aliases loaded. Call ensure_aliases_loaded() first.", "args": null, "levelname": "WARNING", "levelno": 30, "pathname": "/Users/colinaulds/Desktop/projects/markdown-brain-bot/src/rails/router.py", "filename": "router.py", "module": "router", "exc_info": null, "exc_text": null, "stack_info": null, "lineno": 668, "funcName": "route", "created": 1753489094.343363, "msecs": 343.36304664611816, "relativeCreated": 10284.297943115234, "thread": 6120534016, "threadName": "Thread-31", "processName": "MainProcess", "process": 41256}, {"name": "src.rails.router", "msg": "Routing without user aliases loaded. Call ensure_aliases_loaded() first.", "args": null, "levelname": "WARNING", "levelno": 30, "pathname": "/Users/colinaulds/Desktop/projects/markdown-brain-bot/src/rails/router.py", "filename": "router.py", "module": "router", "exc_info": null, "exc_text": null, "stack_info": null, "lineno": 668, "funcName": "route", "created": 1753489094.343442, "msecs": 343.4419631958008, "relativeCreated": 10284.376859664917, "thread": 6120534016, "threadName": "Thread-32", "processName": "MainProcess", "process": 41256}, {"name": "src.rails.router", "msg": "Routing without user aliases loaded. Call ensure_aliases_loaded() first.", "args": null, "levelname": "WARNING", "levelno": 30, "pathname": "/Users/colinaulds/Desktop/projects/markdown-brain-bot/src/rails/router.py", "filename": "router.py", "module": "router", "exc_info": null, "exc_text": null, "stack_info": null, "lineno": 668, "funcName": "route", "created": 1753489094.343523, "msecs": 343.5230255126953, "relativeCreated": 10284.457921981812, "thread": 6120534016, "threadName": "Thread-33", "processName": "MainProcess", "process": 41256}, {"name": "src.rails.router", "msg": "Routing without user aliases loaded. Call ensure_aliases_loaded() first.", "args": null, "levelname": "WARNING", "levelno": 30, "pathname": "/Users/colinaulds/Desktop/projects/markdown-brain-bot/src/rails/router.py", "filename": "router.py", "module": "router", "exc_info": null, "exc_text": null, "stack_info": null, "lineno": 668, "funcName": "route", "created": 1753489094.3436, "msecs": 343.6000347137451, "relativeCreated": 10284.534931182861, "thread": 6120534016, "threadName": "Thread-34", "processName": "MainProcess", "process": 41256}, {"name": "src.rails.router", "msg": "Routing without user aliases loaded. Call ensure_aliases_loaded() first.", "args": null, "levelname": "WARNING", "levelno": 30, "pathname": "/Users/colinaulds/Desktop/projects/markdown-brain-bot/src/rails/router.py", "filename": "router.py", "module": "router", "exc_info": null, "exc_text": null, "stack_info": null, "lineno": 668, "funcName": "route", "created": 1753489094.343683, "msecs": 343.68300437927246, "relativeCreated": 10284.617900848389, "thread": 6120534016, "threadName": "Thread-35", "processName": "MainProcess", "process": 41256}, {"name": "src.rails.router", "msg": "Routing without user aliases loaded. Call ensure_aliases_loaded() first.", "args": null, "levelname": "WARNING", "levelno": 30, "pathname": "/Users/colinaulds/Desktop/projects/markdown-brain-bot/src/rails/router.py", "filename": "router.py", "module": "router", "exc_info": null, "exc_text": null, "stack_info": null, "lineno": 668, "funcName": "route", "created": 1753489094.343765, "msecs": 343.7650203704834, "relativeCreated": 10284.6999168396, "thread": 6120534016, "threadName": "Thread-36", "processName": "MainProcess", "process": 41256}, {"name": "src.rails.router", "msg": "Routing without user aliases loaded. Call ensure_aliases_loaded() first.", "args": null, "levelname": "WARNING", "levelno": 30, "pathname": "/Users/colinaulds/Desktop/projects/markdown-brain-bot/src/rails/router.py", "filename": "router.py", "module": "router", "exc_info": null, "exc_text": null, "stack_info": null, "lineno": 668, "funcName": "route", "created": 1753489094.3438468, "msecs": 343.84679794311523, "relativeCreated": 10284.781694412231, "thread": 6120534016, "threadName": "Thread-37", "processName": "MainProcess", "process": 41256}, {"name": "src.rails.router", "msg": "Routing without user aliases loaded. Call ensure_aliases_loaded() first.", "args": null, "levelname": "WARNING", "levelno": 30, "pathname": "/Users/colinaulds/Desktop/projects/markdown-brain-bot/src/rails/router.py", "filename": "router.py", "module": "router", "exc_info": null, "exc_text": null, "stack_info": null, "lineno": 668, "funcName": "route", "created": 1753489094.343928, "msecs": 343.92809867858887, "relativeCreated": 10284.862995147705, "thread": 6120534016, "threadName": "Thread-38", "processName": "MainProcess", "process": 41256}, {"name": "src.rails.router", "msg": "Routing without user aliases loaded. Call ensure_aliases_loaded() first.", "args": null, "levelname": "WARNING", "levelno": 30, "pathname": "/Users/colinaulds/Desktop/projects/markdown-brain-bot/src/rails/router.py", "filename": "router.py", "module": "router", "exc_info": null, "exc_text": null, "stack_info": null, "lineno": 668, "funcName": "route", "created": 1753489094.3440099, "msecs": 344.0098762512207, "relativeCreated": 10284.944772720337, "thread": 6120534016, "threadName": "Thread-39", "processName": "MainProcess", "process": 41256}, {"name": "src.rails.router", "msg": "Routing without user aliases loaded. Call ensure_aliases_loaded() first.", "args": null, "levelname": "WARNING", "levelno": 30, "pathname": "/Users/colinaulds/Desktop/projects/markdown-brain-bot/src/rails/router.py", "filename": "router.py", "module": "router", "exc_info": null, "exc_text": null, "stack_info": null, "lineno": 668, "funcName": "route", "created": 1753489094.344089, "msecs": 344.0890312194824, "relativeCreated": 10285.023927688599, "thread": 6120534016, "threadName": "Thread-40", "processName": "MainProcess", "process": 41256}, {"name": "src.rails.router", "msg": "Routing without user aliases loaded. Call ensure_aliases_loaded() first.", "args": null, "levelname": "WARNING", "levelno": 30, "pathname": "/Users/colinaulds/Desktop/projects/markdown-brain-bot/src/rails/router.py", "filename": "router.py", "module": "router", "exc_info": null, "exc_text": null, "stack_info": null, "lineno": 668, "funcName": "route", "created": 1753489094.344175, "msecs": 344.1751003265381, "relativeCreated": 10285.109996795654, "thread": 6120534016, "threadName": "Thread-41", "processName": "MainProcess", "process": 41256}, {"name": "src.rails.router", "msg": "Routing without user aliases loaded. Call ensure_aliases_loaded() first.", "args": null, "levelname": "WARNING", "levelno": 30, "pathname": "/Users/colinaulds/Desktop/projects/markdown-brain-bot/src/rails/router.py", "filename": "router.py", "module": "router", "exc_info": null, "exc_text": null, "stack_info": null, "lineno": 668, "funcName": "route", "created": 1753489094.3442502, "msecs": 344.2502021789551, "relativeCreated": 10285.185098648071, "thread": 6120534016, "threadName": "Thread-42", "processName": "MainProcess", "process": 41256}, {"name": "src.rails.router", "msg": "Routing without user aliases loaded. Call ensure_aliases_loaded() first.", "args": null, "levelname": "WARNING", "levelno": 30, "pathname": "/Users/colinaulds/Desktop/projects/markdown-brain-bot/src/rails/router.py", "filename": "router.py", "module": "router", "exc_info": null, "exc_text": null, "stack_info": null, "lineno": 668, "funcName": "route", "created": 1753489094.344328, "msecs": 344.3279266357422, "relativeCreated": 10285.262823104858, "thread": 6120534016, "threadName": "Thread-43", "processName": "MainProcess", "process": 41256}, {"name": "src.rails.router", "msg": "Routing without user aliases loaded. Call ensure_aliases_loaded() first.", "args": null, "levelname": "WARNING", "levelno": 30, "pathname": "/Users/colinaulds/Desktop/projects/markdown-brain-bot/src/rails/router.py", "filename": "router.py", "module": "router", "exc_info": null, "exc_text": null, "stack_info": null, "lineno": 668, "funcName": "route", "created": 1753489094.3444061, "msecs": 344.4061279296875, "relativeCreated": 10285.341024398804, "thread": 6120534016, "threadName": "Thread-44", "processName": "MainProcess", "process": 41256}, {"name": "src.rails.router", "msg": "Routing without user aliases loaded. Call ensure_aliases_loaded() first.", "args": null, "levelname": "WARNING", "levelno": 30, "pathname": "/Users/colinaulds/Desktop/projects/markdown-brain-bot/src/rails/router.py", "filename": "router.py", "module": "router", "exc_info": null, "exc_text": null, "stack_info": null, "lineno": 668, "funcName": "route", "created": 1753489094.344487, "msecs": 344.48695182800293, "relativeCreated": 10285.42184829712, "thread": 6120534016, "threadName": "Thread-45", "processName": "MainProcess", "process": 41256}, {"name": "src.rails.router", "msg": "Routing without user aliases loaded. Call ensure_aliases_loaded() first.", "args": null, "levelname": "WARNING", "levelno": 30, "pathname": "/Users/colinaulds/Desktop/projects/markdown-brain-bot/src/rails/router.py", "filename": "router.py", "module": "router", "exc_info": null, "exc_text": null, "stack_info": null, "lineno": 668, "funcName": "route", "created": 1753489094.344568, "msecs": 344.56801414489746, "relativeCreated": 10285.502910614014, "thread": 6120534016, "threadName": "Thread-46", "processName": "MainProcess", "process": 41256}, {"name": "src.rails.router", "msg": "Routing without user aliases loaded. Call ensure_aliases_loaded() first.", "args": null, "levelname": "WARNING", "levelno": 30, "pathname": "/Users/colinaulds/Desktop/projects/markdown-brain-bot/src/rails/router.py", "filename": "router.py", "module": "router", "exc_info": null, "exc_text": null, "stack_info": null, "lineno": 668, "funcName": "route", "created": 1753489094.344651, "msecs": 344.6509838104248, "relativeCreated": 10285.585880279541, "thread": 6120534016, "threadName": "Thread-47", "processName": "MainProcess", "process": 41256}, {"name": "src.rails.router", "msg": "Routing without user aliases loaded. Call ensure_aliases_loaded() first.", "args": null, "levelname": "WARNING", "levelno": 30, "pathname": "/Users/colinaulds/Desktop/projects/markdown-brain-bot/src/rails/router.py", "filename": "router.py", "module": "router", "exc_info": null, "exc_text": null, "stack_info": null, "lineno": 668, "funcName": "route", "created": 1753489094.3447301, "msecs": 344.7301387786865, "relativeCreated": 10285.665035247803, "thread": 6120534016, "threadName": "Thread-48", "processName": "MainProcess", "process": 41256}, {"name": "src.rails.router", "msg": "Routing without user aliases loaded. Call ensure_aliases_loaded() first.", "args": null, "levelname": "WARNING", "levelno": 30, "pathname": "/Users/colinaulds/Desktop/projects/markdown-brain-bot/src/rails/router.py", "filename": "router.py", "module": "router", "exc_info": null, "exc_text": null, "stack_info": null, "lineno": 668, "funcName": "route", "created": 1753489094.344842, "msecs": 344.84195709228516, "relativeCreated": 10285.776853561401, "thread": 6120534016, "threadName": "Thread-49", "processName": "MainProcess", "process": 41256}, {"name": "src.rails.router", "msg": "Routing without user aliases loaded. Call ensure_aliases_loaded() first.", "args": null, "levelname": "WARNING", "levelno": 30, "pathname": "/Users/colinaulds/Desktop/projects/markdown-brain-bot/src/rails/router.py", "filename": "router.py", "module": "router", "exc_info": null, "exc_text": null, "stack_info": null, "lineno": 668, "funcName": "route", "created": 1753489094.344934, "msecs": 344.93398666381836, "relativeCreated": 10285.868883132935, "thread": 6120534016, "threadName": "Thread-50", "processName": "MainProcess", "process": 41256}]}, "teardown": {"duration": 0.0003748750000003298, "outcome": "passed"}}, {"nodeid": "tests/integration/test_rails_integration.py::TestRailsIntegration::test_field_report_routing_and_validation", "lineno": 438, "outcome": "failed", "keywords": ["test_field_report_routing_and_validation", "asyncio", "pytestmark", "TestRailsIntegration", "test_rails_integration.py", "integration", "tests", "markdown-brain-bot", ""], "setup": {"duration": 0.00038033299999895576, "outcome": "passed"}, "call": {"duration": 0.0008558330000010272, "outcome": "failed", "crash": {"path": "/Users/colinaulds/Desktop/projects/markdown-brain-bot/tests/integration/test_rails_integration.py", "lineno": 463, "message": "AssertionError: assert 'tasks' == 'field_reports'\n  \n  - field_reports\n  + tasks"}, "traceback": [{"path": "tests/integration/test_rails_integration.py", "lineno": 463, "message": "in test_field_report_routing_and_validation"}], "log": [{"name": "src.rails.router", "msg": "Routing without user aliases loaded. Call ensure_aliases_loaded() first.", "args": null, "levelname": "WARNING", "levelno": 30, "pathname": "/Users/colinaulds/Desktop/projects/markdown-brain-bot/src/rails/router.py", "filename": "router.py", "module": "router", "exc_info": null, "exc_text": null, "stack_info": null, "lineno": 668, "funcName": "route", "created": 1753489094.3467789, "msecs": 346.77886962890625, "relativeCreated": 10287.713766098022, "thread": 8470454016, "threadName": "MainThread", "processName": "MainProcess", "process": 41256}], "longrepr": "tests/integration/test_rails_integration.py:463: in test_field_report_routing_and_validation\n    assert result.entity_type == \"field_reports\"\nE   AssertionError: assert 'tasks' == 'field_reports'\nE     \nE     - field_reports\nE     + tasks"}, "teardown": {"duration": 0.00031687500000110447, "outcome": "passed"}}, {"nodeid": "tests/integration/test_rails_integration.py::TestRailsIntegration::test_telegram_command_routing", "lineno": 583, "outcome": "failed", "keywords": ["test_telegram_command_routing", "TestRailsIntegration", "test_rails_integration.py", "integration", "tests", "markdown-brain-bot", ""], "setup": {"duration": 0.0003377079999999921, "outcome": "passed"}, "call": {"duration": 0.0002002090000008394, "outcome": "failed", "crash": {"path": "/Users/colinaulds/Desktop/projects/markdown-brain-bot/tests/integration/test_rails_integration.py", "lineno": 591, "message": "AssertionError: assert 0.7999999999999999 > 0.8\n +  where 0.7999999999999999 = RouteResult(entity_type='tasks', operation='read', function_name='list_tasks', confidence=0.7999999999999999, extracted_data={'entity_type': 'tasks'}, use_direct_execution=False, target_users=[], entity_confidence=1.0, operation_confidence=0.7999999999999999, assignee_confidence=None).confidence"}, "traceback": [{"path": "tests/integration/test_rails_integration.py", "lineno": 591, "message": "in test_telegram_command_routing"}], "longrepr": "tests/integration/test_rails_integration.py:591: in test_telegram_command_routing\n    assert result.confidence > 0.8\nE   AssertionError: assert 0.7999999999999999 > 0.8\nE    +  where 0.7999999999999999 = RouteResult(entity_type='tasks', operation='read', function_name='list_tasks', confidence=0.7999999999999999, extracted_data={'entity_type': 'tasks'}, use_direct_execution=False, target_users=[], entity_confidence=1.0, operation_confidence=0.7999999999999999, assignee_confidence=None).confidence"}, "teardown": {"duration": 0.0004039999999996269, "outcome": "passed"}}, {"nodeid": "tests/integration/test_rails_integration.py::TestRailsIntegration::test_extraction_schema_integration", "lineno": 681, "outcome": "failed", "keywords": ["test_extraction_schema_integration", "TestRailsIntegration", "test_rails_integration.py", "integration", "tests", "markdown-brain-bot", ""], "setup": {"duration": 0.00037708299999827943, "outcome": "passed"}, "call": {"duration": 0.0002137500000003456, "outcome": "failed", "crash": {"path": "/Users/colinaulds/Desktop/projects/markdown-brain-bot/src/rails/processors/task_processor.py", "lineno": 20, "message": "ValueError: Operation cannot be None"}, "traceback": [{"path": "tests/integration/test_rails_integration.py", "lineno": 703, "message": "in test_extraction_schema_integration"}, {"path": "src/rails/processors/task_processor.py", "lineno": 20, "message": "in get_extraction_schema"}], "longrepr": "tests/integration/test_rails_integration.py:703: in test_extraction_schema_integration\n    schema = task_processor.get_extraction_schema(result.operation)\nsrc/rails/processors/task_processor.py:20: in get_extraction_schema\n    raise ValueError(\"Operation cannot be None\")\nE   ValueError: Operation cannot be None"}, "teardown": {"duration": 0.00030712500000085186, "outcome": "passed"}}, {"nodeid": "tests/integration/test_rails_integration.py::TestPerformance::test_routing_performance", "lineno": 815, "outcome": "passed", "keywords": ["test_routing_performance", "TestPerformance", "test_rails_integration.py", "integration", "tests", "markdown-brain-bot", ""], "setup": {"duration": 0.0003362920000000713, "outcome": "passed"}, "call": {"duration": 0.002672624999998874, "outcome": "passed"}, "teardown": {"duration": 0.00025816700000014237, "outcome": "passed"}}, {"nodeid": "tests/integration/test_rails_integration.py::TestPerformance::test_concurrent_routing", "lineno": 904, "outcome": "passed", "keywords": ["test_concurrent_routing", "asyncio", "pytestmark", "TestPerformance", "test_rails_integration.py", "integration", "tests", "markdown-brain-bot", ""], "setup": {"duration": 0.0003157080000004697, "outcome": "passed"}, "call": {"duration": 0.11852462500000094, "outcome": "passed"}, "teardown": {"duration": 0.00034500000000114994, "outcome": "passed"}}, {"nodeid": "tests/integration/test_rails_integration.py::TestPerformance::test_router_state_isolation", "lineno": 1014, "outcome": "failed", "keywords": ["test_router_state_isolation", "asyncio", "pytestmark", "TestPerformance", "test_rails_integration.py", "integration", "tests", "markdown-brain-bot", ""], "setup": {"duration": 0.0003457499999992564, "outcome": "passed"}, "call": {"duration": 0.000984083000000524, "outcome": "failed", "crash": {"path": "/Users/colinaulds/Desktop/projects/markdown-brain-bot/tests/integration/test_rails_integration.py", "lineno": 1060, "message": "AttributeError: 'SynonymLibrary' object has no attribute 'entity_keywords'"}, "traceback": [{"path": "tests/integration/test_rails_integration.py", "lineno": 1060, "message": "in test_router_state_isolation"}], "longrepr": "tests/integration/test_rails_integration.py:1060: in test_router_state_isolation\n    assert \"custom\" not in router4.synonym_lib.entity_keywords.get(\"lists\", [])\nE   AttributeError: 'SynonymLibrary' object has no attribute 'entity_keywords'"}, "teardown": {"duration": 0.00037187500000079865, "outcome": "passed"}}, {"nodeid": "tests/integration/test_rails_integration.py::TestPerformance::test_performance_with_many_aliases_behavior", "lineno": 1125, "outcome": "passed", "keywords": ["test_performance_with_many_aliases_behavior", "TestPerformance", "test_rails_integration.py", "integration", "tests", "markdown-brain-bot", ""], "setup": {"duration": 0.0003539169999999814, "outcome": "passed"}, "call": {"duration": 0.0024476659999983497, "outcome": "passed"}, "teardown": {"duration": 0.00026762499999932743, "outcome": "passed"}}, {"nodeid": "tests/integration/test_rails_integration.py::TestPerformance::test_database_operation_performance", "lineno": 1234, "outcome": "failed", "keywords": ["test_database_operation_performance", "asyncio", "pytestmark", "TestPerformance", "test_rails_integration.py", "integration", "tests", "markdown-brain-bot", ""], "setup": {"duration": 0.00031324999999959857, "outcome": "passed"}, "call": {"duration": 0.0005971669999986773, "outcome": "failed", "crash": {"path": "/Users/colinaulds/Desktop/projects/markdown-brain-bot/tests/integration/test_rails_integration.py", "lineno": 1245, "message": "AttributeError: 'coroutine' object has no attribute 'select'"}, "traceback": [{"path": "tests/integration/test_rails_integration.py", "lineno": 1245, "message": "in test_database_operation_performance"}], "longrepr": "tests/integration/test_rails_integration.py:1245: in test_database_operation_performance\n    mock_supabase.table().select().eq().execute = slow_response\nE   AttributeError: 'coroutine' object has no attribute 'select'"}, "teardown": {"duration": 0.00027358400000032645, "outcome": "passed"}}, {"nodeid": "tests/integration/test_rails_integration.py::TestPerformance::test_database_failure_edge_cases", "lineno": 1368, "outcome": "failed", "keywords": ["test_database_failure_edge_cases", "asyncio", "pytestmark", "TestPerformance", "test_rails_integration.py", "integration", "tests", "markdown-brain-bot", ""], "setup": {"duration": 0.0003155830000007853, "outcome": "passed"}, "call": {"duration": 0.0008287080000002334, "outcome": "failed", "crash": {"path": "/Users/colinaulds/Desktop/projects/markdown-brain-bot/tests/integration/test_rails_integration.py", "lineno": 1381, "message": "AssertionError: assert None == 'lists'\n +  where None = RouteResult(entity_type=None, operation=None, function_name=None, confidence=0.0, extracted_data={}, use_direct_execution=False, target_users=[], entity_confidence=None, operation_confidence=None, assignee_confidence=None).entity_type"}, "traceback": [{"path": "tests/integration/test_rails_integration.py", "lineno": 1381, "message": "in test_database_failure_edge_cases"}], "log": [{"name": "src.rails.router", "msg": "Routing without user aliases loaded. Call ensure_aliases_loaded() first.", "args": null, "levelname": "WARNING", "levelno": 30, "pathname": "/Users/colinaulds/Desktop/projects/markdown-brain-bot/src/rails/router.py", "filename": "router.py", "module": "router", "exc_info": null, "exc_text": null, "stack_info": null, "lineno": 668, "funcName": "route", "created": 1753489094.542169, "msecs": 542.1690940856934, "relativeCreated": 10483.10399055481, "thread": 8470454016, "threadName": "MainThread", "processName": "MainProcess", "process": 41256}], "longrepr": "tests/integration/test_rails_integration.py:1381: in test_database_failure_edge_cases\n    assert result.entity_type == \"lists\"\nE   AssertionError: assert None == 'lists'\nE    +  where None = RouteResult(entity_type=None, operation=None, function_name=None, confidence=0.0, extracted_data={}, use_direct_execution=False, target_users=[], entity_confidence=None, operation_confidence=None, assignee_confidence=None).entity_type"}, "teardown": {"duration": 0.00026133299999919757, "outcome": "passed"}}, {"nodeid": "tests/integration/test_rails_integration.py::TestPerformance::test_message_injection_and_security", "lineno": 1440, "outcome": "passed", "keywords": ["test_message_injection_and_security", "asyncio", "pytestmark", "TestPerformance", "test_rails_integration.py", "integration", "tests", "markdown-brain-bot", ""], "setup": {"duration": 0.00030216599999910443, "outcome": "passed"}, "call": {"duration": 0.0010406669999998286, "outcome": "passed", "log": [{"name": "src.rails.router", "msg": "Routing without user aliases loaded. Call ensure_aliases_loaded() first.", "args": null, "levelname": "WARNING", "levelno": 30, "pathname": "/Users/colinaulds/Desktop/projects/markdown-brain-bot/src/rails/router.py", "filename": "router.py", "module": "router", "exc_info": null, "exc_text": null, "stack_info": null, "lineno": 668, "funcName": "route", "created": 1753489094.550762, "msecs": 550.7619380950928, "relativeCreated": 10491.696834564209, "thread": 8470454016, "threadName": "MainThread", "processName": "MainProcess", "process": 41256}, {"name": "src.rails.router", "msg": "Routing without user aliases loaded. Call ensure_aliases_loaded() first.", "args": null, "levelname": "WARNING", "levelno": 30, "pathname": "/Users/colinaulds/Desktop/projects/markdown-brain-bot/src/rails/router.py", "filename": "router.py", "module": "router", "exc_info": null, "exc_text": null, "stack_info": null, "lineno": 668, "funcName": "route", "created": 1753489094.5508218, "msecs": 550.8217811584473, "relativeCreated": 10491.756677627563, "thread": 8470454016, "threadName": "MainThread", "processName": "MainProcess", "process": 41256}, {"name": "src.rails.router", "msg": "Routing without user aliases loaded. Call ensure_aliases_loaded() first.", "args": null, "levelname": "WARNING", "levelno": 30, "pathname": "/Users/colinaulds/Desktop/projects/markdown-brain-bot/src/rails/router.py", "filename": "router.py", "module": "router", "exc_info": null, "exc_text": null, "stack_info": null, "lineno": 668, "funcName": "route", "created": 1753489094.550868, "msecs": 550.868034362793, "relativeCreated": 10491.80293083191, "thread": 8470454016, "threadName": "MainThread", "processName": "MainProcess", "process": 41256}, {"name": "src.rails.router", "msg": "Routing without user aliases loaded. Call ensure_aliases_loaded() first.", "args": null, "levelname": "WARNING", "levelno": 30, "pathname": "/Users/colinaulds/Desktop/projects/markdown-brain-bot/src/rails/router.py", "filename": "router.py", "module": "router", "exc_info": null, "exc_text": null, "stack_info": null, "lineno": 668, "funcName": "route", "created": 1753489094.550909, "msecs": 550.9090423583984, "relativeCreated": 10491.843938827515, "thread": 8470454016, "threadName": "MainThread", "processName": "MainProcess", "process": 41256}, {"name": "src.rails.router", "msg": "Routing without user aliases loaded. Call ensure_aliases_loaded() first.", "args": null, "levelname": "WARNING", "levelno": 30, "pathname": "/Users/colinaulds/Desktop/projects/markdown-brain-bot/src/rails/router.py", "filename": "router.py", "module": "router", "exc_info": null, "exc_text": null, "stack_info": null, "lineno": 668, "funcName": "route", "created": 1753489094.550945, "msecs": 550.9450435638428, "relativeCreated": 10491.879940032959, "thread": 8470454016, "threadName": "MainThread", "processName": "MainProcess", "process": 41256}, {"name": "src.rails.router", "msg": "Routing without user aliases loaded. Call ensure_aliases_loaded() first.", "args": null, "levelname": "WARNING", "levelno": 30, "pathname": "/Users/colinaulds/Desktop/projects/markdown-brain-bot/src/rails/router.py", "filename": "router.py", "module": "router", "exc_info": null, "exc_text": null, "stack_info": null, "lineno": 668, "funcName": "route", "created": 1753489094.550983, "msecs": 550.9829521179199, "relativeCreated": 10491.917848587036, "thread": 8470454016, "threadName": "MainThread", "processName": "MainProcess", "process": 41256}, {"name": "src.rails.router", "msg": "Routing without user aliases loaded. Call ensure_aliases_loaded() first.", "args": null, "levelname": "WARNING", "levelno": 30, "pathname": "/Users/colinaulds/Desktop/projects/markdown-brain-bot/src/rails/router.py", "filename": "router.py", "module": "router", "exc_info": null, "exc_text": null, "stack_info": null, "lineno": 668, "funcName": "route", "created": 1753489094.5510201, "msecs": 551.0201454162598, "relativeCreated": 10491.955041885376, "thread": 8470454016, "threadName": "MainThread", "processName": "MainProcess", "process": 41256}, {"name": "src.rails.router", "msg": "Routing without user aliases loaded. Call ensure_aliases_loaded() first.", "args": null, "levelname": "WARNING", "levelno": 30, "pathname": "/Users/colinaulds/Desktop/projects/markdown-brain-bot/src/rails/router.py", "filename": "router.py", "module": "router", "exc_info": null, "exc_text": null, "stack_info": null, "lineno": 668, "funcName": "route", "created": 1753489094.551059, "msecs": 551.0590076446533, "relativeCreated": 10491.99390411377, "thread": 8470454016, "threadName": "MainThread", "processName": "MainProcess", "process": 41256}, {"name": "src.rails.router", "msg": "Routing without user aliases loaded. Call ensure_aliases_loaded() first.", "args": null, "levelname": "WARNING", "levelno": 30, "pathname": "/Users/colinaulds/Desktop/projects/markdown-brain-bot/src/rails/router.py", "filename": "router.py", "module": "router", "exc_info": null, "exc_text": null, "stack_info": null, "lineno": 668, "funcName": "route", "created": 1753489094.551093, "msecs": 551.0931015014648, "relativeCreated": 10492.027997970581, "thread": 8470454016, "threadName": "MainThread", "processName": "MainProcess", "process": 41256}, {"name": "src.rails.router", "msg": "Routing without user aliases loaded. Call ensure_aliases_loaded() first.", "args": null, "levelname": "WARNING", "levelno": 30, "pathname": "/Users/colinaulds/Desktop/projects/markdown-brain-bot/src/rails/router.py", "filename": "router.py", "module": "router", "exc_info": null, "exc_text": null, "stack_info": null, "lineno": 668, "funcName": "route", "created": 1753489094.551129, "msecs": 551.1291027069092, "relativeCreated": 10492.063999176025, "thread": 8470454016, "threadName": "MainThread", "processName": "MainProcess", "process": 41256}, {"name": "src.rails.router", "msg": "Routing without user aliases loaded. Call ensure_aliases_loaded() first.", "args": null, "levelname": "WARNING", "levelno": 30, "pathname": "/Users/colinaulds/Desktop/projects/markdown-brain-bot/src/rails/router.py", "filename": "router.py", "module": "router", "exc_info": null, "exc_text": null, "stack_info": null, "lineno": 668, "funcName": "route", "created": 1753489094.551161, "msecs": 551.1610507965088, "relativeCreated": 10492.095947265625, "thread": 8470454016, "threadName": "MainThread", "processName": "MainProcess", "process": 41256}, {"name": "src.rails.router", "msg": "Routing without user aliases loaded. Call ensure_aliases_loaded() first.", "args": null, "levelname": "WARNING", "levelno": 30, "pathname": "/Users/colinaulds/Desktop/projects/markdown-brain-bot/src/rails/router.py", "filename": "router.py", "module": "router", "exc_info": null, "exc_text": null, "stack_info": null, "lineno": 668, "funcName": "route", "created": 1753489094.5511942, "msecs": 551.1941909790039, "relativeCreated": 10492.12908744812, "thread": 8470454016, "threadName": "MainThread", "processName": "MainProcess", "process": 41256}, {"name": "src.rails.router", "msg": "Routing without user aliases loaded. Call ensure_aliases_loaded() first.", "args": null, "levelname": "WARNING", "levelno": 30, "pathname": "/Users/colinaulds/Desktop/projects/markdown-brain-bot/src/rails/router.py", "filename": "router.py", "module": "router", "exc_info": null, "exc_text": null, "stack_info": null, "lineno": 668, "funcName": "route", "created": 1753489094.5512881, "msecs": 551.2881278991699, "relativeCreated": 10492.223024368286, "thread": 8470454016, "threadName": "MainThread", "processName": "MainProcess", "process": 41256}, {"name": "src.rails.router", "msg": "Routing without user aliases loaded. Call ensure_aliases_loaded() first.", "args": null, "levelname": "WARNING", "levelno": 30, "pathname": "/Users/colinaulds/Desktop/projects/markdown-brain-bot/src/rails/router.py", "filename": "router.py", "module": "router", "exc_info": null, "exc_text": null, "stack_info": null, "lineno": 668, "funcName": "route", "created": 1753489094.551323, "msecs": 551.3229370117188, "relativeCreated": 10492.257833480835, "thread": 8470454016, "threadName": "MainThread", "processName": "MainProcess", "process": 41256}]}, "teardown": {"duration": 0.0002540409999998161, "outcome": "passed"}}, {"nodeid": "tests/integration/test_rails_integration.py::TestPerformance::test_memory_and_resource_limits", "lineno": 1500, "outcome": "passed", "keywords": ["test_memory_and_resource_limits", "asyncio", "pytestmark", "TestPerformance", "test_rails_integration.py", "integration", "tests", "markdown-brain-bot", ""], "setup": {"duration": 0.00029658300000079407, "outcome": "passed"}, "call": {"duration": 0.01400612499999987, "outcome": "passed", "log": [{"name": "src.rails.router", "msg": "Failed to load user aliases: 'coroutine' object has no attribute 'select'", "args": null, "levelname": "ERROR", "levelno": 40, "pathname": "/Users/colinaulds/Desktop/projects/markdown-brain-bot/src/rails/router.py", "filename": "router.py", "module": "router", "exc_info": null, "exc_text": null, "stack_info": null, "lineno": 149, "funcName": "load_user_aliases", "created": 1753489094.5639858, "msecs": 563.9858245849609, "relativeCreated": 10504.920721054077, "thread": 8470454016, "threadName": "MainThread", "processName": "MainProcess", "process": 41256}, {"name": "src.rails.processors.list_processor", "msg": "Could not validate site protection: 'coroutine' object has no attribute 'select'", "args": null, "levelname": "WARNING", "levelno": 30, "pathname": "/Users/colinaulds/Desktop/projects/markdown-brain-bot/src/rails/processors/list_processor.py", "filename": "list_processor.py", "module": "list_processor", "exc_info": null, "exc_text": null, "stack_info": null, "lineno": 125, "funcName": "validate_operation", "created": 1753489094.564041, "msecs": 564.0408992767334, "relativeCreated": 10504.97579574585, "thread": 8470454016, "threadName": "MainThread", "processName": "MainProcess", "process": 41256}, {"name": "src.rails.processors.list_processor", "msg": "Could not validate site protection: 'coroutine' object has no attribute 'select'", "args": null, "levelname": "WARNING", "levelno": 30, "pathname": "/Users/colinaulds/Desktop/projects/markdown-brain-bot/src/rails/processors/list_processor.py", "filename": "list_processor.py", "module": "list_processor", "exc_info": null, "exc_text": null, "stack_info": null, "lineno": 125, "funcName": "validate_operation", "created": 1753489094.564071, "msecs": 564.0709400177002, "relativeCreated": 10505.005836486816, "thread": 8470454016, "threadName": "MainThread", "processName": "MainProcess", "process": 41256}, {"name": "src.rails.processors.list_processor", "msg": "Could not validate site protection: 'coroutine' object has no attribute 'select'", "args": null, "levelname": "WARNING", "levelno": 30, "pathname": "/Users/colinaulds/Desktop/projects/markdown-brain-bot/src/rails/processors/list_processor.py", "filename": "list_processor.py", "module": "list_processor", "exc_info": null, "exc_text": null, "stack_info": null, "lineno": 125, "funcName": "validate_operation", "created": 1753489094.5640929, "msecs": 564.0928745269775, "relativeCreated": 10505.027770996094, "thread": 8470454016, "threadName": "MainThread", "processName": "MainProcess", "process": 41256}, {"name": "src.rails.processors.list_processor", "msg": "Could not validate site protection: 'coroutine' object has no attribute 'select'", "args": null, "levelname": "WARNING", "levelno": 30, "pathname": "/Users/colinaulds/Desktop/projects/markdown-brain-bot/src/rails/processors/list_processor.py", "filename": "list_processor.py", "module": "list_processor", "exc_info": null, "exc_text": null, "stack_info": null, "lineno": 125, "funcName": "validate_operation", "created": 1753489094.564116, "msecs": 564.1160011291504, "relativeCreated": 10505.050897598267, "thread": 8470454016, "threadName": "MainThread", "processName": "MainProcess", "process": 41256}, {"name": "src.rails.processors.list_processor", "msg": "Could not validate site protection: 'coroutine' object has no attribute 'select'", "args": null, "levelname": "WARNING", "levelno": 30, "pathname": "/Users/colinaulds/Desktop/projects/markdown-brain-bot/src/rails/processors/list_processor.py", "filename": "list_processor.py", "module": "list_processor", "exc_info": null, "exc_text": null, "stack_info": null, "lineno": 125, "funcName": "validate_operation", "created": 1753489094.564137, "msecs": 564.1369819641113, "relativeCreated": 10505.071878433228, "thread": 8470454016, "threadName": "MainThread", "processName": "MainProcess", "process": 41256}, {"name": "src.rails.processors.list_processor", "msg": "Could not validate site protection: 'coroutine' object has no attribute 'select'", "args": null, "levelname": "WARNING", "levelno": 30, "pathname": "/Users/colinaulds/Desktop/projects/markdown-brain-bot/src/rails/processors/list_processor.py", "filename": "list_processor.py", "module": "list_processor", "exc_info": null, "exc_text": null, "stack_info": null, "lineno": 125, "funcName": "validate_operation", "created": 1753489094.564158, "msecs": 564.1579627990723, "relativeCreated": 10505.092859268188, "thread": 8470454016, "threadName": "MainThread", "processName": "MainProcess", "process": 41256}, {"name": "src.rails.processors.list_processor", "msg": "Could not validate site protection: 'coroutine' object has no attribute 'select'", "args": null, "levelname": "WARNING", "levelno": 30, "pathname": "/Users/colinaulds/Desktop/projects/markdown-brain-bot/src/rails/processors/list_processor.py", "filename": "list_processor.py", "module": "list_processor", "exc_info": null, "exc_text": null, "stack_info": null, "lineno": 125, "funcName": "validate_operation", "created": 1753489094.564178, "msecs": 564.1779899597168, "relativeCreated": 10505.112886428833, "thread": 8470454016, "threadName": "MainThread", "processName": "MainProcess", "process": 41256}, {"name": "src.rails.processors.list_processor", "msg": "Could not validate site protection: 'coroutine' object has no attribute 'select'", "args": null, "levelname": "WARNING", "levelno": 30, "pathname": "/Users/colinaulds/Desktop/projects/markdown-brain-bot/src/rails/processors/list_processor.py", "filename": "list_processor.py", "module": "list_processor", "exc_info": null, "exc_text": null, "stack_info": null, "lineno": 125, "funcName": "validate_operation", "created": 1753489094.5641978, "msecs": 564.1977787017822, "relativeCreated": 10505.132675170898, "thread": 8470454016, "threadName": "MainThread", "processName": "MainProcess", "process": 41256}, {"name": "src.rails.processors.list_processor", "msg": "Could not validate site protection: 'coroutine' object has no attribute 'select'", "args": null, "levelname": "WARNING", "levelno": 30, "pathname": "/Users/colinaulds/Desktop/projects/markdown-brain-bot/src/rails/processors/list_processor.py", "filename": "list_processor.py", "module": "list_processor", "exc_info": null, "exc_text": null, "stack_info": null, "lineno": 125, "funcName": "validate_operation", "created": 1753489094.564217, "msecs": 564.2170906066895, "relativeCreated": 10505.151987075806, "thread": 8470454016, "threadName": "MainThread", "processName": "MainProcess", "process": 41256}, {"name": "src.rails.processors.list_processor", "msg": "Could not validate site protection: 'coroutine' object has no attribute 'select'", "args": null, "levelname": "WARNING", "levelno": 30, "pathname": "/Users/colinaulds/Desktop/projects/markdown-brain-bot/src/rails/processors/list_processor.py", "filename": "list_processor.py", "module": "list_processor", "exc_info": null, "exc_text": null, "stack_info": null, "lineno": 125, "funcName": "validate_operation", "created": 1753489094.564237, "msecs": 564.237117767334, "relativeCreated": 10505.17201423645, "thread": 8470454016, "threadName": "MainThread", "processName": "MainProcess", "process": 41256}, {"name": "src.rails.processors.list_processor", "msg": "Could not validate site protection: 'coroutine' object has no attribute 'select'", "args": null, "levelname": "WARNING", "levelno": 30, "pathname": "/Users/colinaulds/Desktop/projects/markdown-brain-bot/src/rails/processors/list_processor.py", "filename": "list_processor.py", "module": "list_processor", "exc_info": null, "exc_text": null, "stack_info": null, "lineno": 125, "funcName": "validate_operation", "created": 1753489094.564257, "msecs": 564.2569065093994, "relativeCreated": 10505.191802978516, "thread": 8470454016, "threadName": "MainThread", "processName": "MainProcess", "process": 41256}, {"name": "src.rails.processors.list_processor", "msg": "Could not validate site protection: 'coroutine' object has no attribute 'select'", "args": null, "levelname": "WARNING", "levelno": 30, "pathname": "/Users/colinaulds/Desktop/projects/markdown-brain-bot/src/rails/processors/list_processor.py", "filename": "list_processor.py", "module": "list_processor", "exc_info": null, "exc_text": null, "stack_info": null, "lineno": 125, "funcName": "validate_operation", "created": 1753489094.564277, "msecs": 564.276933670044, "relativeCreated": 10505.21183013916, "thread": 8470454016, "threadName": "MainThread", "processName": "MainProcess", "process": 41256}, {"name": "src.rails.processors.list_processor", "msg": "Could not validate site protection: 'coroutine' object has no attribute 'select'", "args": null, "levelname": "WARNING", "levelno": 30, "pathname": "/Users/colinaulds/Desktop/projects/markdown-brain-bot/src/rails/processors/list_processor.py", "filename": "list_processor.py", "module": "list_processor", "exc_info": null, "exc_text": null, "stack_info": null, "lineno": 125, "funcName": "validate_operation", "created": 1753489094.564296, "msecs": 564.2960071563721, "relativeCreated": 10505.230903625488, "thread": 8470454016, "threadName": "MainThread", "processName": "MainProcess", "process": 41256}, {"name": "src.rails.processors.list_processor", "msg": "Could not validate site protection: 'coroutine' object has no attribute 'select'", "args": null, "levelname": "WARNING", "levelno": 30, "pathname": "/Users/colinaulds/Desktop/projects/markdown-brain-bot/src/rails/processors/list_processor.py", "filename": "list_processor.py", "module": "list_processor", "exc_info": null, "exc_text": null, "stack_info": null, "lineno": 125, "funcName": "validate_operation", "created": 1753489094.5643158, "msecs": 564.3157958984375, "relativeCreated": 10505.250692367554, "thread": 8470454016, "threadName": "MainThread", "processName": "MainProcess", "process": 41256}, {"name": "src.rails.processors.list_processor", "msg": "Could not validate site protection: 'coroutine' object has no attribute 'select'", "args": null, "levelname": "WARNING", "levelno": 30, "pathname": "/Users/colinaulds/Desktop/projects/markdown-brain-bot/src/rails/processors/list_processor.py", "filename": "list_processor.py", "module": "list_processor", "exc_info": null, "exc_text": null, "stack_info": null, "lineno": 125, "funcName": "validate_operation", "created": 1753489094.564336, "msecs": 564.3360614776611, "relativeCreated": 10505.270957946777, "thread": 8470454016, "threadName": "MainThread", "processName": "MainProcess", "process": 41256}, {"name": "src.rails.processors.list_processor", "msg": "Could not validate site protection: 'coroutine' object has no attribute 'select'", "args": null, "levelname": "WARNING", "levelno": 30, "pathname": "/Users/colinaulds/Desktop/projects/markdown-brain-bot/src/rails/processors/list_processor.py", "filename": "list_processor.py", "module": "list_processor", "exc_info": null, "exc_text": null, "stack_info": null, "lineno": 125, "funcName": "validate_operation", "created": 1753489094.564356, "msecs": 564.3560886383057, "relativeCreated": 10505.290985107422, "thread": 8470454016, "threadName": "MainThread", "processName": "MainProcess", "process": 41256}, {"name": "src.rails.processors.list_processor", "msg": "Could not validate site protection: 'coroutine' object has no attribute 'select'", "args": null, "levelname": "WARNING", "levelno": 30, "pathname": "/Users/colinaulds/Desktop/projects/markdown-brain-bot/src/rails/processors/list_processor.py", "filename": "list_processor.py", "module": "list_processor", "exc_info": null, "exc_text": null, "stack_info": null, "lineno": 125, "funcName": "validate_operation", "created": 1753489094.564377, "msecs": 564.3770694732666, "relativeCreated": 10505.311965942383, "thread": 8470454016, "threadName": "MainThread", "processName": "MainProcess", "process": 41256}, {"name": "src.rails.processors.list_processor", "msg": "Could not validate site protection: 'coroutine' object has no attribute 'select'", "args": null, "levelname": "WARNING", "levelno": 30, "pathname": "/Users/colinaulds/Desktop/projects/markdown-brain-bot/src/rails/processors/list_processor.py", "filename": "list_processor.py", "module": "list_processor", "exc_info": null, "exc_text": null, "stack_info": null, "lineno": 125, "funcName": "validate_operation", "created": 1753489094.564397, "msecs": 564.3970966339111, "relativeCreated": 10505.331993103027, "thread": 8470454016, "threadName": "MainThread", "processName": "MainProcess", "process": 41256}, {"name": "src.rails.processors.list_processor", "msg": "Could not validate site protection: 'coroutine' object has no attribute 'select'", "args": null, "levelname": "WARNING", "levelno": 30, "pathname": "/Users/colinaulds/Desktop/projects/markdown-brain-bot/src/rails/processors/list_processor.py", "filename": "list_processor.py", "module": "list_processor", "exc_info": null, "exc_text": null, "stack_info": null, "lineno": 125, "funcName": "validate_operation", "created": 1753489094.5644171, "msecs": 564.4171237945557, "relativeCreated": 10505.352020263672, "thread": 8470454016, "threadName": "MainThread", "processName": "MainProcess", "process": 41256}, {"name": "src.rails.processors.list_processor", "msg": "Could not validate site protection: 'coroutine' object has no attribute 'select'", "args": null, "levelname": "WARNING", "levelno": 30, "pathname": "/Users/colinaulds/Desktop/projects/markdown-brain-bot/src/rails/processors/list_processor.py", "filename": "list_processor.py", "module": "list_processor", "exc_info": null, "exc_text": null, "stack_info": null, "lineno": 125, "funcName": "validate_operation", "created": 1753489094.564437, "msecs": 564.4369125366211, "relativeCreated": 10505.371809005737, "thread": 8470454016, "threadName": "MainThread", "processName": "MainProcess", "process": 41256}, {"name": "src.rails.processors.list_processor", "msg": "Could not validate site protection: 'coroutine' object has no attribute 'select'", "args": null, "levelname": "WARNING", "levelno": 30, "pathname": "/Users/colinaulds/Desktop/projects/markdown-brain-bot/src/rails/processors/list_processor.py", "filename": "list_processor.py", "module": "list_processor", "exc_info": null, "exc_text": null, "stack_info": null, "lineno": 125, "funcName": "validate_operation", "created": 1753489094.564456, "msecs": 564.4559860229492, "relativeCreated": 10505.390882492065, "thread": 8470454016, "threadName": "MainThread", "processName": "MainProcess", "process": 41256}, {"name": "src.rails.processors.list_processor", "msg": "Could not validate site protection: 'coroutine' object has no attribute 'select'", "args": null, "levelname": "WARNING", "levelno": 30, "pathname": "/Users/colinaulds/Desktop/projects/markdown-brain-bot/src/rails/processors/list_processor.py", "filename": "list_processor.py", "module": "list_processor", "exc_info": null, "exc_text": null, "stack_info": null, "lineno": 125, "funcName": "validate_operation", "created": 1753489094.564476, "msecs": 564.4760131835938, "relativeCreated": 10505.41090965271, "thread": 8470454016, "threadName": "MainThread", "processName": "MainProcess", "process": 41256}, {"name": "src.rails.processors.list_processor", "msg": "Could not validate site protection: 'coroutine' object has no attribute 'select'", "args": null, "levelname": "WARNING", "levelno": 30, "pathname": "/Users/colinaulds/Desktop/projects/markdown-brain-bot/src/rails/processors/list_processor.py", "filename": "list_processor.py", "module": "list_processor", "exc_info": null, "exc_text": null, "stack_info": null, "lineno": 125, "funcName": "validate_operation", "created": 1753489094.564495, "msecs": 564.4950866699219, "relativeCreated": 10505.429983139038, "thread": 8470454016, "threadName": "MainThread", "processName": "MainProcess", "process": 41256}, {"name": "src.rails.processors.list_processor", "msg": "Could not validate site protection: 'coroutine' object has no attribute 'select'", "args": null, "levelname": "WARNING", "levelno": 30, "pathname": "/Users/colinaulds/Desktop/projects/markdown-brain-bot/src/rails/processors/list_processor.py", "filename": "list_processor.py", "module": "list_processor", "exc_info": null, "exc_text": null, "stack_info": null, "lineno": 125, "funcName": "validate_operation", "created": 1753489094.564515, "msecs": 564.5151138305664, "relativeCreated": 10505.450010299683, "thread": 8470454016, "threadName": "MainThread", "processName": "MainProcess", "process": 41256}, {"name": "src.rails.processors.list_processor", "msg": "Could not validate site protection: 'coroutine' object has no attribute 'select'", "args": null, "levelname": "WARNING", "levelno": 30, "pathname": "/Users/colinaulds/Desktop/projects/markdown-brain-bot/src/rails/processors/list_processor.py", "filename": "list_processor.py", "module": "list_processor", "exc_info": null, "exc_text": null, "stack_info": null, "lineno": 125, "funcName": "validate_operation", "created": 1753489094.5645351, "msecs": 564.5351409912109, "relativeCreated": 10505.470037460327, "thread": 8470454016, "threadName": "MainThread", "processName": "MainProcess", "process": 41256}, {"name": "src.rails.processors.list_processor", "msg": "Could not validate site protection: 'coroutine' object has no attribute 'select'", "args": null, "levelname": "WARNING", "levelno": 30, "pathname": "/Users/colinaulds/Desktop/projects/markdown-brain-bot/src/rails/processors/list_processor.py", "filename": "list_processor.py", "module": "list_processor", "exc_info": null, "exc_text": null, "stack_info": null, "lineno": 125, "funcName": "validate_operation", "created": 1753489094.564554, "msecs": 564.55397605896, "relativeCreated": 10505.488872528076, "thread": 8470454016, "threadName": "MainThread", "processName": "MainProcess", "process": 41256}, {"name": "src.rails.processors.list_processor", "msg": "Could not validate site protection: 'coroutine' object has no attribute 'select'", "args": null, "levelname": "WARNING", "levelno": 30, "pathname": "/Users/colinaulds/Desktop/projects/markdown-brain-bot/src/rails/processors/list_processor.py", "filename": "list_processor.py", "module": "list_processor", "exc_info": null, "exc_text": null, "stack_info": null, "lineno": 125, "funcName": "validate_operation", "created": 1753489094.564574, "msecs": 564.5740032196045, "relativeCreated": 10505.50889968872, "thread": 8470454016, "threadName": "MainThread", "processName": "MainProcess", "process": 41256}, {"name": "src.rails.processors.list_processor", "msg": "Could not validate site protection: 'coroutine' object has no attribute 'select'", "args": null, "levelname": "WARNING", "levelno": 30, "pathname": "/Users/colinaulds/Desktop/projects/markdown-brain-bot/src/rails/processors/list_processor.py", "filename": "list_processor.py", "module": "list_processor", "exc_info": null, "exc_text": null, "stack_info": null, "lineno": 125, "funcName": "validate_operation", "created": 1753489094.5645928, "msecs": 564.5928382873535, "relativeCreated": 10505.52773475647, "thread": 8470454016, "threadName": "MainThread", "processName": "MainProcess", "process": 41256}, {"name": "src.rails.processors.list_processor", "msg": "Could not validate site protection: 'coroutine' object has no attribute 'select'", "args": null, "levelname": "WARNING", "levelno": 30, "pathname": "/Users/colinaulds/Desktop/projects/markdown-brain-bot/src/rails/processors/list_processor.py", "filename": "list_processor.py", "module": "list_processor", "exc_info": null, "exc_text": null, "stack_info": null, "lineno": 125, "funcName": "validate_operation", "created": 1753489094.564613, "msecs": 564.6131038665771, "relativeCreated": 10505.548000335693, "thread": 8470454016, "threadName": "MainThread", "processName": "MainProcess", "process": 41256}, {"name": "src.rails.processors.list_processor", "msg": "Could not validate site protection: 'coroutine' object has no attribute 'select'", "args": null, "levelname": "WARNING", "levelno": 30, "pathname": "/Users/colinaulds/Desktop/projects/markdown-brain-bot/src/rails/processors/list_processor.py", "filename": "list_processor.py", "module": "list_processor", "exc_info": null, "exc_text": null, "stack_info": null, "lineno": 125, "funcName": "validate_operation", "created": 1753489094.5646322, "msecs": 564.6321773529053, "relativeCreated": 10505.567073822021, "thread": 8470454016, "threadName": "MainThread", "processName": "MainProcess", "process": 41256}, {"name": "src.rails.processors.list_processor", "msg": "Could not validate site protection: 'coroutine' object has no attribute 'select'", "args": null, "levelname": "WARNING", "levelno": 30, "pathname": "/Users/colinaulds/Desktop/projects/markdown-brain-bot/src/rails/processors/list_processor.py", "filename": "list_processor.py", "module": "list_processor", "exc_info": null, "exc_text": null, "stack_info": null, "lineno": 125, "funcName": "validate_operation", "created": 1753489094.564651, "msecs": 564.6510124206543, "relativeCreated": 10505.58590888977, "thread": 8470454016, "threadName": "MainThread", "processName": "MainProcess", "process": 41256}, {"name": "src.rails.processors.list_processor", "msg": "Could not validate site protection: 'coroutine' object has no attribute 'select'", "args": null, "levelname": "WARNING", "levelno": 30, "pathname": "/Users/colinaulds/Desktop/projects/markdown-brain-bot/src/rails/processors/list_processor.py", "filename": "list_processor.py", "module": "list_processor", "exc_info": null, "exc_text": null, "stack_info": null, "lineno": 125, "funcName": "validate_operation", "created": 1753489094.564678, "msecs": 564.6779537200928, "relativeCreated": 10505.612850189209, "thread": 8470454016, "threadName": "MainThread", "processName": "MainProcess", "process": 41256}, {"name": "src.rails.processors.list_processor", "msg": "Could not validate site protection: 'coroutine' object has no attribute 'select'", "args": null, "levelname": "WARNING", "levelno": 30, "pathname": "/Users/colinaulds/Desktop/projects/markdown-brain-bot/src/rails/processors/list_processor.py", "filename": "list_processor.py", "module": "list_processor", "exc_info": null, "exc_text": null, "stack_info": null, "lineno": 125, "funcName": "validate_operation", "created": 1753489094.564697, "msecs": 564.6970272064209, "relativeCreated": 10505.631923675537, "thread": 8470454016, "threadName": "MainThread", "processName": "MainProcess", "process": 41256}, {"name": "src.rails.processors.list_processor", "msg": "Could not validate site protection: 'coroutine' object has no attribute 'select'", "args": null, "levelname": "WARNING", "levelno": 30, "pathname": "/Users/colinaulds/Desktop/projects/markdown-brain-bot/src/rails/processors/list_processor.py", "filename": "list_processor.py", "module": "list_processor", "exc_info": null, "exc_text": null, "stack_info": null, "lineno": 125, "funcName": "validate_operation", "created": 1753489094.564717, "msecs": 564.7170543670654, "relativeCreated": 10505.651950836182, "thread": 8470454016, "threadName": "MainThread", "processName": "MainProcess", "process": 41256}, {"name": "src.rails.processors.list_processor", "msg": "Could not validate site protection: 'coroutine' object has no attribute 'select'", "args": null, "levelname": "WARNING", "levelno": 30, "pathname": "/Users/colinaulds/Desktop/projects/markdown-brain-bot/src/rails/processors/list_processor.py", "filename": "list_processor.py", "module": "list_processor", "exc_info": null, "exc_text": null, "stack_info": null, "lineno": 125, "funcName": "validate_operation", "created": 1753489094.564737, "msecs": 564.73708152771, "relativeCreated": 10505.671977996826, "thread": 8470454016, "threadName": "MainThread", "processName": "MainProcess", "process": 41256}, {"name": "src.rails.processors.list_processor", "msg": "Could not validate site protection: 'coroutine' object has no attribute 'select'", "args": null, "levelname": "WARNING", "levelno": 30, "pathname": "/Users/colinaulds/Desktop/projects/markdown-brain-bot/src/rails/processors/list_processor.py", "filename": "list_processor.py", "module": "list_processor", "exc_info": null, "exc_text": null, "stack_info": null, "lineno": 125, "funcName": "validate_operation", "created": 1753489094.564756, "msecs": 564.755916595459, "relativeCreated": 10505.690813064575, "thread": 8470454016, "threadName": "MainThread", "processName": "MainProcess", "process": 41256}, {"name": "src.rails.processors.list_processor", "msg": "Could not validate site protection: 'coroutine' object has no attribute 'select'", "args": null, "levelname": "WARNING", "levelno": 30, "pathname": "/Users/colinaulds/Desktop/projects/markdown-brain-bot/src/rails/processors/list_processor.py", "filename": "list_processor.py", "module": "list_processor", "exc_info": null, "exc_text": null, "stack_info": null, "lineno": 125, "funcName": "validate_operation", "created": 1753489094.564775, "msecs": 564.7749900817871, "relativeCreated": 10505.709886550903, "thread": 8470454016, "threadName": "MainThread", "processName": "MainProcess", "process": 41256}, {"name": "src.rails.processors.list_processor", "msg": "Could not validate site protection: 'coroutine' object has no attribute 'select'", "args": null, "levelname": "WARNING", "levelno": 30, "pathname": "/Users/colinaulds/Desktop/projects/markdown-brain-bot/src/rails/processors/list_processor.py", "filename": "list_processor.py", "module": "list_processor", "exc_info": null, "exc_text": null, "stack_info": null, "lineno": 125, "funcName": "validate_operation", "created": 1753489094.564794, "msecs": 564.7940635681152, "relativeCreated": 10505.728960037231, "thread": 8470454016, "threadName": "MainThread", "processName": "MainProcess", "process": 41256}, {"name": "src.rails.processors.list_processor", "msg": "Could not validate site protection: 'coroutine' object has no attribute 'select'", "args": null, "levelname": "WARNING", "levelno": 30, "pathname": "/Users/colinaulds/Desktop/projects/markdown-brain-bot/src/rails/processors/list_processor.py", "filename": "list_processor.py", "module": "list_processor", "exc_info": null, "exc_text": null, "stack_info": null, "lineno": 125, "funcName": "validate_operation", "created": 1753489094.564814, "msecs": 564.8140907287598, "relativeCreated": 10505.748987197876, "thread": 8470454016, "threadName": "MainThread", "processName": "MainProcess", "process": 41256}, {"name": "src.rails.processors.list_processor", "msg": "Could not validate site protection: 'coroutine' object has no attribute 'select'", "args": null, "levelname": "WARNING", "levelno": 30, "pathname": "/Users/colinaulds/Desktop/projects/markdown-brain-bot/src/rails/processors/list_processor.py", "filename": "list_processor.py", "module": "list_processor", "exc_info": null, "exc_text": null, "stack_info": null, "lineno": 125, "funcName": "validate_operation", "created": 1753489094.564834, "msecs": 564.8341178894043, "relativeCreated": 10505.76901435852, "thread": 8470454016, "threadName": "MainThread", "processName": "MainProcess", "process": 41256}, {"name": "src.rails.processors.list_processor", "msg": "Could not validate site protection: 'coroutine' object has no attribute 'select'", "args": null, "levelname": "WARNING", "levelno": 30, "pathname": "/Users/colinaulds/Desktop/projects/markdown-brain-bot/src/rails/processors/list_processor.py", "filename": "list_processor.py", "module": "list_processor", "exc_info": null, "exc_text": null, "stack_info": null, "lineno": 125, "funcName": "validate_operation", "created": 1753489094.564853, "msecs": 564.8529529571533, "relativeCreated": 10505.78784942627, "thread": 8470454016, "threadName": "MainThread", "processName": "MainProcess", "process": 41256}, {"name": "src.rails.processors.list_processor", "msg": "Could not validate site protection: 'coroutine' object has no attribute 'select'", "args": null, "levelname": "WARNING", "levelno": 30, "pathname": "/Users/colinaulds/Desktop/projects/markdown-brain-bot/src/rails/processors/list_processor.py", "filename": "list_processor.py", "module": "list_processor", "exc_info": null, "exc_text": null, "stack_info": null, "lineno": 125, "funcName": "validate_operation", "created": 1753489094.564872, "msecs": 564.8720264434814, "relativeCreated": 10505.806922912598, "thread": 8470454016, "threadName": "MainThread", "processName": "MainProcess", "process": 41256}, {"name": "src.rails.processors.list_processor", "msg": "Could not validate site protection: 'coroutine' object has no attribute 'select'", "args": null, "levelname": "WARNING", "levelno": 30, "pathname": "/Users/colinaulds/Desktop/projects/markdown-brain-bot/src/rails/processors/list_processor.py", "filename": "list_processor.py", "module": "list_processor", "exc_info": null, "exc_text": null, "stack_info": null, "lineno": 125, "funcName": "validate_operation", "created": 1753489094.5648918, "msecs": 564.8918151855469, "relativeCreated": 10505.826711654663, "thread": 8470454016, "threadName": "MainThread", "processName": "MainProcess", "process": 41256}, {"name": "src.rails.processors.list_processor", "msg": "Could not validate site protection: 'coroutine' object has no attribute 'select'", "args": null, "levelname": "WARNING", "levelno": 30, "pathname": "/Users/colinaulds/Desktop/projects/markdown-brain-bot/src/rails/processors/list_processor.py", "filename": "list_processor.py", "module": "list_processor", "exc_info": null, "exc_text": null, "stack_info": null, "lineno": 125, "funcName": "validate_operation", "created": 1753489094.5649111, "msecs": 564.9111270904541, "relativeCreated": 10505.84602355957, "thread": 8470454016, "threadName": "MainThread", "processName": "MainProcess", "process": 41256}, {"name": "src.rails.processors.list_processor", "msg": "Could not validate site protection: 'coroutine' object has no attribute 'select'", "args": null, "levelname": "WARNING", "levelno": 30, "pathname": "/Users/colinaulds/Desktop/projects/markdown-brain-bot/src/rails/processors/list_processor.py", "filename": "list_processor.py", "module": "list_processor", "exc_info": null, "exc_text": null, "stack_info": null, "lineno": 125, "funcName": "validate_operation", "created": 1753489094.56493, "msecs": 564.9299621582031, "relativeCreated": 10505.86485862732, "thread": 8470454016, "threadName": "MainThread", "processName": "MainProcess", "process": 41256}, {"name": "src.rails.processors.list_processor", "msg": "Could not validate site protection: 'coroutine' object has no attribute 'select'", "args": null, "levelname": "WARNING", "levelno": 30, "pathname": "/Users/colinaulds/Desktop/projects/markdown-brain-bot/src/rails/processors/list_processor.py", "filename": "list_processor.py", "module": "list_processor", "exc_info": null, "exc_text": null, "stack_info": null, "lineno": 125, "funcName": "validate_operation", "created": 1753489094.564951, "msecs": 564.9509429931641, "relativeCreated": 10505.88583946228, "thread": 8470454016, "threadName": "MainThread", "processName": "MainProcess", "process": 41256}, {"name": "src.rails.processors.list_processor", "msg": "Could not validate site protection: 'coroutine' object has no attribute 'select'", "args": null, "levelname": "WARNING", "levelno": 30, "pathname": "/Users/colinaulds/Desktop/projects/markdown-brain-bot/src/rails/processors/list_processor.py", "filename": "list_processor.py", "module": "list_processor", "exc_info": null, "exc_text": null, "stack_info": null, "lineno": 125, "funcName": "validate_operation", "created": 1753489094.564982, "msecs": 564.9819374084473, "relativeCreated": 10505.916833877563, "thread": 8470454016, "threadName": "MainThread", "processName": "MainProcess", "process": 41256}, {"name": "src.rails.processors.list_processor", "msg": "Could not validate site protection: 'coroutine' object has no attribute 'select'", "args": null, "levelname": "WARNING", "levelno": 30, "pathname": "/Users/colinaulds/Desktop/projects/markdown-brain-bot/src/rails/processors/list_processor.py", "filename": "list_processor.py", "module": "list_processor", "exc_info": null, "exc_text": null, "stack_info": null, "lineno": 125, "funcName": "validate_operation", "created": 1753489094.565002, "msecs": 565.0019645690918, "relativeCreated": 10505.936861038208, "thread": 8470454016, "threadName": "MainThread", "processName": "MainProcess", "process": 41256}, {"name": "src.rails.processors.list_processor", "msg": "Could not validate site protection: 'coroutine' object has no attribute 'select'", "args": null, "levelname": "WARNING", "levelno": 30, "pathname": "/Users/colinaulds/Desktop/projects/markdown-brain-bot/src/rails/processors/list_processor.py", "filename": "list_processor.py", "module": "list_processor", "exc_info": null, "exc_text": null, "stack_info": null, "lineno": 125, "funcName": "validate_operation", "created": 1753489094.565022, "msecs": 565.0219917297363, "relativeCreated": 10505.956888198853, "thread": 8470454016, "threadName": "MainThread", "processName": "MainProcess", "process": 41256}, {"name": "src.rails.processors.list_processor", "msg": "Could not validate site protection: 'coroutine' object has no attribute 'select'", "args": null, "levelname": "WARNING", "levelno": 30, "pathname": "/Users/colinaulds/Desktop/projects/markdown-brain-bot/src/rails/processors/list_processor.py", "filename": "list_processor.py", "module": "list_processor", "exc_info": null, "exc_text": null, "stack_info": null, "lineno": 125, "funcName": "validate_operation", "created": 1753489094.5650408, "msecs": 565.0408267974854, "relativeCreated": 10505.975723266602, "thread": 8470454016, "threadName": "MainThread", "processName": "MainProcess", "process": 41256}, {"name": "src.rails.processors.list_processor", "msg": "Could not validate site protection: 'coroutine' object has no attribute 'select'", "args": null, "levelname": "WARNING", "levelno": 30, "pathname": "/Users/colinaulds/Desktop/projects/markdown-brain-bot/src/rails/processors/list_processor.py", "filename": "list_processor.py", "module": "list_processor", "exc_info": null, "exc_text": null, "stack_info": null, "lineno": 125, "funcName": "validate_operation", "created": 1753489094.565061, "msecs": 565.061092376709, "relativeCreated": 10505.995988845825, "thread": 8470454016, "threadName": "MainThread", "processName": "MainProcess", "process": 41256}, {"name": "src.rails.processors.list_processor", "msg": "Could not validate site protection: 'coroutine' object has no attribute 'select'", "args": null, "levelname": "WARNING", "levelno": 30, "pathname": "/Users/colinaulds/Desktop/projects/markdown-brain-bot/src/rails/processors/list_processor.py", "filename": "list_processor.py", "module": "list_processor", "exc_info": null, "exc_text": null, "stack_info": null, "lineno": 125, "funcName": "validate_operation", "created": 1753489094.5650811, "msecs": 565.0811195373535, "relativeCreated": 10506.01601600647, "thread": 8470454016, "threadName": "MainThread", "processName": "MainProcess", "process": 41256}, {"name": "src.rails.processors.list_processor", "msg": "Could not validate site protection: 'coroutine' object has no attribute 'select'", "args": null, "levelname": "WARNING", "levelno": 30, "pathname": "/Users/colinaulds/Desktop/projects/markdown-brain-bot/src/rails/processors/list_processor.py", "filename": "list_processor.py", "module": "list_processor", "exc_info": null, "exc_text": null, "stack_info": null, "lineno": 125, "funcName": "validate_operation", "created": 1753489094.5651, "msecs": 565.0999546051025, "relativeCreated": 10506.034851074219, "thread": 8470454016, "threadName": "MainThread", "processName": "MainProcess", "process": 41256}, {"name": "src.rails.processors.list_processor", "msg": "Could not validate site protection: 'coroutine' object has no attribute 'select'", "args": null, "levelname": "WARNING", "levelno": 30, "pathname": "/Users/colinaulds/Desktop/projects/markdown-brain-bot/src/rails/processors/list_processor.py", "filename": "list_processor.py", "module": "list_processor", "exc_info": null, "exc_text": null, "stack_info": null, "lineno": 125, "funcName": "validate_operation", "created": 1753489094.56512, "msecs": 565.1199817657471, "relativeCreated": 10506.054878234863, "thread": 8470454016, "threadName": "MainThread", "processName": "MainProcess", "process": 41256}, {"name": "src.rails.processors.list_processor", "msg": "Could not validate site protection: 'coroutine' object has no attribute 'select'", "args": null, "levelname": "WARNING", "levelno": 30, "pathname": "/Users/colinaulds/Desktop/projects/markdown-brain-bot/src/rails/processors/list_processor.py", "filename": "list_processor.py", "module": "list_processor", "exc_info": null, "exc_text": null, "stack_info": null, "lineno": 125, "funcName": "validate_operation", "created": 1753489094.565139, "msecs": 565.1390552520752, "relativeCreated": 10506.073951721191, "thread": 8470454016, "threadName": "MainThread", "processName": "MainProcess", "process": 41256}, {"name": "src.rails.processors.list_processor", "msg": "Could not validate site protection: 'coroutine' object has no attribute 'select'", "args": null, "levelname": "WARNING", "levelno": 30, "pathname": "/Users/colinaulds/Desktop/projects/markdown-brain-bot/src/rails/processors/list_processor.py", "filename": "list_processor.py", "module": "list_processor", "exc_info": null, "exc_text": null, "stack_info": null, "lineno": 125, "funcName": "validate_operation", "created": 1753489094.565158, "msecs": 565.1578903198242, "relativeCreated": 10506.09278678894, "thread": 8470454016, "threadName": "MainThread", "processName": "MainProcess", "process": 41256}, {"name": "src.rails.processors.list_processor", "msg": "Could not validate site protection: 'coroutine' object has no attribute 'select'", "args": null, "levelname": "WARNING", "levelno": 30, "pathname": "/Users/colinaulds/Desktop/projects/markdown-brain-bot/src/rails/processors/list_processor.py", "filename": "list_processor.py", "module": "list_processor", "exc_info": null, "exc_text": null, "stack_info": null, "lineno": 125, "funcName": "validate_operation", "created": 1753489094.5651772, "msecs": 565.1772022247314, "relativeCreated": 10506.112098693848, "thread": 8470454016, "threadName": "MainThread", "processName": "MainProcess", "process": 41256}, {"name": "src.rails.processors.list_processor", "msg": "Could not validate site protection: 'coroutine' object has no attribute 'select'", "args": null, "levelname": "WARNING", "levelno": 30, "pathname": "/Users/colinaulds/Desktop/projects/markdown-brain-bot/src/rails/processors/list_processor.py", "filename": "list_processor.py", "module": "list_processor", "exc_info": null, "exc_text": null, "stack_info": null, "lineno": 125, "funcName": "validate_operation", "created": 1753489094.565196, "msecs": 565.1960372924805, "relativeCreated": 10506.130933761597, "thread": 8470454016, "threadName": "MainThread", "processName": "MainProcess", "process": 41256}, {"name": "src.rails.processors.list_processor", "msg": "Could not validate site protection: 'coroutine' object has no attribute 'select'", "args": null, "levelname": "WARNING", "levelno": 30, "pathname": "/Users/colinaulds/Desktop/projects/markdown-brain-bot/src/rails/processors/list_processor.py", "filename": "list_processor.py", "module": "list_processor", "exc_info": null, "exc_text": null, "stack_info": null, "lineno": 125, "funcName": "validate_operation", "created": 1753489094.565216, "msecs": 565.216064453125, "relativeCreated": 10506.150960922241, "thread": 8470454016, "threadName": "MainThread", "processName": "MainProcess", "process": 41256}, {"name": "src.rails.processors.list_processor", "msg": "Could not validate site protection: 'coroutine' object has no attribute 'select'", "args": null, "levelname": "WARNING", "levelno": 30, "pathname": "/Users/colinaulds/Desktop/projects/markdown-brain-bot/src/rails/processors/list_processor.py", "filename": "list_processor.py", "module": "list_processor", "exc_info": null, "exc_text": null, "stack_info": null, "lineno": 125, "funcName": "validate_operation", "created": 1753489094.565235, "msecs": 565.234899520874, "relativeCreated": 10506.16979598999, "thread": 8470454016, "threadName": "MainThread", "processName": "MainProcess", "process": 41256}, {"name": "src.rails.processors.list_processor", "msg": "Could not validate site protection: 'coroutine' object has no attribute 'select'", "args": null, "levelname": "WARNING", "levelno": 30, "pathname": "/Users/colinaulds/Desktop/projects/markdown-brain-bot/src/rails/processors/list_processor.py", "filename": "list_processor.py", "module": "list_processor", "exc_info": null, "exc_text": null, "stack_info": null, "lineno": 125, "funcName": "validate_operation", "created": 1753489094.565259, "msecs": 565.2589797973633, "relativeCreated": 10506.19387626648, "thread": 8470454016, "threadName": "MainThread", "processName": "MainProcess", "process": 41256}, {"name": "src.rails.processors.list_processor", "msg": "Could not validate site protection: 'coroutine' object has no attribute 'select'", "args": null, "levelname": "WARNING", "levelno": 30, "pathname": "/Users/colinaulds/Desktop/projects/markdown-brain-bot/src/rails/processors/list_processor.py", "filename": "list_processor.py", "module": "list_processor", "exc_info": null, "exc_text": null, "stack_info": null, "lineno": 125, "funcName": "validate_operation", "created": 1753489094.565279, "msecs": 565.2790069580078, "relativeCreated": 10506.213903427124, "thread": 8470454016, "threadName": "MainThread", "processName": "MainProcess", "process": 41256}, {"name": "src.rails.processors.list_processor", "msg": "Could not validate site protection: 'coroutine' object has no attribute 'select'", "args": null, "levelname": "WARNING", "levelno": 30, "pathname": "/Users/colinaulds/Desktop/projects/markdown-brain-bot/src/rails/processors/list_processor.py", "filename": "list_processor.py", "module": "list_processor", "exc_info": null, "exc_text": null, "stack_info": null, "lineno": 125, "funcName": "validate_operation", "created": 1753489094.5652978, "msecs": 565.2978420257568, "relativeCreated": 10506.232738494873, "thread": 8470454016, "threadName": "MainThread", "processName": "MainProcess", "process": 41256}, {"name": "src.rails.processors.list_processor", "msg": "Could not validate site protection: 'coroutine' object has no attribute 'select'", "args": null, "levelname": "WARNING", "levelno": 30, "pathname": "/Users/colinaulds/Desktop/projects/markdown-brain-bot/src/rails/processors/list_processor.py", "filename": "list_processor.py", "module": "list_processor", "exc_info": null, "exc_text": null, "stack_info": null, "lineno": 125, "funcName": "validate_operation", "created": 1753489094.5653179, "msecs": 565.3178691864014, "relativeCreated": 10506.252765655518, "thread": 8470454016, "threadName": "MainThread", "processName": "MainProcess", "process": 41256}, {"name": "src.rails.processors.list_processor", "msg": "Could not validate site protection: 'coroutine' object has no attribute 'select'", "args": null, "levelname": "WARNING", "levelno": 30, "pathname": "/Users/colinaulds/Desktop/projects/markdown-brain-bot/src/rails/processors/list_processor.py", "filename": "list_processor.py", "module": "list_processor", "exc_info": null, "exc_text": null, "stack_info": null, "lineno": 125, "funcName": "validate_operation", "created": 1753489094.5653372, "msecs": 565.3371810913086, "relativeCreated": 10506.272077560425, "thread": 8470454016, "threadName": "MainThread", "processName": "MainProcess", "process": 41256}, {"name": "src.rails.processors.list_processor", "msg": "Could not validate site protection: 'coroutine' object has no attribute 'select'", "args": null, "levelname": "WARNING", "levelno": 30, "pathname": "/Users/colinaulds/Desktop/projects/markdown-brain-bot/src/rails/processors/list_processor.py", "filename": "list_processor.py", "module": "list_processor", "exc_info": null, "exc_text": null, "stack_info": null, "lineno": 125, "funcName": "validate_operation", "created": 1753489094.565357, "msecs": 565.356969833374, "relativeCreated": 10506.29186630249, "thread": 8470454016, "threadName": "MainThread", "processName": "MainProcess", "process": 41256}, {"name": "src.rails.processors.list_processor", "msg": "Could not validate site protection: 'coroutine' object has no attribute 'select'", "args": null, "levelname": "WARNING", "levelno": 30, "pathname": "/Users/colinaulds/Desktop/projects/markdown-brain-bot/src/rails/processors/list_processor.py", "filename": "list_processor.py", "module": "list_processor", "exc_info": null, "exc_text": null, "stack_info": null, "lineno": 125, "funcName": "validate_operation", "created": 1753489094.565376, "msecs": 565.3760433197021, "relativeCreated": 10506.310939788818, "thread": 8470454016, "threadName": "MainThread", "processName": "MainProcess", "process": 41256}, {"name": "src.rails.processors.list_processor", "msg": "Could not validate site protection: 'coroutine' object has no attribute 'select'", "args": null, "levelname": "WARNING", "levelno": 30, "pathname": "/Users/colinaulds/Desktop/projects/markdown-brain-bot/src/rails/processors/list_processor.py", "filename": "list_processor.py", "module": "list_processor", "exc_info": null, "exc_text": null, "stack_info": null, "lineno": 125, "funcName": "validate_operation", "created": 1753489094.565396, "msecs": 565.3960704803467, "relativeCreated": 10506.330966949463, "thread": 8470454016, "threadName": "MainThread", "processName": "MainProcess", "process": 41256}, {"name": "src.rails.processors.list_processor", "msg": "Could not validate site protection: 'coroutine' object has no attribute 'select'", "args": null, "levelname": "WARNING", "levelno": 30, "pathname": "/Users/colinaulds/Desktop/projects/markdown-brain-bot/src/rails/processors/list_processor.py", "filename": "list_processor.py", "module": "list_processor", "exc_info": null, "exc_text": null, "stack_info": null, "lineno": 125, "funcName": "validate_operation", "created": 1753489094.565415, "msecs": 565.4149055480957, "relativeCreated": 10506.349802017212, "thread": 8470454016, "threadName": "MainThread", "processName": "MainProcess", "process": 41256}, {"name": "src.rails.processors.list_processor", "msg": "Could not validate site protection: 'coroutine' object has no attribute 'select'", "args": null, "levelname": "WARNING", "levelno": 30, "pathname": "/Users/colinaulds/Desktop/projects/markdown-brain-bot/src/rails/processors/list_processor.py", "filename": "list_processor.py", "module": "list_processor", "exc_info": null, "exc_text": null, "stack_info": null, "lineno": 125, "funcName": "validate_operation", "created": 1753489094.565436, "msecs": 565.4358863830566, "relativeCreated": 10506.370782852173, "thread": 8470454016, "threadName": "MainThread", "processName": "MainProcess", "process": 41256}, {"name": "src.rails.processors.list_processor", "msg": "Could not validate site protection: 'coroutine' object has no attribute 'select'", "args": null, "levelname": "WARNING", "levelno": 30, "pathname": "/Users/colinaulds/Desktop/projects/markdown-brain-bot/src/rails/processors/list_processor.py", "filename": "list_processor.py", "module": "list_processor", "exc_info": null, "exc_text": null, "stack_info": null, "lineno": 125, "funcName": "validate_operation", "created": 1753489094.5654552, "msecs": 565.4551982879639, "relativeCreated": 10506.39009475708, "thread": 8470454016, "threadName": "MainThread", "processName": "MainProcess", "process": 41256}, {"name": "src.rails.processors.list_processor", "msg": "Could not validate site protection: 'coroutine' object has no attribute 'select'", "args": null, "levelname": "WARNING", "levelno": 30, "pathname": "/Users/colinaulds/Desktop/projects/markdown-brain-bot/src/rails/processors/list_processor.py", "filename": "list_processor.py", "module": "list_processor", "exc_info": null, "exc_text": null, "stack_info": null, "lineno": 125, "funcName": "validate_operation", "created": 1753489094.565475, "msecs": 565.4749870300293, "relativeCreated": 10506.409883499146, "thread": 8470454016, "threadName": "MainThread", "processName": "MainProcess", "process": 41256}, {"name": "src.rails.processors.list_processor", "msg": "Could not validate site protection: 'coroutine' object has no attribute 'select'", "args": null, "levelname": "WARNING", "levelno": 30, "pathname": "/Users/colinaulds/Desktop/projects/markdown-brain-bot/src/rails/processors/list_processor.py", "filename": "list_processor.py", "module": "list_processor", "exc_info": null, "exc_text": null, "stack_info": null, "lineno": 125, "funcName": "validate_operation", "created": 1753489094.565494, "msecs": 565.4940605163574, "relativeCreated": 10506.428956985474, "thread": 8470454016, "threadName": "MainThread", "processName": "MainProcess", "process": 41256}, {"name": "src.rails.processors.list_processor", "msg": "Could not validate site protection: 'coroutine' object has no attribute 'select'", "args": null, "levelname": "WARNING", "levelno": 30, "pathname": "/Users/colinaulds/Desktop/projects/markdown-brain-bot/src/rails/processors/list_processor.py", "filename": "list_processor.py", "module": "list_processor", "exc_info": null, "exc_text": null, "stack_info": null, "lineno": 125, "funcName": "validate_operation", "created": 1753489094.565513, "msecs": 565.5128955841064, "relativeCreated": 10506.447792053223, "thread": 8470454016, "threadName": "MainThread", "processName": "MainProcess", "process": 41256}, {"name": "src.rails.processors.list_processor", "msg": "Could not validate site protection: 'coroutine' object has no attribute 'select'", "args": null, "levelname": "WARNING", "levelno": 30, "pathname": "/Users/colinaulds/Desktop/projects/markdown-brain-bot/src/rails/processors/list_processor.py", "filename": "list_processor.py", "module": "list_processor", "exc_info": null, "exc_text": null, "stack_info": null, "lineno": 125, "funcName": "validate_operation", "created": 1753489094.565533, "msecs": 565.532922744751, "relativeCreated": 10506.467819213867, "thread": 8470454016, "threadName": "MainThread", "processName": "MainProcess", "process": 41256}, {"name": "src.rails.processors.list_processor", "msg": "Could not validate site protection: 'coroutine' object has no attribute 'select'", "args": null, "levelname": "WARNING", "levelno": 30, "pathname": "/Users/colinaulds/Desktop/projects/markdown-brain-bot/src/rails/processors/list_processor.py", "filename": "list_processor.py", "module": "list_processor", "exc_info": null, "exc_text": null, "stack_info": null, "lineno": 125, "funcName": "validate_operation", "created": 1753489094.565553, "msecs": 565.5529499053955, "relativeCreated": 10506.487846374512, "thread": 8470454016, "threadName": "MainThread", "processName": "MainProcess", "process": 41256}, {"name": "src.rails.processors.list_processor", "msg": "Could not validate site protection: 'coroutine' object has no attribute 'select'", "args": null, "levelname": "WARNING", "levelno": 30, "pathname": "/Users/colinaulds/Desktop/projects/markdown-brain-bot/src/rails/processors/list_processor.py", "filename": "list_processor.py", "module": "list_processor", "exc_info": null, "exc_text": null, "stack_info": null, "lineno": 125, "funcName": "validate_operation", "created": 1753489094.5655732, "msecs": 565.5732154846191, "relativeCreated": 10506.508111953735, "thread": 8470454016, "threadName": "MainThread", "processName": "MainProcess", "process": 41256}, {"name": "src.rails.processors.list_processor", "msg": "Could not validate site protection: 'coroutine' object has no attribute 'select'", "args": null, "levelname": "WARNING", "levelno": 30, "pathname": "/Users/colinaulds/Desktop/projects/markdown-brain-bot/src/rails/processors/list_processor.py", "filename": "list_processor.py", "module": "list_processor", "exc_info": null, "exc_text": null, "stack_info": null, "lineno": 125, "funcName": "validate_operation", "created": 1753489094.565593, "msecs": 565.5930042266846, "relativeCreated": 10506.5279006958, "thread": 8470454016, "threadName": "MainThread", "processName": "MainProcess", "process": 41256}, {"name": "src.rails.processors.list_processor", "msg": "Could not validate site protection: 'coroutine' object has no attribute 'select'", "args": null, "levelname": "WARNING", "levelno": 30, "pathname": "/Users/colinaulds/Desktop/projects/markdown-brain-bot/src/rails/processors/list_processor.py", "filename": "list_processor.py", "module": "list_processor", "exc_info": null, "exc_text": null, "stack_info": null, "lineno": 125, "funcName": "validate_operation", "created": 1753489094.565612, "msecs": 565.6120777130127, "relativeCreated": 10506.546974182129, "thread": 8470454016, "threadName": "MainThread", "processName": "MainProcess", "process": 41256}, {"name": "src.rails.processors.list_processor", "msg": "Could not validate site protection: 'coroutine' object has no attribute 'select'", "args": null, "levelname": "WARNING", "levelno": 30, "pathname": "/Users/colinaulds/Desktop/projects/markdown-brain-bot/src/rails/processors/list_processor.py", "filename": "list_processor.py", "module": "list_processor", "exc_info": null, "exc_text": null, "stack_info": null, "lineno": 125, "funcName": "validate_operation", "created": 1753489094.565631, "msecs": 565.6309127807617, "relativeCreated": 10506.565809249878, "thread": 8470454016, "threadName": "MainThread", "processName": "MainProcess", "process": 41256}, {"name": "src.rails.processors.list_processor", "msg": "Could not validate site protection: 'coroutine' object has no attribute 'select'", "args": null, "levelname": "WARNING", "levelno": 30, "pathname": "/Users/colinaulds/Desktop/projects/markdown-brain-bot/src/rails/processors/list_processor.py", "filename": "list_processor.py", "module": "list_processor", "exc_info": null, "exc_text": null, "stack_info": null, "lineno": 125, "funcName": "validate_operation", "created": 1753489094.56565, "msecs": 565.6499862670898, "relativeCreated": 10506.584882736206, "thread": 8470454016, "threadName": "MainThread", "processName": "MainProcess", "process": 41256}, {"name": "src.rails.processors.list_processor", "msg": "Could not validate site protection: 'coroutine' object has no attribute 'select'", "args": null, "levelname": "WARNING", "levelno": 30, "pathname": "/Users/colinaulds/Desktop/projects/markdown-brain-bot/src/rails/processors/list_processor.py", "filename": "list_processor.py", "module": "list_processor", "exc_info": null, "exc_text": null, "stack_info": null, "lineno": 125, "funcName": "validate_operation", "created": 1753489094.565669, "msecs": 565.669059753418, "relativeCreated": 10506.603956222534, "thread": 8470454016, "threadName": "MainThread", "processName": "MainProcess", "process": 41256}, {"name": "src.rails.processors.list_processor", "msg": "Could not validate site protection: 'coroutine' object has no attribute 'select'", "args": null, "levelname": "WARNING", "levelno": 30, "pathname": "/Users/colinaulds/Desktop/projects/markdown-brain-bot/src/rails/processors/list_processor.py", "filename": "list_processor.py", "module": "list_processor", "exc_info": null, "exc_text": null, "stack_info": null, "lineno": 125, "funcName": "validate_operation", "created": 1753489094.5656881, "msecs": 565.6881332397461, "relativeCreated": 10506.623029708862, "thread": 8470454016, "threadName": "MainThread", "processName": "MainProcess", "process": 41256}, {"name": "src.rails.processors.list_processor", "msg": "Could not validate site protection: 'coroutine' object has no attribute 'select'", "args": null, "levelname": "WARNING", "levelno": 30, "pathname": "/Users/colinaulds/Desktop/projects/markdown-brain-bot/src/rails/processors/list_processor.py", "filename": "list_processor.py", "module": "list_processor", "exc_info": null, "exc_text": null, "stack_info": null, "lineno": 125, "funcName": "validate_operation", "created": 1753489094.565709, "msecs": 565.709114074707, "relativeCreated": 10506.644010543823, "thread": 8470454016, "threadName": "MainThread", "processName": "MainProcess", "process": 41256}, {"name": "src.rails.processors.list_processor", "msg": "Could not validate site protection: 'coroutine' object has no attribute 'select'", "args": null, "levelname": "WARNING", "levelno": 30, "pathname": "/Users/colinaulds/Desktop/projects/markdown-brain-bot/src/rails/processors/list_processor.py", "filename": "list_processor.py", "module": "list_processor", "exc_info": null, "exc_text": null, "stack_info": null, "lineno": 125, "funcName": "validate_operation", "created": 1753489094.5657291, "msecs": 565.7291412353516, "relativeCreated": 10506.664037704468, "thread": 8470454016, "threadName": "MainThread", "processName": "MainProcess", "process": 41256}, {"name": "src.rails.processors.list_processor", "msg": "Could not validate site protection: 'coroutine' object has no attribute 'select'", "args": null, "levelname": "WARNING", "levelno": 30, "pathname": "/Users/colinaulds/Desktop/projects/markdown-brain-bot/src/rails/processors/list_processor.py", "filename": "list_processor.py", "module": "list_processor", "exc_info": null, "exc_text": null, "stack_info": null, "lineno": 125, "funcName": "validate_operation", "created": 1753489094.565748, "msecs": 565.7479763031006, "relativeCreated": 10506.682872772217, "thread": 8470454016, "threadName": "MainThread", "processName": "MainProcess", "process": 41256}, {"name": "src.rails.processors.list_processor", "msg": "Could not validate site protection: 'coroutine' object has no attribute 'select'", "args": null, "levelname": "WARNING", "levelno": 30, "pathname": "/Users/colinaulds/Desktop/projects/markdown-brain-bot/src/rails/processors/list_processor.py", "filename": "list_processor.py", "module": "list_processor", "exc_info": null, "exc_text": null, "stack_info": null, "lineno": 125, "funcName": "validate_operation", "created": 1753489094.565768, "msecs": 565.7680034637451, "relativeCreated": 10506.702899932861, "thread": 8470454016, "threadName": "MainThread", "processName": "MainProcess", "process": 41256}, {"name": "src.rails.processors.list_processor", "msg": "Could not validate site protection: 'coroutine' object has no attribute 'select'", "args": null, "levelname": "WARNING", "levelno": 30, "pathname": "/Users/colinaulds/Desktop/projects/markdown-brain-bot/src/rails/processors/list_processor.py", "filename": "list_processor.py", "module": "list_processor", "exc_info": null, "exc_text": null, "stack_info": null, "lineno": 125, "funcName": "validate_operation", "created": 1753489094.5657868, "msecs": 565.7868385314941, "relativeCreated": 10506.72173500061, "thread": 8470454016, "threadName": "MainThread", "processName": "MainProcess", "process": 41256}, {"name": "src.rails.processors.list_processor", "msg": "Could not validate site protection: 'coroutine' object has no attribute 'select'", "args": null, "levelname": "WARNING", "levelno": 30, "pathname": "/Users/colinaulds/Desktop/projects/markdown-brain-bot/src/rails/processors/list_processor.py", "filename": "list_processor.py", "module": "list_processor", "exc_info": null, "exc_text": null, "stack_info": null, "lineno": 125, "funcName": "validate_operation", "created": 1753489094.5658062, "msecs": 565.8061504364014, "relativeCreated": 10506.741046905518, "thread": 8470454016, "threadName": "MainThread", "processName": "MainProcess", "process": 41256}, {"name": "src.rails.processors.list_processor", "msg": "Could not validate site protection: 'coroutine' object has no attribute 'select'", "args": null, "levelname": "WARNING", "levelno": 30, "pathname": "/Users/colinaulds/Desktop/projects/markdown-brain-bot/src/rails/processors/list_processor.py", "filename": "list_processor.py", "module": "list_processor", "exc_info": null, "exc_text": null, "stack_info": null, "lineno": 125, "funcName": "validate_operation", "created": 1753489094.565825, "msecs": 565.8249855041504, "relativeCreated": 10506.759881973267, "thread": 8470454016, "threadName": "MainThread", "processName": "MainProcess", "process": 41256}, {"name": "src.rails.processors.list_processor", "msg": "Could not validate site protection: 'coroutine' object has no attribute 'select'", "args": null, "levelname": "WARNING", "levelno": 30, "pathname": "/Users/colinaulds/Desktop/projects/markdown-brain-bot/src/rails/processors/list_processor.py", "filename": "list_processor.py", "module": "list_processor", "exc_info": null, "exc_text": null, "stack_info": null, "lineno": 125, "funcName": "validate_operation", "created": 1753489094.565845, "msecs": 565.8450126647949, "relativeCreated": 10506.779909133911, "thread": 8470454016, "threadName": "MainThread", "processName": "MainProcess", "process": 41256}, {"name": "src.rails.processors.list_processor", "msg": "Could not validate site protection: 'coroutine' object has no attribute 'select'", "args": null, "levelname": "WARNING", "levelno": 30, "pathname": "/Users/colinaulds/Desktop/projects/markdown-brain-bot/src/rails/processors/list_processor.py", "filename": "list_processor.py", "module": "list_processor", "exc_info": null, "exc_text": null, "stack_info": null, "lineno": 125, "funcName": "validate_operation", "created": 1753489094.565865, "msecs": 565.8650398254395, "relativeCreated": 10506.799936294556, "thread": 8470454016, "threadName": "MainThread", "processName": "MainProcess", "process": 41256}, {"name": "src.rails.processors.list_processor", "msg": "Could not validate site protection: 'coroutine' object has no attribute 'select'", "args": null, "levelname": "WARNING", "levelno": 30, "pathname": "/Users/colinaulds/Desktop/projects/markdown-brain-bot/src/rails/processors/list_processor.py", "filename": "list_processor.py", "module": "list_processor", "exc_info": null, "exc_text": null, "stack_info": null, "lineno": 125, "funcName": "validate_operation", "created": 1753489094.5658848, "msecs": 565.8848285675049, "relativeCreated": 10506.819725036621, "thread": 8470454016, "threadName": "MainThread", "processName": "MainProcess", "process": 41256}, {"name": "src.rails.processors.list_processor", "msg": "Could not validate site protection: 'coroutine' object has no attribute 'select'", "args": null, "levelname": "WARNING", "levelno": 30, "pathname": "/Users/colinaulds/Desktop/projects/markdown-brain-bot/src/rails/processors/list_processor.py", "filename": "list_processor.py", "module": "list_processor", "exc_info": null, "exc_text": null, "stack_info": null, "lineno": 125, "funcName": "validate_operation", "created": 1753489094.565904, "msecs": 565.903902053833, "relativeCreated": 10506.83879852295, "thread": 8470454016, "threadName": "MainThread", "processName": "MainProcess", "process": 41256}, {"name": "src.rails.processors.list_processor", "msg": "Could not validate site protection: 'coroutine' object has no attribute 'select'", "args": null, "levelname": "WARNING", "levelno": 30, "pathname": "/Users/colinaulds/Desktop/projects/markdown-brain-bot/src/rails/processors/list_processor.py", "filename": "list_processor.py", "module": "list_processor", "exc_info": null, "exc_text": null, "stack_info": null, "lineno": 125, "funcName": "validate_operation", "created": 1753489094.565923, "msecs": 565.9229755401611, "relativeCreated": 10506.857872009277, "thread": 8470454016, "threadName": "MainThread", "processName": "MainProcess", "process": 41256}, {"name": "src.rails.processors.list_processor", "msg": "Could not validate site protection: 'coroutine' object has no attribute 'select'", "args": null, "levelname": "WARNING", "levelno": 30, "pathname": "/Users/colinaulds/Desktop/projects/markdown-brain-bot/src/rails/processors/list_processor.py", "filename": "list_processor.py", "module": "list_processor", "exc_info": null, "exc_text": null, "stack_info": null, "lineno": 125, "funcName": "validate_operation", "created": 1753489094.565942, "msecs": 565.9420490264893, "relativeCreated": 10506.876945495605, "thread": 8470454016, "threadName": "MainThread", "processName": "MainProcess", "process": 41256}, {"name": "src.rails.processors.list_processor", "msg": "Could not validate site protection: 'coroutine' object has no attribute 'select'", "args": null, "levelname": "WARNING", "levelno": 30, "pathname": "/Users/colinaulds/Desktop/projects/markdown-brain-bot/src/rails/processors/list_processor.py", "filename": "list_processor.py", "module": "list_processor", "exc_info": null, "exc_text": null, "stack_info": null, "lineno": 125, "funcName": "validate_operation", "created": 1753489094.565961, "msecs": 565.9608840942383, "relativeCreated": 10506.895780563354, "thread": 8470454016, "threadName": "MainThread", "processName": "MainProcess", "process": 41256}, {"name": "src.rails.processors.list_processor", "msg": "Could not validate site protection: 'coroutine' object has no attribute 'select'", "args": null, "levelname": "WARNING", "levelno": 30, "pathname": "/Users/colinaulds/Desktop/projects/markdown-brain-bot/src/rails/processors/list_processor.py", "filename": "list_processor.py", "module": "list_processor", "exc_info": null, "exc_text": null, "stack_info": null, "lineno": 125, "funcName": "validate_operation", "created": 1753489094.56598, "msecs": 565.9799575805664, "relativeCreated": 10506.914854049683, "thread": 8470454016, "threadName": "MainThread", "processName": "MainProcess", "process": 41256}, {"name": "src.rails.processors.list_processor", "msg": "Could not validate site protection: 'coroutine' object has no attribute 'select'", "args": null, "levelname": "WARNING", "levelno": 30, "pathname": "/Users/colinaulds/Desktop/projects/markdown-brain-bot/src/rails/processors/list_processor.py", "filename": "list_processor.py", "module": "list_processor", "exc_info": null, "exc_text": null, "stack_info": null, "lineno": 125, "funcName": "validate_operation", "created": 1753489094.566001, "msecs": 566.0009384155273, "relativeCreated": 10506.935834884644, "thread": 8470454016, "threadName": "MainThread", "processName": "MainProcess", "process": 41256}, {"name": "src.rails.processors.list_processor", "msg": "Could not validate site protection: 'coroutine' object has no attribute 'select'", "args": null, "levelname": "WARNING", "levelno": 30, "pathname": "/Users/colinaulds/Desktop/projects/markdown-brain-bot/src/rails/processors/list_processor.py", "filename": "list_processor.py", "module": "list_processor", "exc_info": null, "exc_text": null, "stack_info": null, "lineno": 125, "funcName": "validate_operation", "created": 1753489094.56602, "msecs": 566.0200119018555, "relativeCreated": 10506.954908370972, "thread": 8470454016, "threadName": "MainThread", "processName": "MainProcess", "process": 41256}, {"name": "src.rails.processors.list_processor", "msg": "Could not validate site protection: 'coroutine' object has no attribute 'select'", "args": null, "levelname": "WARNING", "levelno": 30, "pathname": "/Users/colinaulds/Desktop/projects/markdown-brain-bot/src/rails/processors/list_processor.py", "filename": "list_processor.py", "module": "list_processor", "exc_info": null, "exc_text": null, "stack_info": null, "lineno": 125, "funcName": "validate_operation", "created": 1753489094.566039, "msecs": 566.0390853881836, "relativeCreated": 10506.9739818573, "thread": 8470454016, "threadName": "MainThread", "processName": "MainProcess", "process": 41256}]}, "teardown": {"duration": 0.00048045800000018346, "outcome": "passed"}}, {"nodeid": "tests/integration/test_s3_connection.py::test_s3_connection_edge_cases", "lineno": 41, "outcome": "passed", "keywords": ["test_s3_connection_edge_cases", "test_s3_connection.py", "integration", "tests", "markdown-brain-bot", ""], "setup": {"duration": 0.00031508300000027134, "outcome": "passed"}, "call": {"duration": 17.590918084000002, "outcome": "passed", "stdout": "\ud83d\udd0d Testing S3 Edge Cases\n\n\ud83d\udce6 Testing invalid bucket names...\n   \u2705 Correctly rejected: ''\n   \u2705 Correctly rejected: 'a'\n   \u2705 Correctly rejected: 'aaaaaaaaaaaaaaaaaaaaaaaaaaaaaaaaaaaaaaaaaaaaaaaaaaaaaaaaaaaaaaaa'\n   \u2705 Correctly rejected: 'Bucket-Name'\n   \u2705 Correctly rejected: 'bucket..name'\n   \u2705 Correctly rejected: '192.168.1.1'\n   \u2705 Correctly rejected: 'bucket name'\n   \u2705 Correctly rejected: 'bucket_name'\n\n\ud83d\udee1\ufe0f Testing malicious bucket names...\n   \u2705 Correctly rejected: '../../../etc/passwd'\n   \u2705 Correctly rejected: \"bucket'; DROP TABLE--\"\n   \u2705 Correctly rejected: '<script>alert(1)</script>'\n   \u2705 Correctly rejected: 'bucket\\x00null'\n   \u2705 Correctly rejected: 'http://evil.com/bucket'\n\n\ud83c\udf0d Testing invalid regions...\n   \u2705 Region 'invalid-region' handled: EndpointConnectionError\n   \u2705 Region 'us-invalid-1' handled: EndpointConnectionError\n   \u2705 Region '' handled: ClientError\n   \u2705 Region None handled: ClientError\n\n\ud83d\udd04 Testing concurrent S3 operations...\n   \u2705 Completed 20 concurrent operations\n\n\ud83d\udce6 Testing large object operations...\n   \u2705 Multipart upload operations working\n\n\ud83d\udd24 Testing special characters in keys...\n   \u2705 Uploaded: 'brain-bot/test/file with spaces.txt'\n   \u2705 Uploaded: 'brain-bot/test/\u6587\u4ef6\u540d.txt'\n   \u2705 Uploaded: 'brain-bot/test/\u0444\u0430\u0439\u043b.txt'\n   \u2705 Uploaded: 'brain-bot/test/emoji-\ud83d\ude80.txt'\n   \u2705 Uploaded: 'brain-bot/test/special!@#$%^&()_+.txt'\n\n\u274c Testing S3 error handling...\n   \u2705 Got expected error 404 for non-existent-bucket-12345\n   \u2705 Parameter validation error for t2t2-images/invalid\n\n\ud83d\udd17 Testing presigned URL edge cases...\n   \u2705 Generated URL with 1s expiration\n   \u2705 Generated URL with 60s expiration\n   \u2705 Generated URL with 3600s expiration\n   \u2705 Generated URL with 604800s expiration\n\n\u2705 All S3 edge case tests completed!\n"}, "teardown": {"duration": 0.0007073750000010648, "outcome": "passed"}}, {"nodeid": "tests/integration/test_s3_connection.py::test_s3_credential_edge_cases", "lineno": 212, "outcome": "passed", "keywords": ["test_s3_credential_edge_cases", "test_s3_connection.py", "integration", "tests", "markdown-brain-bot", ""], "setup": {"duration": 0.0009100830000008386, "outcome": "passed"}, "call": {"duration": 2.0249422500000023, "outcome": "passed", "stdout": "\n\ud83d\udd10 Testing S3 credential edge cases...\n   \u2705 Empty credentials correctly rejected\n   \u2705 Invalid credentials correctly rejected\n   \u2705 Malformed creds rejected: ClientError\n   \u2705 Malformed creds rejected: ClientError\n   \u2705 Malformed creds rejected: ClientError\n   \u2705 Malformed creds rejected: ClientError\n\n\u2705 Credential edge case tests completed!\n"}, "teardown": {"duration": 0.0008263329999991242, "outcome": "passed"}}, {"nodeid": "tests/integration/test_s3_connection.py::test_s3_connection", "lineno": 270, "outcome": "passed", "keywords": ["test_s3_connection", "test_s3_connection.py", "integration", "tests", "markdown-brain-bot", ""], "setup": {"duration": 0.0008062500000001194, "outcome": "passed"}, "call": {"duration": 0.4268509999999992, "outcome": "passed", "stdout": "\ud83d\udd0d Testing S3 Connection\nAccess Key: AKIA5WC323...\nSecret Key: **********...\nRegion: us-east-1\nBucket: t2t2-images\n\n\ud83d\udce6 Checking bucket access...\n\u2705 Bucket 't2t2-images' exists and is accessible\n\n\ud83d\udccb Listing bucket contents (first 10 items)...\nFound 7 items in brain-bot/ folder:\n  - brain-bot/documents/1cd9dd6b4b31179e3d623ceff4827b6de5d53a24d59117153922f196147c5a67.txt (13 bytes)\n  - brain-bot/documents/88e65689c4ea4c8272939c8cd75092facc14221b159d62eb8ed637bf2a9ed630.txt (13 bytes)\n  - brain-bot/documents/99d5e9e0dc50e56ad7c9ecd0a0feea56fcb81d0ba7a27b7fa1e971c5dadd452b (12 bytes)\n  - brain-bot/documents/99d5e9e0dc50e56ad7c9ecd0a0feea56fcb81d0ba7a27b7fa1e971c5dadd452b.\\windows\\system32\\config\\sam (12 bytes)\n  - brain-bot/documents/cf6f2a15c5f5865b33a35824583c896420684e7c394de022a05f404d244a7b2f.txt (12 bytes)\n  - brain-bot/documents/e3b0c44298fc1c149afbf4c8996fb92427ae41e4649b934ca495991b7852b855.txt (0 bytes)\n  - brain-bot/documents/e3d59ebc30cec4a8a0bdb87089fec15cc5f38c7403e4c9c07b69490cab99787c.txt (14 bytes)\n\n\ud83e\uddea Testing upload capability...\n\u2705 Successfully uploaded test file: brain-bot/test/connection-test.txt\n\u2705 Successfully deleted test file\n\n\u2705 All S3 tests passed! Ready to use for media storage.\n"}, "teardown": {"duration": 0.0008770410000025208, "outcome": "passed"}}, {"nodeid": "tests/integration/test_s3_connection.py::test_s3_network_edge_cases", "lineno": 359, "outcome": "passed", "keywords": ["test_s3_network_edge_cases", "test_s3_connection.py", "integration", "tests", "markdown-brain-bot", ""], "setup": {"duration": 0.00045495799999883957, "outcome": "passed"}, "call": {"duration": 34.46680658300001, "outcome": "passed", "stdout": "\n\ud83c\udf10 Testing S3 network edge cases...\n   \u2705 Invalid endpoint correctly failed\n   \u2705 Timeout correctly handled\n\n\u2705 Network edge case tests completed!\n"}, "teardown": {"duration": 0.000410666000007609, "outcome": "passed"}}, {"nodeid": "tests/performance/test_smart_rails_performance.py::TestSmartRailsPerformance::test_routing_speed_requirements", "lineno": 11, "outcome": "passed", "keywords": ["test_routing_speed_requirements", "benchmark", "pytestmark", "TestSmartRailsPerformance", "test_smart_rails_performance.py", "performance", "tests", "markdown-brain-bot", ""], "setup": {"duration": 0.0003925000000037926, "outcome": "passed"}, "call": {"duration": 0.004501500000003489, "outcome": "passed", "stdout": "\nsimple: add milk to list:\n  Average: 0.00ms\n  95th percentile: 0.00ms\n  Maximum: 0.03ms\n\nmedium: create task for @user tomorrow:\n  Average: 0.00ms\n  95th percentile: 0.00ms\n  Maximum: 0.03ms\n\ncomplex: multi-user multi-item:\n  Average: 0.00ms\n  95th percentile: 0.00ms\n  Maximum: 0.03ms\n\nhidden command:\n  Average: 0.00ms\n  95th percentile: 0.00ms\n  Maximum: 0.01ms\n"}, "teardown": {"duration": 0.00027791700000534547, "outcome": "passed"}}, {"nodeid": "tests/performance/test_smart_rails_performance.py::TestSmartRailsPerformance::test_routing_with_large_alias_set_properties", "lineno": 148, "outcome": "passed", "keywords": ["test_routing_with_large_alias_set_properties", "TestSmartRailsPerformance", "test_smart_rails_performance.py", "performance", "tests", "markdown-brain-bot", ""], "setup": {"duration": 0.00030804200000034143, "outcome": "passed"}, "call": {"duration": 0.06115329099999656, "outcome": "passed"}, "teardown": {"duration": 0.00037787500001229546, "outcome": "passed"}}, {"nodeid": "tests/performance/test_smart_rails_performance.py::TestSmartRailsPerformance::test_confidence_calculation_performance", "lineno": 426, "outcome": "passed", "keywords": ["test_confidence_calculation_performance", "TestSmartRailsPerformance", "test_smart_rails_performance.py", "performance", "tests", "markdown-brain-bot", ""], "setup": {"duration": 0.00036583299998937946, "outcome": "passed"}, "call": {"duration": 0.0025469170000036456, "outcome": "passed"}, "teardown": {"duration": 0.0002605839999887394, "outcome": "passed"}}, {"nodeid": "tests/performance/test_smart_rails_performance.py::TestSmartRailsPerformance::test_regex_compilation_caching", "lineno": 558, "outcome": "passed", "keywords": ["test_regex_compilation_caching", "TestSmartRailsPerformance", "test_smart_rails_performance.py", "performance", "tests", "markdown-brain-bot", ""], "setup": {"duration": 0.00030624999999417923, "outcome": "passed"}, "call": {"duration": 0.04769091699999706, "outcome": "passed"}, "teardown": {"duration": 0.0006651249999976017, "outcome": "passed"}}], "warnings": [{"message": "Unknown pytest.mark.benchmark - is this a typo?  You can register custom marks to avoid this warning - for details, see https://docs.pytest.org/en/stable/how-to/mark.html", "category": "PytestUnknownMarkWarning", "when": "collect", "filename": "/Users/colinaulds/Desktop/projects/markdown-brain-bot/tests/performance/test_smart_rails_performance.py", "lineno": 12}, {"message": "coroutine 'AsyncMockMixin._execute_mock_call' was never awaited", "category": "RuntimeWarning", "when": "runtest", "filename": "/Users/colinaulds/Desktop/projects/markdown-brain-bot/src/rails/processors/field_report_processor.py", "lineno": 89}, {"message": "coroutine 'AsyncMockMixin._execute_mock_call' was never awaited", "category": "RuntimeWarning", "when": "runtest", "filename": "/Users/colinaulds/Desktop/projects/markdown-brain-bot/src/rails/processors/list_processor.py", "lineno": 113}, {"message": "coroutine 'AsyncMockMixin._execute_mock_call' was never awaited", "category": "RuntimeWarning", "when": "runtest", "filename": "/Users/colinaulds/Desktop/projects/markdown-brain-bot/src/rails/processors/task_processor.py", "lineno": 110}, {"message": "coroutine 'AsyncMockMixin._execute_mock_call' was never awaited", "category": "RuntimeWarning", "when": "runtest", "filename": "/Users/colinaulds/Desktop/projects/markdown-brain-bot/src/rails/processors/task_processor.py", "lineno": 110}, {"message": "coroutine 'AsyncMockMixin._execute_mock_call' was never awaited", "category": "RuntimeWarning", "when": "runtest", "filename": "/Users/colinaulds/Desktop/projects/markdown-brain-bot/src/rails/processors/field_report_processor.py", "lineno": 89}, {"message": "The 'timeout' parameter is deprecated. Please configure it in the http client instead.", "category": "DeprecationWarning", "when": "runtest", "filename": "/Users/colinaulds/Library/Python/3.9/lib/python/site-packages/supabase/_sync/client.py", "lineno": 303}, {"message": "The 'verify' parameter is deprecated. Please configure it in the http client instead.", "category": "DeprecationWarning", "when": "runtest", "filename": "/Users/colinaulds/Library/Python/3.9/lib/python/site-packages/supabase/_sync/client.py", "lineno": 303}, {"message": "The 'timeout' parameter is deprecated. Please configure it in the http client instead.", "category": "DeprecationWarning", "when": "runtest", "filename": "/Users/colinaulds/Library/Python/3.9/lib/python/site-packages/supabase/_sync/client.py", "lineno": 303}, {"message": "The 'verify' parameter is deprecated. Please configure it in the http client instead.", "category": "DeprecationWarning", "when": "runtest", "filename": "/Users/colinaulds/Library/Python/3.9/lib/python/site-packages/supabase/_sync/client.py", "lineno": 303}, {"message": "The 'timeout' parameter is deprecated. Please configure it in the http client instead.", "category": "DeprecationWarning", "when": "runtest", "filename": "/Users/colinaulds/Library/Python/3.9/lib/python/site-packages/supabase/_sync/client.py", "lineno": 303}, {"message": "The 'verify' parameter is deprecated. Please configure it in the http client instead.", "category": "DeprecationWarning", "when": "runtest", "filename": "/Users/colinaulds/Library/Python/3.9/lib/python/site-packages/supabase/_sync/client.py", "lineno": 303}, {"message": "The 'timeout' parameter is deprecated. Please configure it in the http client instead.", "category": "DeprecationWarning", "when": "runtest", "filename": "/Users/colinaulds/Library/Python/3.9/lib/python/site-packages/supabase/_sync/client.py", "lineno": 303}, {"message": "The 'verify' parameter is deprecated. Please configure it in the http client instead.", "category": "DeprecationWarning", "when": "runtest", "filename": "/Users/colinaulds/Library/Python/3.9/lib/python/site-packages/supabase/_sync/client.py", "lineno": 303}, {"message": "The 'timeout' parameter is deprecated. Please configure it in the http client instead.", "category": "DeprecationWarning", "when": "runtest", "filename": "/Users/colinaulds/Library/Python/3.9/lib/python/site-packages/supabase/_sync/client.py", "lineno": 303}, {"message": "The 'verify' parameter is deprecated. Please configure it in the http client instead.", "category": "DeprecationWarning", "when": "runtest", "filename": "/Users/colinaulds/Library/Python/3.9/lib/python/site-packages/supabase/_sync/client.py", "lineno": 303}, {"message": "coroutine 'AsyncMockMixin._execute_mock_call' was never awaited", "category": "RuntimeWarning", "when": "runtest", "filename": "/Users/colinaulds/Desktop/projects/markdown-brain-bot/src/rails/router.py", "lineno": 124}, {"message": "coroutine 'AsyncMockMixin._execute_mock_call' was never awaited", "category": "RuntimeWarning", "when": "runtest", "filename": "/Users/colinaulds/Desktop/projects/markdown-brain-bot/src/rails/router.py", "lineno": 124}, {"message": "coroutine 'AsyncMockMixin._execute_mock_call' was never awaited", "category": "RuntimeWarning", "when": "runtest", "filename": "/Users/colinaulds/Desktop/projects/markdown-brain-bot/tests/integration/test_rails_integration.py", "lineno": 1245}, {"message": "coroutine 'AsyncMockMixin._execute_mock_call' was never awaited", "category": "RuntimeWarning", "when": "runtest", "filename": "/Users/colinaulds/Desktop/projects/markdown-brain-bot/src/rails/router.py", "lineno": 124}, {"message": "coroutine 'AsyncMockMixin._execute_mock_call' was never awaited", "category": "RuntimeWarning", "when": "runtest", "filename": "/Users/colinaulds/Desktop/projects/markdown-brain-bot/src/rails/processors/list_processor.py", "lineno": 113}, {"message": "Expected None, but tests/integration/test_s3_connection.py::test_s3_connection_edge_cases returned True, which will be an error in a future version of pytest.  Did you mean to use `assert` instead of `return`?", "category": "PytestReturnNotNoneWarning", "when": "runtest", "filename": "/Users/colinaulds/Library/Python/3.9/lib/python/site-packages/_pytest/python.py", "lineno": 163}, {"message": "Expected None, but tests/integration/test_s3_connection.py::test_s3_connection returned True, which will be an error in a future version of pytest.  Did you mean to use `assert` instead of `return`?", "category": "PytestReturnNotNoneWarning", "when": "runtest", "filename": "/Users/colinaulds/Library/Python/3.9/lib/python/site-packages/_pytest/python.py", "lineno": 163}]}